<?xml version="1.0" encoding="UTF-8"?>
<!-- Generated by org.testng.reporters.JUnitXMLReporter -->
<testsuite hostname="HJNZL001997" ignored="0" name="FirefoxTest" tests="16" failures="2" timestamp="15 Dec 2021 09:16:55 GMT" time="8.292" errors="0">
  <testcase name="@BeforeClass setup" time="8.223" classname="pages.BaseClass">
    <failure type="java.lang.NullPointerException">
      <![CDATA[java.lang.NullPointerException
	at pages.HomePage.<init>(HomePage.java:74)
	at pages.BaseClass.setup(BaseClass.java:67)
... Removed 25 stack frames]]>
    </failure>
  </testcase> <!-- @BeforeClass setup -->
  <testcase name="@AfterClass teardown" time="0.0" classname="pages.BaseClass">
    <skipped/>
  </testcase> <!-- @AfterClass teardown -->
  <testcase name="@BeforeClass setup" time="0.0" classname="pages.BaseClass">
    <skipped/>
  </testcase> <!-- @BeforeClass setup -->
  <testcase name="@AfterClass teardown" time="0.0" classname="pages.BaseClass">
    <skipped/>
  </testcase> <!-- @AfterClass teardown -->
  <testcase name="@BeforeClass setup" time="0.0" classname="pages.BaseClass">
    <skipped/>
  </testcase> <!-- @BeforeClass setup -->
  <testcase name="@AfterClass teardown" time="0.0" classname="pages.BaseClass">
    <skipped/>
  </testcase> <!-- @AfterClass teardown -->
  <testcase name="TC1_verifyAllFieldsPresent" time="0.0" classname="testcases.RegistrationTest">
    <skipped/>
  </testcase> <!-- TC1_verifyAllFieldsPresent -->
  <testcase name="TC5_verifyTabFunctionality" time="0.0" classname="testcases.RegistrationTest">
    <skipped/>
  </testcase> <!-- TC5_verifyTabFunctionality -->
  <testcase name="TC6_registerWithoutData" time="0.0" classname="testcases.RegistrationTest">
    <skipped/>
  </testcase> <!-- TC6_registerWithoutData -->
  <testcase name="TC1_verifyAllFieldsPresent" time="0.0" classname="testcases.SigninTest">
    <skipped/>
  </testcase> <!-- TC1_verifyAllFieldsPresent -->
  <testcase name="TC2_verifyAllLabels" time="0.0" classname="testcases.SigninTest">
    <skipped/>
  </testcase> <!-- TC2_verifyAllLabels -->
  <testcase name="TC3_verifySigninPageLoadsWithoutData" time="0.0" classname="testcases.SigninTest">
    <skipped/>
  </testcase> <!-- TC3_verifySigninPageLoadsWithoutData -->
  <testcase name="TC4_verifyTabFunctionality" time="0.0" classname="testcases.SigninTest">
    <skipped/>
  </testcase> <!-- TC4_verifyTabFunctionality -->
  <testcase name="TC5_verifySigninWithValidData" time="0.0" classname="testcases.SigninTest">
    <failure type="org.testng.TestNGException" message="
Method public void testcases.SigninTest.TC5_verifySigninWithValidData(java.lang.String,java.lang.String) requires a @DataProvider named : signinData">
      <![CDATA[org.testng.TestNGException: 
Method public void testcases.SigninTest.TC5_verifySigninWithValidData(java.lang.String,java.lang.String) requires a @DataProvider named : signinData
... Removed 22 stack frames]]>
    </failure>
  </testcase> <!-- TC5_verifySigninWithValidData -->
  <testcase name="TC6_verifyEnterfunctionality" time="0.0" classname="testcases.SigninTest">
    <failure type="org.testng.TestNGException" message="
Method public void testcases.SigninTest.TC6_verifyEnterfunctionality(java.lang.String,java.lang.String) requires a @DataProvider named : signinData">
      <![CDATA[org.testng.TestNGException: 
Method public void testcases.SigninTest.TC6_verifyEnterfunctionality(java.lang.String,java.lang.String) requires a @DataProvider named : signinData
... Removed 22 stack frames]]>
    </failure>
  </testcase> <!-- TC6_verifyEnterfunctionality -->
  <testcase name="TC7_verifyTheRegisterButton" time="0.0" classname="testcases.SigninTest">
    <skipped/>
  </testcase> <!-- TC7_verifyTheRegisterButton -->
  <testcase name="addToCart" time="0.0" classname="testcases.CategoryTest">
    <skipped/>
  </testcase> <!-- addToCart -->
  <testcase name="productLink" time="0.0" classname="testcases.CategoryTest">
    <skipped/>
  </testcase> <!-- productLink -->
  <testcase name="selectCategory" time="0.0" classname="testcases.CategoryTest">
    <skipped/>
  </testcase> <!-- selectCategory -->
  <testcase name="selectCollection" time="0.0" classname="testcases.CategoryTest">
    <skipped/>
  </testcase> <!-- selectCollection -->
  <testcase name="sortByName" time="0.0" classname="testcases.CategoryTest">
    <skipped/>
  </testcase> <!-- sortByName -->
  <testcase name="sortByPrice" time="0.0" classname="testcases.CategoryTest">
    <skipped/>
  </testcase> <!-- sortByPrice -->
</testsuite> <!-- FirefoxTest -->
