<html>
<head>
<title>TestNG:  Shopizer FirefoxTests</title>
<link href="../testng.css" rel="stylesheet" type="text/css" />
<link href="../my-testng.css" rel="stylesheet" type="text/css" />

<style type="text/css">
.log { display: none;} 
.stack-trace { display: none;} 
</style>
<script type="text/javascript">
<!--
function flip(e) {
  current = e.style.display;
  if (current == 'block') {
    e.style.display = 'none';
    return 0;
  }
  else {
    e.style.display = 'block';
    return 1;
  }
}

function toggleBox(szDivId, elem, msg1, msg2)
{
  var res = -1;  if (document.getElementById) {
    res = flip(document.getElementById(szDivId));
  }
  else if (document.all) {
    // this is the way old msie versions work
    res = flip(document.all[szDivId]);
  }
  if(elem) {
    if(res == 0) elem.innerHTML = msg1; else elem.innerHTML = msg2;
  }

}

function toggleAllBoxes() {
  if (document.getElementsByTagName) {
    d = document.getElementsByTagName('div');
    for (i = 0; i < d.length; i++) {
      if (d[i].className == 'log') {
        flip(d[i]);
      }
    }
  }
}

// -->
</script>

</head>
<body>
<h2 align='center'>Shopizer FirefoxTests</h2><table border='1' align="center">
<tr>
<td>Tests passed/Failed/Skipped:</td><td>48/14/0</td>
</tr><tr>
<td>Started on:</td><td>Fri Dec 17 14:13:34 IST 2021</td>
</tr>
<tr><td>Total time:</td><td>227 seconds (227367 ms)</td>
</tr><tr>
<td>Included groups:</td><td></td>
</tr><tr>
<td>Excluded groups:</td><td></td>
</tr>
</table><p/>
<small><i>(Hover the method name to see the test class name)</i></small><p/>
<table width='100%' border='1' class='invocation-failed'>
<tr><td colspan='4' align='center'><b>FAILED TESTS</b></td></tr>
<tr><td><b>Test method</b></td>
<td width="30%"><b>Exception</b></td>
<td width="10%"><b>Time (seconds)</b></td>
<td><b>Instance</b></td>
</tr>
<tr>
<td title='testcases.CheckoutTest.CountryDropDownTestCase()'><b>CountryDropDownTestCase</b><br>Test class: testcases.CheckoutTest</td>
<td><div><pre>org.openqa.selenium.interactions.MoveTargetOutOfBoundsException: (1138, -465) is out of bounds of viewport width (1280) and height (595)
Build info: version: &apos;4.1.0&apos;, revision: &apos;87802e897b&apos;
System info: host: &apos;HJNZL001997&apos;, ip: &apos;192.168.83.131&apos;, os.name: &apos;Windows 10&apos;, os.arch: &apos;amd64&apos;, os.version: &apos;10.0&apos;, java.version: &apos;1.8.0_92&apos;
Driver info: org.openqa.selenium.firefox.FirefoxDriver
Command: [07ad0e9a-4949-42ce-b61f-a6bdf7af5de9, actions {actions=[org.openqa.selenium.interactions.Sequence@7e9ffdff]}]
Capabilities {acceptInsecureCerts: true, browserName: firefox, browserVersion: 95.0, javascriptEnabled: true, moz:accessibilityChecks: false, moz:buildID: 20211129150630, moz:debuggerAddress: localhost:50852, moz:geckodriverVersion: 0.30.0, moz:headless: false, moz:processID: 25840, moz:profile: C:\Users\aditya_dhaygude\Ap..., moz:shutdownTimeout: 60000, moz:useNonSpecCompliantPointerOrigin: false, moz:webdriverClick: true, pageLoadStrategy: normal, platform: WINDOWS, platformName: WINDOWS, platformVersion: 10.0, proxy: Proxy(), se:cdp: ws://localhost:50852/devtoo..., se:cdpVersion: 85, setWindowRect: true, strictFileInteractability: false, timeouts: {implicit: 0, pageLoad: 300000, script: 30000}, unhandledPromptBehavior: dismiss and notify}
Session ID: 07ad0e9a-4949-42ce-b61f-a6bdf7af5de9
	at org.openqa.selenium.remote.codec.w3c.W3CHttpResponseCodec.createException(W3CHttpResponseCodec.java:200)
	at org.openqa.selenium.remote.codec.w3c.W3CHttpResponseCodec.decode(W3CHttpResponseCodec.java:133)
	at org.openqa.selenium.remote.codec.w3c.W3CHttpResponseCodec.decode(W3CHttpResponseCodec.java:53)
	at org.openqa.selenium.remote.HttpCommandExecutor.execute(HttpCommandExecutor.java:184)
	at org.openqa.selenium.remote.service.DriverCommandExecutor.invokeExecute(DriverCommandExecutor.java:164)
	at org.openqa.selenium.remote.service.DriverCommandExecutor.execute(DriverCommandExecutor.java:139)
	at org.openqa.selenium.remote.RemoteWebDriver.execute(RemoteWebDriver.java:559)
	at org.openqa.selenium.remote.RemoteWebDriver.perform(RemoteWebDriver.java:627)
	at org.openqa.selenium.interactions.Actions$BuiltAction.perform(Actions.java:617)
	at pages.CheckoutPage.setCountryName(CheckoutPage.java:157)
	at testcases.CheckoutTest.CountryDropDownTestCase(CheckoutTest.java:15)
... Removed 29 stack frames</pre></div><a href='#' onClick='toggleBox("stack-trace810323769", this, "Click to show all stack frames", "Click to hide stack frames")'>Click to show all stack frames</a>
<div class='stack-trace' id='stack-trace810323769'><pre>org.openqa.selenium.interactions.MoveTargetOutOfBoundsException: (1138, -465) is out of bounds of viewport width (1280) and height (595)
Build info: version: &apos;4.1.0&apos;, revision: &apos;87802e897b&apos;
System info: host: &apos;HJNZL001997&apos;, ip: &apos;192.168.83.131&apos;, os.name: &apos;Windows 10&apos;, os.arch: &apos;amd64&apos;, os.version: &apos;10.0&apos;, java.version: &apos;1.8.0_92&apos;
Driver info: org.openqa.selenium.firefox.FirefoxDriver
Command: [07ad0e9a-4949-42ce-b61f-a6bdf7af5de9, actions {actions=[org.openqa.selenium.interactions.Sequence@7e9ffdff]}]
Capabilities {acceptInsecureCerts: true, browserName: firefox, browserVersion: 95.0, javascriptEnabled: true, moz:accessibilityChecks: false, moz:buildID: 20211129150630, moz:debuggerAddress: localhost:50852, moz:geckodriverVersion: 0.30.0, moz:headless: false, moz:processID: 25840, moz:profile: C:\Users\aditya_dhaygude\Ap..., moz:shutdownTimeout: 60000, moz:useNonSpecCompliantPointerOrigin: false, moz:webdriverClick: true, pageLoadStrategy: normal, platform: WINDOWS, platformName: WINDOWS, platformVersion: 10.0, proxy: Proxy(), se:cdp: ws://localhost:50852/devtoo..., se:cdpVersion: 85, setWindowRect: true, strictFileInteractability: false, timeouts: {implicit: 0, pageLoad: 300000, script: 30000}, unhandledPromptBehavior: dismiss and notify}
Session ID: 07ad0e9a-4949-42ce-b61f-a6bdf7af5de9
	at sun.reflect.NativeConstructorAccessorImpl.newInstance0(Native Method)
	at sun.reflect.NativeConstructorAccessorImpl.newInstance(NativeConstructorAccessorImpl.java:62)
	at sun.reflect.DelegatingConstructorAccessorImpl.newInstance(DelegatingConstructorAccessorImpl.java:45)
	at java.lang.reflect.Constructor.newInstance(Constructor.java:423)
	at org.openqa.selenium.remote.codec.w3c.W3CHttpResponseCodec.createException(W3CHttpResponseCodec.java:200)
	at org.openqa.selenium.remote.codec.w3c.W3CHttpResponseCodec.decode(W3CHttpResponseCodec.java:133)
	at org.openqa.selenium.remote.codec.w3c.W3CHttpResponseCodec.decode(W3CHttpResponseCodec.java:53)
	at org.openqa.selenium.remote.HttpCommandExecutor.execute(HttpCommandExecutor.java:184)
	at org.openqa.selenium.remote.service.DriverCommandExecutor.invokeExecute(DriverCommandExecutor.java:164)
	at org.openqa.selenium.remote.service.DriverCommandExecutor.execute(DriverCommandExecutor.java:139)
	at org.openqa.selenium.remote.RemoteWebDriver.execute(RemoteWebDriver.java:559)
	at org.openqa.selenium.remote.RemoteWebDriver.perform(RemoteWebDriver.java:627)
	at org.openqa.selenium.interactions.Actions$BuiltAction.perform(Actions.java:617)
	at pages.CheckoutPage.setCountryName(CheckoutPage.java:157)
	at testcases.CheckoutTest.CountryDropDownTestCase(CheckoutTest.java:15)
	at sun.reflect.NativeMethodAccessorImpl.invoke0(Native Method)
	at sun.reflect.NativeMethodAccessorImpl.invoke(NativeMethodAccessorImpl.java:62)
	at sun.reflect.DelegatingMethodAccessorImpl.invoke(DelegatingMethodAccessorImpl.java:43)
	at java.lang.reflect.Method.invoke(Method.java:498)
	at org.testng.internal.MethodInvocationHelper.invokeMethod(MethodInvocationHelper.java:108)
	at org.testng.internal.Invoker.invokeMethod(Invoker.java:661)
	at org.testng.internal.Invoker.invokeTestMethod(Invoker.java:869)
	at org.testng.internal.Invoker.invokeTestMethods(Invoker.java:1193)
	at org.testng.internal.TestMethodWorker.invokeTestMethods(TestMethodWorker.java:126)
	at org.testng.internal.TestMethodWorker.run(TestMethodWorker.java:109)
	at org.testng.TestRunner.privateRun(TestRunner.java:744)
	at org.testng.TestRunner.run(TestRunner.java:602)
	at org.testng.SuiteRunner.runTest(SuiteRunner.java:380)
	at org.testng.SuiteRunner.runSequentially(SuiteRunner.java:375)
	at org.testng.SuiteRunner.privateRun(SuiteRunner.java:340)
	at org.testng.SuiteRunner.run(SuiteRunner.java:289)
	at org.testng.SuiteRunnerWorker.runSuite(SuiteRunnerWorker.java:52)
	at org.testng.SuiteRunnerWorker.run(SuiteRunnerWorker.java:86)
	at org.testng.TestNG.runSuitesSequentially(TestNG.java:1301)
	at org.testng.TestNG.runSuitesLocally(TestNG.java:1226)
	at org.testng.TestNG.runSuites(TestNG.java:1144)
	at org.testng.TestNG.run(TestNG.java:1115)
	at org.testng.remote.AbstractRemoteTestNG.run(AbstractRemoteTestNG.java:132)
	at org.testng.remote.RemoteTestNG.initAndRun(RemoteTestNG.java:230)
	at org.testng.remote.RemoteTestNG.main(RemoteTestNG.java:76)
</pre></div></td>
<td>7</td>
<td>testcases.CheckoutTest@3e77a1ed</td></tr>
<tr>
<td title='testcases.RegistrationTest.TC7_registrationWithValidData()'><b>TC7_registrationWithValidData</b><br>Test class: testcases.RegistrationTest<br>Parameters: Jeremiah, Hart, India, Maharashtra, oechslin@sbcglobal.net, Abcd@126, Abcd@126</td>
<td><div><pre>java.lang.AssertionError: 
Expected: is &quot;Welcome Jeremiah&quot;
     but: was &quot;My Account&quot;
	at org.hamcrest.MatcherAssert.assertThat(MatcherAssert.java:20)
	at org.junit.Assert.assertThat(Assert.java:956)
	at org.junit.Assert.assertThat(Assert.java:923)
	at pages.RegistrationPage.verifyAccountLogin(RegistrationPage.java:98)
	at testcases.RegistrationTest.TC7_registrationWithValidData(RegistrationTest.java:111)
... Removed 25 stack frames</pre></div><a href='#' onClick='toggleBox("stack-trace821797638", this, "Click to show all stack frames", "Click to hide stack frames")'>Click to show all stack frames</a>
<div class='stack-trace' id='stack-trace821797638'><pre>java.lang.AssertionError: 
Expected: is &quot;Welcome Jeremiah&quot;
     but: was &quot;My Account&quot;
	at org.hamcrest.MatcherAssert.assertThat(MatcherAssert.java:20)
	at org.junit.Assert.assertThat(Assert.java:956)
	at org.junit.Assert.assertThat(Assert.java:923)
	at pages.RegistrationPage.verifyAccountLogin(RegistrationPage.java:98)
	at testcases.RegistrationTest.TC7_registrationWithValidData(RegistrationTest.java:111)
	at sun.reflect.NativeMethodAccessorImpl.invoke0(Native Method)
	at sun.reflect.NativeMethodAccessorImpl.invoke(NativeMethodAccessorImpl.java:62)
	at sun.reflect.DelegatingMethodAccessorImpl.invoke(DelegatingMethodAccessorImpl.java:43)
	at java.lang.reflect.Method.invoke(Method.java:498)
	at org.testng.internal.MethodInvocationHelper.invokeMethod(MethodInvocationHelper.java:108)
	at org.testng.internal.Invoker.invokeMethod(Invoker.java:661)
	at org.testng.internal.Invoker.invokeTestMethod(Invoker.java:869)
	at org.testng.internal.Invoker.invokeTestMethods(Invoker.java:1193)
	at org.testng.internal.TestMethodWorker.invokeTestMethods(TestMethodWorker.java:126)
	at org.testng.internal.TestMethodWorker.run(TestMethodWorker.java:109)
	at org.testng.TestRunner.privateRun(TestRunner.java:744)
	at org.testng.TestRunner.run(TestRunner.java:602)
	at org.testng.SuiteRunner.runTest(SuiteRunner.java:380)
	at org.testng.SuiteRunner.runSequentially(SuiteRunner.java:375)
	at org.testng.SuiteRunner.privateRun(SuiteRunner.java:340)
	at org.testng.SuiteRunner.run(SuiteRunner.java:289)
	at org.testng.SuiteRunnerWorker.runSuite(SuiteRunnerWorker.java:52)
	at org.testng.SuiteRunnerWorker.run(SuiteRunnerWorker.java:86)
	at org.testng.TestNG.runSuitesSequentially(TestNG.java:1301)
	at org.testng.TestNG.runSuitesLocally(TestNG.java:1226)
	at org.testng.TestNG.runSuites(TestNG.java:1144)
	at org.testng.TestNG.run(TestNG.java:1115)
	at org.testng.remote.AbstractRemoteTestNG.run(AbstractRemoteTestNG.java:132)
	at org.testng.remote.RemoteTestNG.initAndRun(RemoteTestNG.java:230)
	at org.testng.remote.RemoteTestNG.main(RemoteTestNG.java:76)
</pre></div></td>
<td>1</td>
<td>testcases.RegistrationTest@4df828d7</td></tr>
<tr>
<td title='testcases.RegistrationTest.TC7_registrationWithValidData()'><b>TC7_registrationWithValidData</b><br>Test class: testcases.RegistrationTest<br>Parameters: Jaylon, Pugh, India, Maharashtra, goresky@aol.com, Abcd@127, Abcd@127</td>
<td><div><pre>java.lang.AssertionError: 
Expected: is &quot;Welcome Jaylon&quot;
     but: was &quot;My Account&quot;
	at org.hamcrest.MatcherAssert.assertThat(MatcherAssert.java:20)
	at org.junit.Assert.assertThat(Assert.java:956)
	at org.junit.Assert.assertThat(Assert.java:923)
	at pages.RegistrationPage.verifyAccountLogin(RegistrationPage.java:98)
	at testcases.RegistrationTest.TC7_registrationWithValidData(RegistrationTest.java:111)
... Removed 25 stack frames</pre></div><a href='#' onClick='toggleBox("stack-trace828999620", this, "Click to show all stack frames", "Click to hide stack frames")'>Click to show all stack frames</a>
<div class='stack-trace' id='stack-trace828999620'><pre>java.lang.AssertionError: 
Expected: is &quot;Welcome Jaylon&quot;
     but: was &quot;My Account&quot;
	at org.hamcrest.MatcherAssert.assertThat(MatcherAssert.java:20)
	at org.junit.Assert.assertThat(Assert.java:956)
	at org.junit.Assert.assertThat(Assert.java:923)
	at pages.RegistrationPage.verifyAccountLogin(RegistrationPage.java:98)
	at testcases.RegistrationTest.TC7_registrationWithValidData(RegistrationTest.java:111)
	at sun.reflect.NativeMethodAccessorImpl.invoke0(Native Method)
	at sun.reflect.NativeMethodAccessorImpl.invoke(NativeMethodAccessorImpl.java:62)
	at sun.reflect.DelegatingMethodAccessorImpl.invoke(DelegatingMethodAccessorImpl.java:43)
	at java.lang.reflect.Method.invoke(Method.java:498)
	at org.testng.internal.MethodInvocationHelper.invokeMethod(MethodInvocationHelper.java:108)
	at org.testng.internal.Invoker.invokeMethod(Invoker.java:661)
	at org.testng.internal.Invoker.invokeTestMethod(Invoker.java:869)
	at org.testng.internal.Invoker.invokeTestMethods(Invoker.java:1193)
	at org.testng.internal.TestMethodWorker.invokeTestMethods(TestMethodWorker.java:126)
	at org.testng.internal.TestMethodWorker.run(TestMethodWorker.java:109)
	at org.testng.TestRunner.privateRun(TestRunner.java:744)
	at org.testng.TestRunner.run(TestRunner.java:602)
	at org.testng.SuiteRunner.runTest(SuiteRunner.java:380)
	at org.testng.SuiteRunner.runSequentially(SuiteRunner.java:375)
	at org.testng.SuiteRunner.privateRun(SuiteRunner.java:340)
	at org.testng.SuiteRunner.run(SuiteRunner.java:289)
	at org.testng.SuiteRunnerWorker.runSuite(SuiteRunnerWorker.java:52)
	at org.testng.SuiteRunnerWorker.run(SuiteRunnerWorker.java:86)
	at org.testng.TestNG.runSuitesSequentially(TestNG.java:1301)
	at org.testng.TestNG.runSuitesLocally(TestNG.java:1226)
	at org.testng.TestNG.runSuites(TestNG.java:1144)
	at org.testng.TestNG.run(TestNG.java:1115)
	at org.testng.remote.AbstractRemoteTestNG.run(AbstractRemoteTestNG.java:132)
	at org.testng.remote.RemoteTestNG.initAndRun(RemoteTestNG.java:230)
	at org.testng.remote.RemoteTestNG.main(RemoteTestNG.java:76)
</pre></div></td>
<td>1</td>
<td>testcases.RegistrationTest@4df828d7</td></tr>
<tr>
<td title='testcases.RegistrationTest.TC8_verifyEnterFunctionality()'><b>TC8_verifyEnterFunctionality</b><br>Test class: testcases.RegistrationTest</td>
<td><div><pre>java.lang.AssertionError: 
Expected: is &quot;Welcome TestFN&quot;
     but: was &quot;My Account&quot;
	at org.hamcrest.MatcherAssert.assertThat(MatcherAssert.java:20)
	at org.junit.Assert.assertThat(Assert.java:956)
	at org.junit.Assert.assertThat(Assert.java:923)
	at pages.RegistrationPage.verifyAccountLogin(RegistrationPage.java:98)
	at testcases.RegistrationTest.TC8_verifyEnterFunctionality(RegistrationTest.java:130)
... Removed 25 stack frames</pre></div><a href='#' onClick='toggleBox("stack-trace951902957", this, "Click to show all stack frames", "Click to hide stack frames")'>Click to show all stack frames</a>
<div class='stack-trace' id='stack-trace951902957'><pre>java.lang.AssertionError: 
Expected: is &quot;Welcome TestFN&quot;
     but: was &quot;My Account&quot;
	at org.hamcrest.MatcherAssert.assertThat(MatcherAssert.java:20)
	at org.junit.Assert.assertThat(Assert.java:956)
	at org.junit.Assert.assertThat(Assert.java:923)
	at pages.RegistrationPage.verifyAccountLogin(RegistrationPage.java:98)
	at testcases.RegistrationTest.TC8_verifyEnterFunctionality(RegistrationTest.java:130)
	at sun.reflect.NativeMethodAccessorImpl.invoke0(Native Method)
	at sun.reflect.NativeMethodAccessorImpl.invoke(NativeMethodAccessorImpl.java:62)
	at sun.reflect.DelegatingMethodAccessorImpl.invoke(DelegatingMethodAccessorImpl.java:43)
	at java.lang.reflect.Method.invoke(Method.java:498)
	at org.testng.internal.MethodInvocationHelper.invokeMethod(MethodInvocationHelper.java:108)
	at org.testng.internal.Invoker.invokeMethod(Invoker.java:661)
	at org.testng.internal.Invoker.invokeTestMethod(Invoker.java:869)
	at org.testng.internal.Invoker.invokeTestMethods(Invoker.java:1193)
	at org.testng.internal.TestMethodWorker.invokeTestMethods(TestMethodWorker.java:126)
	at org.testng.internal.TestMethodWorker.run(TestMethodWorker.java:109)
	at org.testng.TestRunner.privateRun(TestRunner.java:744)
	at org.testng.TestRunner.run(TestRunner.java:602)
	at org.testng.SuiteRunner.runTest(SuiteRunner.java:380)
	at org.testng.SuiteRunner.runSequentially(SuiteRunner.java:375)
	at org.testng.SuiteRunner.privateRun(SuiteRunner.java:340)
	at org.testng.SuiteRunner.run(SuiteRunner.java:289)
	at org.testng.SuiteRunnerWorker.runSuite(SuiteRunnerWorker.java:52)
	at org.testng.SuiteRunnerWorker.run(SuiteRunnerWorker.java:86)
	at org.testng.TestNG.runSuitesSequentially(TestNG.java:1301)
	at org.testng.TestNG.runSuitesLocally(TestNG.java:1226)
	at org.testng.TestNG.runSuites(TestNG.java:1144)
	at org.testng.TestNG.run(TestNG.java:1115)
	at org.testng.remote.AbstractRemoteTestNG.run(AbstractRemoteTestNG.java:132)
	at org.testng.remote.RemoteTestNG.initAndRun(RemoteTestNG.java:230)
	at org.testng.remote.RemoteTestNG.main(RemoteTestNG.java:76)
</pre></div></td>
<td>1</td>
<td>testcases.RegistrationTest@4df828d7</td></tr>
<tr>
<td title='testcases.CheckoutTest.lowerCaseTestCase()'><b>lowerCaseTestCase</b><br>Test class: testcases.CheckoutTest</td>
<td><div><pre>org.openqa.selenium.interactions.MoveTargetOutOfBoundsException: (1138, -465) is out of bounds of viewport width (1280) and height (595)
Build info: version: &apos;4.1.0&apos;, revision: &apos;87802e897b&apos;
System info: host: &apos;HJNZL001997&apos;, ip: &apos;192.168.83.131&apos;, os.name: &apos;Windows 10&apos;, os.arch: &apos;amd64&apos;, os.version: &apos;10.0&apos;, java.version: &apos;1.8.0_92&apos;
Driver info: org.openqa.selenium.firefox.FirefoxDriver
Command: [07ad0e9a-4949-42ce-b61f-a6bdf7af5de9, actions {actions=[org.openqa.selenium.interactions.Sequence@713d2fe8]}]
Capabilities {acceptInsecureCerts: true, browserName: firefox, browserVersion: 95.0, javascriptEnabled: true, moz:accessibilityChecks: false, moz:buildID: 20211129150630, moz:debuggerAddress: localhost:50852, moz:geckodriverVersion: 0.30.0, moz:headless: false, moz:processID: 25840, moz:profile: C:\Users\aditya_dhaygude\Ap..., moz:shutdownTimeout: 60000, moz:useNonSpecCompliantPointerOrigin: false, moz:webdriverClick: true, pageLoadStrategy: normal, platform: WINDOWS, platformName: WINDOWS, platformVersion: 10.0, proxy: Proxy(), se:cdp: ws://localhost:50852/devtoo..., se:cdpVersion: 85, setWindowRect: true, strictFileInteractability: false, timeouts: {implicit: 0, pageLoad: 300000, script: 30000}, unhandledPromptBehavior: dismiss and notify}
Session ID: 07ad0e9a-4949-42ce-b61f-a6bdf7af5de9
	at org.openqa.selenium.remote.codec.w3c.W3CHttpResponseCodec.createException(W3CHttpResponseCodec.java:200)
	at org.openqa.selenium.remote.codec.w3c.W3CHttpResponseCodec.decode(W3CHttpResponseCodec.java:133)
	at org.openqa.selenium.remote.codec.w3c.W3CHttpResponseCodec.decode(W3CHttpResponseCodec.java:53)
	at org.openqa.selenium.remote.HttpCommandExecutor.execute(HttpCommandExecutor.java:184)
	at org.openqa.selenium.remote.service.DriverCommandExecutor.invokeExecute(DriverCommandExecutor.java:164)
	at org.openqa.selenium.remote.service.DriverCommandExecutor.execute(DriverCommandExecutor.java:139)
	at org.openqa.selenium.remote.RemoteWebDriver.execute(RemoteWebDriver.java:559)
	at org.openqa.selenium.remote.RemoteWebDriver.perform(RemoteWebDriver.java:627)
	at org.openqa.selenium.interactions.Actions$BuiltAction.perform(Actions.java:617)
	at pages.CheckoutPage.textInLowerCase(CheckoutPage.java:78)
	at testcases.CheckoutTest.lowerCaseTestCase(CheckoutTest.java:47)
... Removed 29 stack frames</pre></div><a href='#' onClick='toggleBox("stack-trace1809712397", this, "Click to show all stack frames", "Click to hide stack frames")'>Click to show all stack frames</a>
<div class='stack-trace' id='stack-trace1809712397'><pre>org.openqa.selenium.interactions.MoveTargetOutOfBoundsException: (1138, -465) is out of bounds of viewport width (1280) and height (595)
Build info: version: &apos;4.1.0&apos;, revision: &apos;87802e897b&apos;
System info: host: &apos;HJNZL001997&apos;, ip: &apos;192.168.83.131&apos;, os.name: &apos;Windows 10&apos;, os.arch: &apos;amd64&apos;, os.version: &apos;10.0&apos;, java.version: &apos;1.8.0_92&apos;
Driver info: org.openqa.selenium.firefox.FirefoxDriver
Command: [07ad0e9a-4949-42ce-b61f-a6bdf7af5de9, actions {actions=[org.openqa.selenium.interactions.Sequence@713d2fe8]}]
Capabilities {acceptInsecureCerts: true, browserName: firefox, browserVersion: 95.0, javascriptEnabled: true, moz:accessibilityChecks: false, moz:buildID: 20211129150630, moz:debuggerAddress: localhost:50852, moz:geckodriverVersion: 0.30.0, moz:headless: false, moz:processID: 25840, moz:profile: C:\Users\aditya_dhaygude\Ap..., moz:shutdownTimeout: 60000, moz:useNonSpecCompliantPointerOrigin: false, moz:webdriverClick: true, pageLoadStrategy: normal, platform: WINDOWS, platformName: WINDOWS, platformVersion: 10.0, proxy: Proxy(), se:cdp: ws://localhost:50852/devtoo..., se:cdpVersion: 85, setWindowRect: true, strictFileInteractability: false, timeouts: {implicit: 0, pageLoad: 300000, script: 30000}, unhandledPromptBehavior: dismiss and notify}
Session ID: 07ad0e9a-4949-42ce-b61f-a6bdf7af5de9
	at sun.reflect.NativeConstructorAccessorImpl.newInstance0(Native Method)
	at sun.reflect.NativeConstructorAccessorImpl.newInstance(NativeConstructorAccessorImpl.java:62)
	at sun.reflect.DelegatingConstructorAccessorImpl.newInstance(DelegatingConstructorAccessorImpl.java:45)
	at java.lang.reflect.Constructor.newInstance(Constructor.java:423)
	at org.openqa.selenium.remote.codec.w3c.W3CHttpResponseCodec.createException(W3CHttpResponseCodec.java:200)
	at org.openqa.selenium.remote.codec.w3c.W3CHttpResponseCodec.decode(W3CHttpResponseCodec.java:133)
	at org.openqa.selenium.remote.codec.w3c.W3CHttpResponseCodec.decode(W3CHttpResponseCodec.java:53)
	at org.openqa.selenium.remote.HttpCommandExecutor.execute(HttpCommandExecutor.java:184)
	at org.openqa.selenium.remote.service.DriverCommandExecutor.invokeExecute(DriverCommandExecutor.java:164)
	at org.openqa.selenium.remote.service.DriverCommandExecutor.execute(DriverCommandExecutor.java:139)
	at org.openqa.selenium.remote.RemoteWebDriver.execute(RemoteWebDriver.java:559)
	at org.openqa.selenium.remote.RemoteWebDriver.perform(RemoteWebDriver.java:627)
	at org.openqa.selenium.interactions.Actions$BuiltAction.perform(Actions.java:617)
	at pages.CheckoutPage.textInLowerCase(CheckoutPage.java:78)
	at testcases.CheckoutTest.lowerCaseTestCase(CheckoutTest.java:47)
	at sun.reflect.NativeMethodAccessorImpl.invoke0(Native Method)
	at sun.reflect.NativeMethodAccessorImpl.invoke(NativeMethodAccessorImpl.java:62)
	at sun.reflect.DelegatingMethodAccessorImpl.invoke(DelegatingMethodAccessorImpl.java:43)
	at java.lang.reflect.Method.invoke(Method.java:498)
	at org.testng.internal.MethodInvocationHelper.invokeMethod(MethodInvocationHelper.java:108)
	at org.testng.internal.Invoker.invokeMethod(Invoker.java:661)
	at org.testng.internal.Invoker.invokeTestMethod(Invoker.java:869)
	at org.testng.internal.Invoker.invokeTestMethods(Invoker.java:1193)
	at org.testng.internal.TestMethodWorker.invokeTestMethods(TestMethodWorker.java:126)
	at org.testng.internal.TestMethodWorker.run(TestMethodWorker.java:109)
	at org.testng.TestRunner.privateRun(TestRunner.java:744)
	at org.testng.TestRunner.run(TestRunner.java:602)
	at org.testng.SuiteRunner.runTest(SuiteRunner.java:380)
	at org.testng.SuiteRunner.runSequentially(SuiteRunner.java:375)
	at org.testng.SuiteRunner.privateRun(SuiteRunner.java:340)
	at org.testng.SuiteRunner.run(SuiteRunner.java:289)
	at org.testng.SuiteRunnerWorker.runSuite(SuiteRunnerWorker.java:52)
	at org.testng.SuiteRunnerWorker.run(SuiteRunnerWorker.java:86)
	at org.testng.TestNG.runSuitesSequentially(TestNG.java:1301)
	at org.testng.TestNG.runSuitesLocally(TestNG.java:1226)
	at org.testng.TestNG.runSuites(TestNG.java:1144)
	at org.testng.TestNG.run(TestNG.java:1115)
	at org.testng.remote.AbstractRemoteTestNG.run(AbstractRemoteTestNG.java:132)
	at org.testng.remote.RemoteTestNG.initAndRun(RemoteTestNG.java:230)
	at org.testng.remote.RemoteTestNG.main(RemoteTestNG.java:76)
</pre></div></td>
<td>3</td>
<td>testcases.CheckoutTest@3e77a1ed</td></tr>
<tr>
<td title='testcases.CategoryTest.productLink()'><b>productLink</b><br>Test class: testcases.CategoryTest</td>
<td><div><pre>java.lang.AssertionError: 
Expected: is &quot;Vintage courier bag&quot;
     but: was &quot;Vintage Bags - Handbags&quot;
	at org.hamcrest.MatcherAssert.assertThat(MatcherAssert.java:20)
	at org.junit.Assert.assertThat(Assert.java:956)
	at org.junit.Assert.assertThat(Assert.java:923)
	at pages.CategoryPage.assertTitle(CategoryPage.java:99)
	at testcases.CategoryTest.productLink(CategoryTest.java:49)
... Removed 25 stack frames</pre></div><a href='#' onClick='toggleBox("stack-trace529871496", this, "Click to show all stack frames", "Click to hide stack frames")'>Click to show all stack frames</a>
<div class='stack-trace' id='stack-trace529871496'><pre>java.lang.AssertionError: 
Expected: is &quot;Vintage courier bag&quot;
     but: was &quot;Vintage Bags - Handbags&quot;
	at org.hamcrest.MatcherAssert.assertThat(MatcherAssert.java:20)
	at org.junit.Assert.assertThat(Assert.java:956)
	at org.junit.Assert.assertThat(Assert.java:923)
	at pages.CategoryPage.assertTitle(CategoryPage.java:99)
	at testcases.CategoryTest.productLink(CategoryTest.java:49)
	at sun.reflect.NativeMethodAccessorImpl.invoke0(Native Method)
	at sun.reflect.NativeMethodAccessorImpl.invoke(NativeMethodAccessorImpl.java:62)
	at sun.reflect.DelegatingMethodAccessorImpl.invoke(DelegatingMethodAccessorImpl.java:43)
	at java.lang.reflect.Method.invoke(Method.java:498)
	at org.testng.internal.MethodInvocationHelper.invokeMethod(MethodInvocationHelper.java:108)
	at org.testng.internal.Invoker.invokeMethod(Invoker.java:661)
	at org.testng.internal.Invoker.invokeTestMethod(Invoker.java:869)
	at org.testng.internal.Invoker.invokeTestMethods(Invoker.java:1193)
	at org.testng.internal.TestMethodWorker.invokeTestMethods(TestMethodWorker.java:126)
	at org.testng.internal.TestMethodWorker.run(TestMethodWorker.java:109)
	at org.testng.TestRunner.privateRun(TestRunner.java:744)
	at org.testng.TestRunner.run(TestRunner.java:602)
	at org.testng.SuiteRunner.runTest(SuiteRunner.java:380)
	at org.testng.SuiteRunner.runSequentially(SuiteRunner.java:375)
	at org.testng.SuiteRunner.privateRun(SuiteRunner.java:340)
	at org.testng.SuiteRunner.run(SuiteRunner.java:289)
	at org.testng.SuiteRunnerWorker.runSuite(SuiteRunnerWorker.java:52)
	at org.testng.SuiteRunnerWorker.run(SuiteRunnerWorker.java:86)
	at org.testng.TestNG.runSuitesSequentially(TestNG.java:1301)
	at org.testng.TestNG.runSuitesLocally(TestNG.java:1226)
	at org.testng.TestNG.runSuites(TestNG.java:1144)
	at org.testng.TestNG.run(TestNG.java:1115)
	at org.testng.remote.AbstractRemoteTestNG.run(AbstractRemoteTestNG.java:132)
	at org.testng.remote.RemoteTestNG.initAndRun(RemoteTestNG.java:230)
	at org.testng.remote.RemoteTestNG.main(RemoteTestNG.java:76)
</pre></div></td>
<td>1</td>
<td>testcases.CategoryTest@11e21d0e</td></tr>
<tr>
<td title='testcases.CheckoutTest.shipToDifferentAddTC()'><b>shipToDifferentAddTC</b><br>Test class: testcases.CheckoutTest</td>
<td><div><pre>org.openqa.selenium.interactions.MoveTargetOutOfBoundsException: (1138, -465) is out of bounds of viewport width (1280) and height (595)
Build info: version: &apos;4.1.0&apos;, revision: &apos;87802e897b&apos;
System info: host: &apos;HJNZL001997&apos;, ip: &apos;192.168.83.131&apos;, os.name: &apos;Windows 10&apos;, os.arch: &apos;amd64&apos;, os.version: &apos;10.0&apos;, java.version: &apos;1.8.0_92&apos;
Driver info: org.openqa.selenium.firefox.FirefoxDriver
Command: [07ad0e9a-4949-42ce-b61f-a6bdf7af5de9, actions {actions=[org.openqa.selenium.interactions.Sequence@61f94cac]}]
Capabilities {acceptInsecureCerts: true, browserName: firefox, browserVersion: 95.0, javascriptEnabled: true, moz:accessibilityChecks: false, moz:buildID: 20211129150630, moz:debuggerAddress: localhost:50852, moz:geckodriverVersion: 0.30.0, moz:headless: false, moz:processID: 25840, moz:profile: C:\Users\aditya_dhaygude\Ap..., moz:shutdownTimeout: 60000, moz:useNonSpecCompliantPointerOrigin: false, moz:webdriverClick: true, pageLoadStrategy: normal, platform: WINDOWS, platformName: WINDOWS, platformVersion: 10.0, proxy: Proxy(), se:cdp: ws://localhost:50852/devtoo..., se:cdpVersion: 85, setWindowRect: true, strictFileInteractability: false, timeouts: {implicit: 0, pageLoad: 300000, script: 30000}, unhandledPromptBehavior: dismiss and notify}
Session ID: 07ad0e9a-4949-42ce-b61f-a6bdf7af5de9
	at org.openqa.selenium.remote.codec.w3c.W3CHttpResponseCodec.createException(W3CHttpResponseCodec.java:200)
	at org.openqa.selenium.remote.codec.w3c.W3CHttpResponseCodec.decode(W3CHttpResponseCodec.java:133)
	at org.openqa.selenium.remote.codec.w3c.W3CHttpResponseCodec.decode(W3CHttpResponseCodec.java:53)
	at org.openqa.selenium.remote.HttpCommandExecutor.execute(HttpCommandExecutor.java:184)
	at org.openqa.selenium.remote.service.DriverCommandExecutor.invokeExecute(DriverCommandExecutor.java:164)
	at org.openqa.selenium.remote.service.DriverCommandExecutor.execute(DriverCommandExecutor.java:139)
	at org.openqa.selenium.remote.RemoteWebDriver.execute(RemoteWebDriver.java:559)
	at org.openqa.selenium.remote.RemoteWebDriver.perform(RemoteWebDriver.java:627)
	at org.openqa.selenium.interactions.Actions$BuiltAction.perform(Actions.java:617)
	at pages.CheckoutPage.shipToDiffAdd(CheckoutPage.java:40)
	at testcases.CheckoutTest.shipToDifferentAddTC(CheckoutTest.java:59)
... Removed 29 stack frames</pre></div><a href='#' onClick='toggleBox("stack-trace2146855553", this, "Click to show all stack frames", "Click to hide stack frames")'>Click to show all stack frames</a>
<div class='stack-trace' id='stack-trace2146855553'><pre>org.openqa.selenium.interactions.MoveTargetOutOfBoundsException: (1138, -465) is out of bounds of viewport width (1280) and height (595)
Build info: version: &apos;4.1.0&apos;, revision: &apos;87802e897b&apos;
System info: host: &apos;HJNZL001997&apos;, ip: &apos;192.168.83.131&apos;, os.name: &apos;Windows 10&apos;, os.arch: &apos;amd64&apos;, os.version: &apos;10.0&apos;, java.version: &apos;1.8.0_92&apos;
Driver info: org.openqa.selenium.firefox.FirefoxDriver
Command: [07ad0e9a-4949-42ce-b61f-a6bdf7af5de9, actions {actions=[org.openqa.selenium.interactions.Sequence@61f94cac]}]
Capabilities {acceptInsecureCerts: true, browserName: firefox, browserVersion: 95.0, javascriptEnabled: true, moz:accessibilityChecks: false, moz:buildID: 20211129150630, moz:debuggerAddress: localhost:50852, moz:geckodriverVersion: 0.30.0, moz:headless: false, moz:processID: 25840, moz:profile: C:\Users\aditya_dhaygude\Ap..., moz:shutdownTimeout: 60000, moz:useNonSpecCompliantPointerOrigin: false, moz:webdriverClick: true, pageLoadStrategy: normal, platform: WINDOWS, platformName: WINDOWS, platformVersion: 10.0, proxy: Proxy(), se:cdp: ws://localhost:50852/devtoo..., se:cdpVersion: 85, setWindowRect: true, strictFileInteractability: false, timeouts: {implicit: 0, pageLoad: 300000, script: 30000}, unhandledPromptBehavior: dismiss and notify}
Session ID: 07ad0e9a-4949-42ce-b61f-a6bdf7af5de9
	at sun.reflect.NativeConstructorAccessorImpl.newInstance0(Native Method)
	at sun.reflect.NativeConstructorAccessorImpl.newInstance(NativeConstructorAccessorImpl.java:62)
	at sun.reflect.DelegatingConstructorAccessorImpl.newInstance(DelegatingConstructorAccessorImpl.java:45)
	at java.lang.reflect.Constructor.newInstance(Constructor.java:423)
	at org.openqa.selenium.remote.codec.w3c.W3CHttpResponseCodec.createException(W3CHttpResponseCodec.java:200)
	at org.openqa.selenium.remote.codec.w3c.W3CHttpResponseCodec.decode(W3CHttpResponseCodec.java:133)
	at org.openqa.selenium.remote.codec.w3c.W3CHttpResponseCodec.decode(W3CHttpResponseCodec.java:53)
	at org.openqa.selenium.remote.HttpCommandExecutor.execute(HttpCommandExecutor.java:184)
	at org.openqa.selenium.remote.service.DriverCommandExecutor.invokeExecute(DriverCommandExecutor.java:164)
	at org.openqa.selenium.remote.service.DriverCommandExecutor.execute(DriverCommandExecutor.java:139)
	at org.openqa.selenium.remote.RemoteWebDriver.execute(RemoteWebDriver.java:559)
	at org.openqa.selenium.remote.RemoteWebDriver.perform(RemoteWebDriver.java:627)
	at org.openqa.selenium.interactions.Actions$BuiltAction.perform(Actions.java:617)
	at pages.CheckoutPage.shipToDiffAdd(CheckoutPage.java:40)
	at testcases.CheckoutTest.shipToDifferentAddTC(CheckoutTest.java:59)
	at sun.reflect.NativeMethodAccessorImpl.invoke0(Native Method)
	at sun.reflect.NativeMethodAccessorImpl.invoke(NativeMethodAccessorImpl.java:62)
	at sun.reflect.DelegatingMethodAccessorImpl.invoke(DelegatingMethodAccessorImpl.java:43)
	at java.lang.reflect.Method.invoke(Method.java:498)
	at org.testng.internal.MethodInvocationHelper.invokeMethod(MethodInvocationHelper.java:108)
	at org.testng.internal.Invoker.invokeMethod(Invoker.java:661)
	at org.testng.internal.Invoker.invokeTestMethod(Invoker.java:869)
	at org.testng.internal.Invoker.invokeTestMethods(Invoker.java:1193)
	at org.testng.internal.TestMethodWorker.invokeTestMethods(TestMethodWorker.java:126)
	at org.testng.internal.TestMethodWorker.run(TestMethodWorker.java:109)
	at org.testng.TestRunner.privateRun(TestRunner.java:744)
	at org.testng.TestRunner.run(TestRunner.java:602)
	at org.testng.SuiteRunner.runTest(SuiteRunner.java:380)
	at org.testng.SuiteRunner.runSequentially(SuiteRunner.java:375)
	at org.testng.SuiteRunner.privateRun(SuiteRunner.java:340)
	at org.testng.SuiteRunner.run(SuiteRunner.java:289)
	at org.testng.SuiteRunnerWorker.runSuite(SuiteRunnerWorker.java:52)
	at org.testng.SuiteRunnerWorker.run(SuiteRunnerWorker.java:86)
	at org.testng.TestNG.runSuitesSequentially(TestNG.java:1301)
	at org.testng.TestNG.runSuitesLocally(TestNG.java:1226)
	at org.testng.TestNG.runSuites(TestNG.java:1144)
	at org.testng.TestNG.run(TestNG.java:1115)
	at org.testng.remote.AbstractRemoteTestNG.run(AbstractRemoteTestNG.java:132)
	at org.testng.remote.RemoteTestNG.initAndRun(RemoteTestNG.java:230)
	at org.testng.remote.RemoteTestNG.main(RemoteTestNG.java:76)
</pre></div></td>
<td>2</td>
<td>testcases.CheckoutTest@3e77a1ed</td></tr>
<tr>
<td title='testcases.CategoryTest.sortByName()'><b>sortByName</b><br>Test class: testcases.CategoryTest</td>
<td><div><pre>org.openqa.selenium.ElementClickInterceptedException: Element &lt;select id=&quot;filter&quot; class=&quot;cust-select&quot;&gt; is not clickable at point (235,408) because another element &lt;div class=&quot;loadingoverlay&quot;&gt; obscures it
Build info: version: &apos;4.1.0&apos;, revision: &apos;87802e897b&apos;
System info: host: &apos;HJNZL001997&apos;, ip: &apos;192.168.83.131&apos;, os.name: &apos;Windows 10&apos;, os.arch: &apos;amd64&apos;, os.version: &apos;10.0&apos;, java.version: &apos;1.8.0_92&apos;
Driver info: org.openqa.selenium.firefox.FirefoxDriver
Command: [a1e17a34-49e2-475d-a99b-702181f890ec, clickElement {id=9fd99309-484f-46c0-83ad-013ffebf9311}]
Capabilities {acceptInsecureCerts: true, browserName: firefox, browserVersion: 95.0, javascriptEnabled: true, moz:accessibilityChecks: false, moz:buildID: 20211129150630, moz:debuggerAddress: localhost:60877, moz:geckodriverVersion: 0.30.0, moz:headless: false, moz:processID: 24724, moz:profile: C:\Users\aditya_dhaygude\Ap..., moz:shutdownTimeout: 60000, moz:useNonSpecCompliantPointerOrigin: false, moz:webdriverClick: true, pageLoadStrategy: normal, platform: WINDOWS, platformName: WINDOWS, platformVersion: 10.0, proxy: Proxy(), se:cdp: ws://localhost:60877/devtoo..., se:cdpVersion: 85, setWindowRect: true, strictFileInteractability: false, timeouts: {implicit: 0, pageLoad: 300000, script: 30000}, unhandledPromptBehavior: dismiss and notify}
Element: [[FirefoxDriver: firefox on WINDOWS (a1e17a34-49e2-475d-a99b-702181f890ec)] -&gt; xpath: //*[@id=&quot;filter&quot;]]
Session ID: a1e17a34-49e2-475d-a99b-702181f890ec
	at org.openqa.selenium.remote.codec.w3c.W3CHttpResponseCodec.createException(W3CHttpResponseCodec.java:200)
	at org.openqa.selenium.remote.codec.w3c.W3CHttpResponseCodec.decode(W3CHttpResponseCodec.java:133)
	at org.openqa.selenium.remote.codec.w3c.W3CHttpResponseCodec.decode(W3CHttpResponseCodec.java:53)
	at org.openqa.selenium.remote.HttpCommandExecutor.execute(HttpCommandExecutor.java:184)
	at org.openqa.selenium.remote.service.DriverCommandExecutor.invokeExecute(DriverCommandExecutor.java:164)
	at org.openqa.selenium.remote.service.DriverCommandExecutor.execute(DriverCommandExecutor.java:139)
	at org.openqa.selenium.remote.RemoteWebDriver.execute(RemoteWebDriver.java:559)
	at org.openqa.selenium.remote.RemoteWebElement.execute(RemoteWebElement.java:251)
	at org.openqa.selenium.remote.RemoteWebElement.click(RemoteWebElement.java:77)
	at pages.CategoryPage.clickBtn(CategoryPage.java:63)
	at pages.CategoryPage.selectSortByName(CategoryPage.java:123)
	at pages.CategoryPage.sortedElementsByName(CategoryPage.java:133)
	at testcases.CategoryTest.sortByName(CategoryTest.java:80)
... Removed 29 stack frames</pre></div><a href='#' onClick='toggleBox("stack-trace994151586", this, "Click to show all stack frames", "Click to hide stack frames")'>Click to show all stack frames</a>
<div class='stack-trace' id='stack-trace994151586'><pre>org.openqa.selenium.ElementClickInterceptedException: Element &lt;select id=&quot;filter&quot; class=&quot;cust-select&quot;&gt; is not clickable at point (235,408) because another element &lt;div class=&quot;loadingoverlay&quot;&gt; obscures it
Build info: version: &apos;4.1.0&apos;, revision: &apos;87802e897b&apos;
System info: host: &apos;HJNZL001997&apos;, ip: &apos;192.168.83.131&apos;, os.name: &apos;Windows 10&apos;, os.arch: &apos;amd64&apos;, os.version: &apos;10.0&apos;, java.version: &apos;1.8.0_92&apos;
Driver info: org.openqa.selenium.firefox.FirefoxDriver
Command: [a1e17a34-49e2-475d-a99b-702181f890ec, clickElement {id=9fd99309-484f-46c0-83ad-013ffebf9311}]
Capabilities {acceptInsecureCerts: true, browserName: firefox, browserVersion: 95.0, javascriptEnabled: true, moz:accessibilityChecks: false, moz:buildID: 20211129150630, moz:debuggerAddress: localhost:60877, moz:geckodriverVersion: 0.30.0, moz:headless: false, moz:processID: 24724, moz:profile: C:\Users\aditya_dhaygude\Ap..., moz:shutdownTimeout: 60000, moz:useNonSpecCompliantPointerOrigin: false, moz:webdriverClick: true, pageLoadStrategy: normal, platform: WINDOWS, platformName: WINDOWS, platformVersion: 10.0, proxy: Proxy(), se:cdp: ws://localhost:60877/devtoo..., se:cdpVersion: 85, setWindowRect: true, strictFileInteractability: false, timeouts: {implicit: 0, pageLoad: 300000, script: 30000}, unhandledPromptBehavior: dismiss and notify}
Element: [[FirefoxDriver: firefox on WINDOWS (a1e17a34-49e2-475d-a99b-702181f890ec)] -&gt; xpath: //*[@id=&quot;filter&quot;]]
Session ID: a1e17a34-49e2-475d-a99b-702181f890ec
	at sun.reflect.NativeConstructorAccessorImpl.newInstance0(Native Method)
	at sun.reflect.NativeConstructorAccessorImpl.newInstance(NativeConstructorAccessorImpl.java:62)
	at sun.reflect.DelegatingConstructorAccessorImpl.newInstance(DelegatingConstructorAccessorImpl.java:45)
	at java.lang.reflect.Constructor.newInstance(Constructor.java:423)
	at org.openqa.selenium.remote.codec.w3c.W3CHttpResponseCodec.createException(W3CHttpResponseCodec.java:200)
	at org.openqa.selenium.remote.codec.w3c.W3CHttpResponseCodec.decode(W3CHttpResponseCodec.java:133)
	at org.openqa.selenium.remote.codec.w3c.W3CHttpResponseCodec.decode(W3CHttpResponseCodec.java:53)
	at org.openqa.selenium.remote.HttpCommandExecutor.execute(HttpCommandExecutor.java:184)
	at org.openqa.selenium.remote.service.DriverCommandExecutor.invokeExecute(DriverCommandExecutor.java:164)
	at org.openqa.selenium.remote.service.DriverCommandExecutor.execute(DriverCommandExecutor.java:139)
	at org.openqa.selenium.remote.RemoteWebDriver.execute(RemoteWebDriver.java:559)
	at org.openqa.selenium.remote.RemoteWebElement.execute(RemoteWebElement.java:251)
	at org.openqa.selenium.remote.RemoteWebElement.click(RemoteWebElement.java:77)
	at pages.CategoryPage.clickBtn(CategoryPage.java:63)
	at pages.CategoryPage.selectSortByName(CategoryPage.java:123)
	at pages.CategoryPage.sortedElementsByName(CategoryPage.java:133)
	at testcases.CategoryTest.sortByName(CategoryTest.java:80)
	at sun.reflect.NativeMethodAccessorImpl.invoke0(Native Method)
	at sun.reflect.NativeMethodAccessorImpl.invoke(NativeMethodAccessorImpl.java:62)
	at sun.reflect.DelegatingMethodAccessorImpl.invoke(DelegatingMethodAccessorImpl.java:43)
	at java.lang.reflect.Method.invoke(Method.java:498)
	at org.testng.internal.MethodInvocationHelper.invokeMethod(MethodInvocationHelper.java:108)
	at org.testng.internal.Invoker.invokeMethod(Invoker.java:661)
	at org.testng.internal.Invoker.invokeTestMethod(Invoker.java:869)
	at org.testng.internal.Invoker.invokeTestMethods(Invoker.java:1193)
	at org.testng.internal.TestMethodWorker.invokeTestMethods(TestMethodWorker.java:126)
	at org.testng.internal.TestMethodWorker.run(TestMethodWorker.java:109)
	at org.testng.TestRunner.privateRun(TestRunner.java:744)
	at org.testng.TestRunner.run(TestRunner.java:602)
	at org.testng.SuiteRunner.runTest(SuiteRunner.java:380)
	at org.testng.SuiteRunner.runSequentially(SuiteRunner.java:375)
	at org.testng.SuiteRunner.privateRun(SuiteRunner.java:340)
	at org.testng.SuiteRunner.run(SuiteRunner.java:289)
	at org.testng.SuiteRunnerWorker.runSuite(SuiteRunnerWorker.java:52)
	at org.testng.SuiteRunnerWorker.run(SuiteRunnerWorker.java:86)
	at org.testng.TestNG.runSuitesSequentially(TestNG.java:1301)
	at org.testng.TestNG.runSuitesLocally(TestNG.java:1226)
	at org.testng.TestNG.runSuites(TestNG.java:1144)
	at org.testng.TestNG.run(TestNG.java:1115)
	at org.testng.remote.AbstractRemoteTestNG.run(AbstractRemoteTestNG.java:132)
	at org.testng.remote.RemoteTestNG.initAndRun(RemoteTestNG.java:230)
	at org.testng.remote.RemoteTestNG.main(RemoteTestNG.java:76)
</pre></div></td>
<td>0</td>
<td>testcases.CategoryTest@11e21d0e</td></tr>
<tr>
<td title='testcases.CategoryTest.sortByPrice()'><b>sortByPrice</b><br>Test class: testcases.CategoryTest</td>
<td><div><pre>org.openqa.selenium.ElementClickInterceptedException: Element &lt;select id=&quot;filter&quot; class=&quot;cust-select&quot;&gt; is not clickable at point (235,408) because another element &lt;div class=&quot;loadingoverlay&quot;&gt; obscures it
Build info: version: &apos;4.1.0&apos;, revision: &apos;87802e897b&apos;
System info: host: &apos;HJNZL001997&apos;, ip: &apos;192.168.83.131&apos;, os.name: &apos;Windows 10&apos;, os.arch: &apos;amd64&apos;, os.version: &apos;10.0&apos;, java.version: &apos;1.8.0_92&apos;
Driver info: org.openqa.selenium.firefox.FirefoxDriver
Command: [a1e17a34-49e2-475d-a99b-702181f890ec, clickElement {id=5425a1d8-323a-4a61-9206-47979a837478}]
Capabilities {acceptInsecureCerts: true, browserName: firefox, browserVersion: 95.0, javascriptEnabled: true, moz:accessibilityChecks: false, moz:buildID: 20211129150630, moz:debuggerAddress: localhost:60877, moz:geckodriverVersion: 0.30.0, moz:headless: false, moz:processID: 24724, moz:profile: C:\Users\aditya_dhaygude\Ap..., moz:shutdownTimeout: 60000, moz:useNonSpecCompliantPointerOrigin: false, moz:webdriverClick: true, pageLoadStrategy: normal, platform: WINDOWS, platformName: WINDOWS, platformVersion: 10.0, proxy: Proxy(), se:cdp: ws://localhost:60877/devtoo..., se:cdpVersion: 85, setWindowRect: true, strictFileInteractability: false, timeouts: {implicit: 0, pageLoad: 300000, script: 30000}, unhandledPromptBehavior: dismiss and notify}
Element: [[[[FirefoxDriver: firefox on WINDOWS (a1e17a34-49e2-475d-a99b-702181f890ec)] -&gt; id: filter]] -&gt; xpath: //option[. = &apos;Price&apos;]]
Session ID: a1e17a34-49e2-475d-a99b-702181f890ec
	at org.openqa.selenium.remote.codec.w3c.W3CHttpResponseCodec.createException(W3CHttpResponseCodec.java:200)
	at org.openqa.selenium.remote.codec.w3c.W3CHttpResponseCodec.decode(W3CHttpResponseCodec.java:133)
	at org.openqa.selenium.remote.codec.w3c.W3CHttpResponseCodec.decode(W3CHttpResponseCodec.java:53)
	at org.openqa.selenium.remote.HttpCommandExecutor.execute(HttpCommandExecutor.java:184)
	at org.openqa.selenium.remote.service.DriverCommandExecutor.invokeExecute(DriverCommandExecutor.java:164)
	at org.openqa.selenium.remote.service.DriverCommandExecutor.execute(DriverCommandExecutor.java:139)
	at org.openqa.selenium.remote.RemoteWebDriver.execute(RemoteWebDriver.java:559)
	at org.openqa.selenium.remote.RemoteWebElement.execute(RemoteWebElement.java:251)
	at org.openqa.selenium.remote.RemoteWebElement.click(RemoteWebElement.java:77)
	at pages.CategoryPage.selectSortByPrice(CategoryPage.java:150)
	at pages.CategoryPage.sortedElementsByPrice(CategoryPage.java:158)
	at testcases.CategoryTest.sortByPrice(CategoryTest.java:92)
... Removed 29 stack frames</pre></div><a href='#' onClick='toggleBox("stack-trace1214141129", this, "Click to show all stack frames", "Click to hide stack frames")'>Click to show all stack frames</a>
<div class='stack-trace' id='stack-trace1214141129'><pre>org.openqa.selenium.ElementClickInterceptedException: Element &lt;select id=&quot;filter&quot; class=&quot;cust-select&quot;&gt; is not clickable at point (235,408) because another element &lt;div class=&quot;loadingoverlay&quot;&gt; obscures it
Build info: version: &apos;4.1.0&apos;, revision: &apos;87802e897b&apos;
System info: host: &apos;HJNZL001997&apos;, ip: &apos;192.168.83.131&apos;, os.name: &apos;Windows 10&apos;, os.arch: &apos;amd64&apos;, os.version: &apos;10.0&apos;, java.version: &apos;1.8.0_92&apos;
Driver info: org.openqa.selenium.firefox.FirefoxDriver
Command: [a1e17a34-49e2-475d-a99b-702181f890ec, clickElement {id=5425a1d8-323a-4a61-9206-47979a837478}]
Capabilities {acceptInsecureCerts: true, browserName: firefox, browserVersion: 95.0, javascriptEnabled: true, moz:accessibilityChecks: false, moz:buildID: 20211129150630, moz:debuggerAddress: localhost:60877, moz:geckodriverVersion: 0.30.0, moz:headless: false, moz:processID: 24724, moz:profile: C:\Users\aditya_dhaygude\Ap..., moz:shutdownTimeout: 60000, moz:useNonSpecCompliantPointerOrigin: false, moz:webdriverClick: true, pageLoadStrategy: normal, platform: WINDOWS, platformName: WINDOWS, platformVersion: 10.0, proxy: Proxy(), se:cdp: ws://localhost:60877/devtoo..., se:cdpVersion: 85, setWindowRect: true, strictFileInteractability: false, timeouts: {implicit: 0, pageLoad: 300000, script: 30000}, unhandledPromptBehavior: dismiss and notify}
Element: [[[[FirefoxDriver: firefox on WINDOWS (a1e17a34-49e2-475d-a99b-702181f890ec)] -&gt; id: filter]] -&gt; xpath: //option[. = &apos;Price&apos;]]
Session ID: a1e17a34-49e2-475d-a99b-702181f890ec
	at sun.reflect.NativeConstructorAccessorImpl.newInstance0(Native Method)
	at sun.reflect.NativeConstructorAccessorImpl.newInstance(NativeConstructorAccessorImpl.java:62)
	at sun.reflect.DelegatingConstructorAccessorImpl.newInstance(DelegatingConstructorAccessorImpl.java:45)
	at java.lang.reflect.Constructor.newInstance(Constructor.java:423)
	at org.openqa.selenium.remote.codec.w3c.W3CHttpResponseCodec.createException(W3CHttpResponseCodec.java:200)
	at org.openqa.selenium.remote.codec.w3c.W3CHttpResponseCodec.decode(W3CHttpResponseCodec.java:133)
	at org.openqa.selenium.remote.codec.w3c.W3CHttpResponseCodec.decode(W3CHttpResponseCodec.java:53)
	at org.openqa.selenium.remote.HttpCommandExecutor.execute(HttpCommandExecutor.java:184)
	at org.openqa.selenium.remote.service.DriverCommandExecutor.invokeExecute(DriverCommandExecutor.java:164)
	at org.openqa.selenium.remote.service.DriverCommandExecutor.execute(DriverCommandExecutor.java:139)
	at org.openqa.selenium.remote.RemoteWebDriver.execute(RemoteWebDriver.java:559)
	at org.openqa.selenium.remote.RemoteWebElement.execute(RemoteWebElement.java:251)
	at org.openqa.selenium.remote.RemoteWebElement.click(RemoteWebElement.java:77)
	at pages.CategoryPage.selectSortByPrice(CategoryPage.java:150)
	at pages.CategoryPage.sortedElementsByPrice(CategoryPage.java:158)
	at testcases.CategoryTest.sortByPrice(CategoryTest.java:92)
	at sun.reflect.NativeMethodAccessorImpl.invoke0(Native Method)
	at sun.reflect.NativeMethodAccessorImpl.invoke(NativeMethodAccessorImpl.java:62)
	at sun.reflect.DelegatingMethodAccessorImpl.invoke(DelegatingMethodAccessorImpl.java:43)
	at java.lang.reflect.Method.invoke(Method.java:498)
	at org.testng.internal.MethodInvocationHelper.invokeMethod(MethodInvocationHelper.java:108)
	at org.testng.internal.Invoker.invokeMethod(Invoker.java:661)
	at org.testng.internal.Invoker.invokeTestMethod(Invoker.java:869)
	at org.testng.internal.Invoker.invokeTestMethods(Invoker.java:1193)
	at org.testng.internal.TestMethodWorker.invokeTestMethods(TestMethodWorker.java:126)
	at org.testng.internal.TestMethodWorker.run(TestMethodWorker.java:109)
	at org.testng.TestRunner.privateRun(TestRunner.java:744)
	at org.testng.TestRunner.run(TestRunner.java:602)
	at org.testng.SuiteRunner.runTest(SuiteRunner.java:380)
	at org.testng.SuiteRunner.runSequentially(SuiteRunner.java:375)
	at org.testng.SuiteRunner.privateRun(SuiteRunner.java:340)
	at org.testng.SuiteRunner.run(SuiteRunner.java:289)
	at org.testng.SuiteRunnerWorker.runSuite(SuiteRunnerWorker.java:52)
	at org.testng.SuiteRunnerWorker.run(SuiteRunnerWorker.java:86)
	at org.testng.TestNG.runSuitesSequentially(TestNG.java:1301)
	at org.testng.TestNG.runSuitesLocally(TestNG.java:1226)
	at org.testng.TestNG.runSuites(TestNG.java:1144)
	at org.testng.TestNG.run(TestNG.java:1115)
	at org.testng.remote.AbstractRemoteTestNG.run(AbstractRemoteTestNG.java:132)
	at org.testng.remote.RemoteTestNG.initAndRun(RemoteTestNG.java:230)
	at org.testng.remote.RemoteTestNG.main(RemoteTestNG.java:76)
</pre></div></td>
<td>0</td>
<td>testcases.CategoryTest@11e21d0e</td></tr>
<tr>
<td title='testcases.CheckoutTest.stateDropDownTestCase()'><b>stateDropDownTestCase</b><br>Test class: testcases.CheckoutTest</td>
<td><div><pre>org.openqa.selenium.interactions.MoveTargetOutOfBoundsException: (1138, -465) is out of bounds of viewport width (1280) and height (595)
Build info: version: &apos;4.1.0&apos;, revision: &apos;87802e897b&apos;
System info: host: &apos;HJNZL001997&apos;, ip: &apos;192.168.83.131&apos;, os.name: &apos;Windows 10&apos;, os.arch: &apos;amd64&apos;, os.version: &apos;10.0&apos;, java.version: &apos;1.8.0_92&apos;
Driver info: org.openqa.selenium.firefox.FirefoxDriver
Command: [07ad0e9a-4949-42ce-b61f-a6bdf7af5de9, actions {actions=[org.openqa.selenium.interactions.Sequence@60ce75d0]}]
Capabilities {acceptInsecureCerts: true, browserName: firefox, browserVersion: 95.0, javascriptEnabled: true, moz:accessibilityChecks: false, moz:buildID: 20211129150630, moz:debuggerAddress: localhost:50852, moz:geckodriverVersion: 0.30.0, moz:headless: false, moz:processID: 25840, moz:profile: C:\Users\aditya_dhaygude\Ap..., moz:shutdownTimeout: 60000, moz:useNonSpecCompliantPointerOrigin: false, moz:webdriverClick: true, pageLoadStrategy: normal, platform: WINDOWS, platformName: WINDOWS, platformVersion: 10.0, proxy: Proxy(), se:cdp: ws://localhost:50852/devtoo..., se:cdpVersion: 85, setWindowRect: true, strictFileInteractability: false, timeouts: {implicit: 0, pageLoad: 300000, script: 30000}, unhandledPromptBehavior: dismiss and notify}
Session ID: 07ad0e9a-4949-42ce-b61f-a6bdf7af5de9
	at org.openqa.selenium.remote.codec.w3c.W3CHttpResponseCodec.createException(W3CHttpResponseCodec.java:200)
	at org.openqa.selenium.remote.codec.w3c.W3CHttpResponseCodec.decode(W3CHttpResponseCodec.java:133)
	at org.openqa.selenium.remote.codec.w3c.W3CHttpResponseCodec.decode(W3CHttpResponseCodec.java:53)
	at org.openqa.selenium.remote.HttpCommandExecutor.execute(HttpCommandExecutor.java:184)
	at org.openqa.selenium.remote.service.DriverCommandExecutor.invokeExecute(DriverCommandExecutor.java:164)
	at org.openqa.selenium.remote.service.DriverCommandExecutor.execute(DriverCommandExecutor.java:139)
	at org.openqa.selenium.remote.RemoteWebDriver.execute(RemoteWebDriver.java:559)
	at org.openqa.selenium.remote.RemoteWebDriver.perform(RemoteWebDriver.java:627)
	at org.openqa.selenium.interactions.Actions$BuiltAction.perform(Actions.java:617)
	at pages.CheckoutPage.setStateName(CheckoutPage.java:129)
	at testcases.CheckoutTest.stateDropDownTestCase(CheckoutTest.java:25)
... Removed 29 stack frames</pre></div><a href='#' onClick='toggleBox("stack-trace118329190", this, "Click to show all stack frames", "Click to hide stack frames")'>Click to show all stack frames</a>
<div class='stack-trace' id='stack-trace118329190'><pre>org.openqa.selenium.interactions.MoveTargetOutOfBoundsException: (1138, -465) is out of bounds of viewport width (1280) and height (595)
Build info: version: &apos;4.1.0&apos;, revision: &apos;87802e897b&apos;
System info: host: &apos;HJNZL001997&apos;, ip: &apos;192.168.83.131&apos;, os.name: &apos;Windows 10&apos;, os.arch: &apos;amd64&apos;, os.version: &apos;10.0&apos;, java.version: &apos;1.8.0_92&apos;
Driver info: org.openqa.selenium.firefox.FirefoxDriver
Command: [07ad0e9a-4949-42ce-b61f-a6bdf7af5de9, actions {actions=[org.openqa.selenium.interactions.Sequence@60ce75d0]}]
Capabilities {acceptInsecureCerts: true, browserName: firefox, browserVersion: 95.0, javascriptEnabled: true, moz:accessibilityChecks: false, moz:buildID: 20211129150630, moz:debuggerAddress: localhost:50852, moz:geckodriverVersion: 0.30.0, moz:headless: false, moz:processID: 25840, moz:profile: C:\Users\aditya_dhaygude\Ap..., moz:shutdownTimeout: 60000, moz:useNonSpecCompliantPointerOrigin: false, moz:webdriverClick: true, pageLoadStrategy: normal, platform: WINDOWS, platformName: WINDOWS, platformVersion: 10.0, proxy: Proxy(), se:cdp: ws://localhost:50852/devtoo..., se:cdpVersion: 85, setWindowRect: true, strictFileInteractability: false, timeouts: {implicit: 0, pageLoad: 300000, script: 30000}, unhandledPromptBehavior: dismiss and notify}
Session ID: 07ad0e9a-4949-42ce-b61f-a6bdf7af5de9
	at sun.reflect.NativeConstructorAccessorImpl.newInstance0(Native Method)
	at sun.reflect.NativeConstructorAccessorImpl.newInstance(NativeConstructorAccessorImpl.java:62)
	at sun.reflect.DelegatingConstructorAccessorImpl.newInstance(DelegatingConstructorAccessorImpl.java:45)
	at java.lang.reflect.Constructor.newInstance(Constructor.java:423)
	at org.openqa.selenium.remote.codec.w3c.W3CHttpResponseCodec.createException(W3CHttpResponseCodec.java:200)
	at org.openqa.selenium.remote.codec.w3c.W3CHttpResponseCodec.decode(W3CHttpResponseCodec.java:133)
	at org.openqa.selenium.remote.codec.w3c.W3CHttpResponseCodec.decode(W3CHttpResponseCodec.java:53)
	at org.openqa.selenium.remote.HttpCommandExecutor.execute(HttpCommandExecutor.java:184)
	at org.openqa.selenium.remote.service.DriverCommandExecutor.invokeExecute(DriverCommandExecutor.java:164)
	at org.openqa.selenium.remote.service.DriverCommandExecutor.execute(DriverCommandExecutor.java:139)
	at org.openqa.selenium.remote.RemoteWebDriver.execute(RemoteWebDriver.java:559)
	at org.openqa.selenium.remote.RemoteWebDriver.perform(RemoteWebDriver.java:627)
	at org.openqa.selenium.interactions.Actions$BuiltAction.perform(Actions.java:617)
	at pages.CheckoutPage.setStateName(CheckoutPage.java:129)
	at testcases.CheckoutTest.stateDropDownTestCase(CheckoutTest.java:25)
	at sun.reflect.NativeMethodAccessorImpl.invoke0(Native Method)
	at sun.reflect.NativeMethodAccessorImpl.invoke(NativeMethodAccessorImpl.java:62)
	at sun.reflect.DelegatingMethodAccessorImpl.invoke(DelegatingMethodAccessorImpl.java:43)
	at java.lang.reflect.Method.invoke(Method.java:498)
	at org.testng.internal.MethodInvocationHelper.invokeMethod(MethodInvocationHelper.java:108)
	at org.testng.internal.Invoker.invokeMethod(Invoker.java:661)
	at org.testng.internal.Invoker.invokeTestMethod(Invoker.java:869)
	at org.testng.internal.Invoker.invokeTestMethods(Invoker.java:1193)
	at org.testng.internal.TestMethodWorker.invokeTestMethods(TestMethodWorker.java:126)
	at org.testng.internal.TestMethodWorker.run(TestMethodWorker.java:109)
	at org.testng.TestRunner.privateRun(TestRunner.java:744)
	at org.testng.TestRunner.run(TestRunner.java:602)
	at org.testng.SuiteRunner.runTest(SuiteRunner.java:380)
	at org.testng.SuiteRunner.runSequentially(SuiteRunner.java:375)
	at org.testng.SuiteRunner.privateRun(SuiteRunner.java:340)
	at org.testng.SuiteRunner.run(SuiteRunner.java:289)
	at org.testng.SuiteRunnerWorker.runSuite(SuiteRunnerWorker.java:52)
	at org.testng.SuiteRunnerWorker.run(SuiteRunnerWorker.java:86)
	at org.testng.TestNG.runSuitesSequentially(TestNG.java:1301)
	at org.testng.TestNG.runSuitesLocally(TestNG.java:1226)
	at org.testng.TestNG.runSuites(TestNG.java:1144)
	at org.testng.TestNG.run(TestNG.java:1115)
	at org.testng.remote.AbstractRemoteTestNG.run(AbstractRemoteTestNG.java:132)
	at org.testng.remote.RemoteTestNG.initAndRun(RemoteTestNG.java:230)
	at org.testng.remote.RemoteTestNG.main(RemoteTestNG.java:76)
</pre></div></td>
<td>2</td>
<td>testcases.CheckoutTest@3e77a1ed</td></tr>
<tr>
<td title='testcases.CheckoutTest.upperCaseTestCase()'><b>upperCaseTestCase</b><br>Test class: testcases.CheckoutTest</td>
<td><div><pre>org.openqa.selenium.interactions.MoveTargetOutOfBoundsException: (1138, -465) is out of bounds of viewport width (1280) and height (595)
Build info: version: &apos;4.1.0&apos;, revision: &apos;87802e897b&apos;
System info: host: &apos;HJNZL001997&apos;, ip: &apos;192.168.83.131&apos;, os.name: &apos;Windows 10&apos;, os.arch: &apos;amd64&apos;, os.version: &apos;10.0&apos;, java.version: &apos;1.8.0_92&apos;
Driver info: org.openqa.selenium.firefox.FirefoxDriver
Command: [07ad0e9a-4949-42ce-b61f-a6bdf7af5de9, actions {actions=[org.openqa.selenium.interactions.Sequence@1dfdddfa]}]
Capabilities {acceptInsecureCerts: true, browserName: firefox, browserVersion: 95.0, javascriptEnabled: true, moz:accessibilityChecks: false, moz:buildID: 20211129150630, moz:debuggerAddress: localhost:50852, moz:geckodriverVersion: 0.30.0, moz:headless: false, moz:processID: 25840, moz:profile: C:\Users\aditya_dhaygude\Ap..., moz:shutdownTimeout: 60000, moz:useNonSpecCompliantPointerOrigin: false, moz:webdriverClick: true, pageLoadStrategy: normal, platform: WINDOWS, platformName: WINDOWS, platformVersion: 10.0, proxy: Proxy(), se:cdp: ws://localhost:50852/devtoo..., se:cdpVersion: 85, setWindowRect: true, strictFileInteractability: false, timeouts: {implicit: 0, pageLoad: 300000, script: 30000}, unhandledPromptBehavior: dismiss and notify}
Session ID: 07ad0e9a-4949-42ce-b61f-a6bdf7af5de9
	at org.openqa.selenium.remote.codec.w3c.W3CHttpResponseCodec.createException(W3CHttpResponseCodec.java:200)
	at org.openqa.selenium.remote.codec.w3c.W3CHttpResponseCodec.decode(W3CHttpResponseCodec.java:133)
	at org.openqa.selenium.remote.codec.w3c.W3CHttpResponseCodec.decode(W3CHttpResponseCodec.java:53)
	at org.openqa.selenium.remote.HttpCommandExecutor.execute(HttpCommandExecutor.java:184)
	at org.openqa.selenium.remote.service.DriverCommandExecutor.invokeExecute(DriverCommandExecutor.java:164)
	at org.openqa.selenium.remote.service.DriverCommandExecutor.execute(DriverCommandExecutor.java:139)
	at org.openqa.selenium.remote.RemoteWebDriver.execute(RemoteWebDriver.java:559)
	at org.openqa.selenium.remote.RemoteWebDriver.perform(RemoteWebDriver.java:627)
	at org.openqa.selenium.interactions.Actions$BuiltAction.perform(Actions.java:617)
	at pages.CheckoutPage.textInUpperCase(CheckoutPage.java:100)
	at testcases.CheckoutTest.upperCaseTestCase(CheckoutTest.java:35)
... Removed 29 stack frames</pre></div><a href='#' onClick='toggleBox("stack-trace2034745140", this, "Click to show all stack frames", "Click to hide stack frames")'>Click to show all stack frames</a>
<div class='stack-trace' id='stack-trace2034745140'><pre>org.openqa.selenium.interactions.MoveTargetOutOfBoundsException: (1138, -465) is out of bounds of viewport width (1280) and height (595)
Build info: version: &apos;4.1.0&apos;, revision: &apos;87802e897b&apos;
System info: host: &apos;HJNZL001997&apos;, ip: &apos;192.168.83.131&apos;, os.name: &apos;Windows 10&apos;, os.arch: &apos;amd64&apos;, os.version: &apos;10.0&apos;, java.version: &apos;1.8.0_92&apos;
Driver info: org.openqa.selenium.firefox.FirefoxDriver
Command: [07ad0e9a-4949-42ce-b61f-a6bdf7af5de9, actions {actions=[org.openqa.selenium.interactions.Sequence@1dfdddfa]}]
Capabilities {acceptInsecureCerts: true, browserName: firefox, browserVersion: 95.0, javascriptEnabled: true, moz:accessibilityChecks: false, moz:buildID: 20211129150630, moz:debuggerAddress: localhost:50852, moz:geckodriverVersion: 0.30.0, moz:headless: false, moz:processID: 25840, moz:profile: C:\Users\aditya_dhaygude\Ap..., moz:shutdownTimeout: 60000, moz:useNonSpecCompliantPointerOrigin: false, moz:webdriverClick: true, pageLoadStrategy: normal, platform: WINDOWS, platformName: WINDOWS, platformVersion: 10.0, proxy: Proxy(), se:cdp: ws://localhost:50852/devtoo..., se:cdpVersion: 85, setWindowRect: true, strictFileInteractability: false, timeouts: {implicit: 0, pageLoad: 300000, script: 30000}, unhandledPromptBehavior: dismiss and notify}
Session ID: 07ad0e9a-4949-42ce-b61f-a6bdf7af5de9
	at sun.reflect.NativeConstructorAccessorImpl.newInstance0(Native Method)
	at sun.reflect.NativeConstructorAccessorImpl.newInstance(NativeConstructorAccessorImpl.java:62)
	at sun.reflect.DelegatingConstructorAccessorImpl.newInstance(DelegatingConstructorAccessorImpl.java:45)
	at java.lang.reflect.Constructor.newInstance(Constructor.java:423)
	at org.openqa.selenium.remote.codec.w3c.W3CHttpResponseCodec.createException(W3CHttpResponseCodec.java:200)
	at org.openqa.selenium.remote.codec.w3c.W3CHttpResponseCodec.decode(W3CHttpResponseCodec.java:133)
	at org.openqa.selenium.remote.codec.w3c.W3CHttpResponseCodec.decode(W3CHttpResponseCodec.java:53)
	at org.openqa.selenium.remote.HttpCommandExecutor.execute(HttpCommandExecutor.java:184)
	at org.openqa.selenium.remote.service.DriverCommandExecutor.invokeExecute(DriverCommandExecutor.java:164)
	at org.openqa.selenium.remote.service.DriverCommandExecutor.execute(DriverCommandExecutor.java:139)
	at org.openqa.selenium.remote.RemoteWebDriver.execute(RemoteWebDriver.java:559)
	at org.openqa.selenium.remote.RemoteWebDriver.perform(RemoteWebDriver.java:627)
	at org.openqa.selenium.interactions.Actions$BuiltAction.perform(Actions.java:617)
	at pages.CheckoutPage.textInUpperCase(CheckoutPage.java:100)
	at testcases.CheckoutTest.upperCaseTestCase(CheckoutTest.java:35)
	at sun.reflect.NativeMethodAccessorImpl.invoke0(Native Method)
	at sun.reflect.NativeMethodAccessorImpl.invoke(NativeMethodAccessorImpl.java:62)
	at sun.reflect.DelegatingMethodAccessorImpl.invoke(DelegatingMethodAccessorImpl.java:43)
	at java.lang.reflect.Method.invoke(Method.java:498)
	at org.testng.internal.MethodInvocationHelper.invokeMethod(MethodInvocationHelper.java:108)
	at org.testng.internal.Invoker.invokeMethod(Invoker.java:661)
	at org.testng.internal.Invoker.invokeTestMethod(Invoker.java:869)
	at org.testng.internal.Invoker.invokeTestMethods(Invoker.java:1193)
	at org.testng.internal.TestMethodWorker.invokeTestMethods(TestMethodWorker.java:126)
	at org.testng.internal.TestMethodWorker.run(TestMethodWorker.java:109)
	at org.testng.TestRunner.privateRun(TestRunner.java:744)
	at org.testng.TestRunner.run(TestRunner.java:602)
	at org.testng.SuiteRunner.runTest(SuiteRunner.java:380)
	at org.testng.SuiteRunner.runSequentially(SuiteRunner.java:375)
	at org.testng.SuiteRunner.privateRun(SuiteRunner.java:340)
	at org.testng.SuiteRunner.run(SuiteRunner.java:289)
	at org.testng.SuiteRunnerWorker.runSuite(SuiteRunnerWorker.java:52)
	at org.testng.SuiteRunnerWorker.run(SuiteRunnerWorker.java:86)
	at org.testng.TestNG.runSuitesSequentially(TestNG.java:1301)
	at org.testng.TestNG.runSuitesLocally(TestNG.java:1226)
	at org.testng.TestNG.runSuites(TestNG.java:1144)
	at org.testng.TestNG.run(TestNG.java:1115)
	at org.testng.remote.AbstractRemoteTestNG.run(AbstractRemoteTestNG.java:132)
	at org.testng.remote.RemoteTestNG.initAndRun(RemoteTestNG.java:230)
	at org.testng.remote.RemoteTestNG.main(RemoteTestNG.java:76)
</pre></div></td>
<td>2</td>
<td>testcases.CheckoutTest@3e77a1ed</td></tr>
<tr>
<td title='testcases.DashboardTest.verifyChangeAddressButton()'><b>verifyChangeAddressButton</b><br>Test class: testcases.DashboardTest<br>Parameters: Captain, America, ABCXYZ, Street 1 abc, Sydney, Australia, New South Wales, 2004, 1232123, abc1@gmail.com, 12345678</td>
<td><div><pre>org.openqa.selenium.ElementNotInteractableException: Element &lt;select id=&quot;customer_zones&quot; class=&quot;billing-zone-list form-control form-control-lg&quot; name=&quot;zone&quot;&gt; is not reachable by keyboard
Build info: version: &apos;4.1.0&apos;, revision: &apos;87802e897b&apos;
System info: host: &apos;HJNZL001997&apos;, ip: &apos;192.168.83.131&apos;, os.name: &apos;Windows 10&apos;, os.arch: &apos;amd64&apos;, os.version: &apos;10.0&apos;, java.version: &apos;1.8.0_92&apos;
Driver info: org.openqa.selenium.firefox.FirefoxDriver
Command: [713c7f1b-a0b9-417f-a857-1b8cc3d128b5, sendKeysToElement {id=202a7d55-5406-4274-bee6-da855f5fe8de, value=[Ljava.lang.CharSequence;@5323b690}]
Capabilities {acceptInsecureCerts: true, browserName: firefox, browserVersion: 95.0, javascriptEnabled: true, moz:accessibilityChecks: false, moz:buildID: 20211129150630, moz:debuggerAddress: localhost:51671, moz:geckodriverVersion: 0.30.0, moz:headless: false, moz:processID: 22688, moz:profile: C:\Users\aditya_dhaygude\Ap..., moz:shutdownTimeout: 60000, moz:useNonSpecCompliantPointerOrigin: false, moz:webdriverClick: true, pageLoadStrategy: normal, platform: WINDOWS, platformName: WINDOWS, platformVersion: 10.0, proxy: Proxy(), se:cdp: ws://localhost:51671/devtoo..., se:cdpVersion: 85, setWindowRect: true, strictFileInteractability: false, timeouts: {implicit: 0, pageLoad: 300000, script: 30000}, unhandledPromptBehavior: dismiss and notify}
Element: [[FirefoxDriver: firefox on WINDOWS (713c7f1b-a0b9-417f-a857-1b8cc3d128b5)] -&gt; id: customer_zones]
Session ID: 713c7f1b-a0b9-417f-a857-1b8cc3d128b5
	at org.openqa.selenium.remote.codec.w3c.W3CHttpResponseCodec.createException(W3CHttpResponseCodec.java:200)
	at org.openqa.selenium.remote.codec.w3c.W3CHttpResponseCodec.decode(W3CHttpResponseCodec.java:133)
	at org.openqa.selenium.remote.codec.w3c.W3CHttpResponseCodec.decode(W3CHttpResponseCodec.java:53)
	at org.openqa.selenium.remote.HttpCommandExecutor.execute(HttpCommandExecutor.java:184)
	at org.openqa.selenium.remote.service.DriverCommandExecutor.invokeExecute(DriverCommandExecutor.java:164)
	at org.openqa.selenium.remote.service.DriverCommandExecutor.execute(DriverCommandExecutor.java:139)
	at org.openqa.selenium.remote.RemoteWebDriver.execute(RemoteWebDriver.java:559)
	at org.openqa.selenium.remote.RemoteWebElement.execute(RemoteWebElement.java:251)
	at org.openqa.selenium.remote.RemoteWebElement.sendKeys(RemoteWebElement.java:107)
	at pages.DashboardPage.sendDataToField(DashboardPage.java:78)
	at testcases.DashboardTest.verifyChangeAddressButton(DashboardTest.java:206)
... Removed 29 stack frames</pre></div><a href='#' onClick='toggleBox("stack-trace2034182977", this, "Click to show all stack frames", "Click to hide stack frames")'>Click to show all stack frames</a>
<div class='stack-trace' id='stack-trace2034182977'><pre>org.openqa.selenium.ElementNotInteractableException: Element &lt;select id=&quot;customer_zones&quot; class=&quot;billing-zone-list form-control form-control-lg&quot; name=&quot;zone&quot;&gt; is not reachable by keyboard
Build info: version: &apos;4.1.0&apos;, revision: &apos;87802e897b&apos;
System info: host: &apos;HJNZL001997&apos;, ip: &apos;192.168.83.131&apos;, os.name: &apos;Windows 10&apos;, os.arch: &apos;amd64&apos;, os.version: &apos;10.0&apos;, java.version: &apos;1.8.0_92&apos;
Driver info: org.openqa.selenium.firefox.FirefoxDriver
Command: [713c7f1b-a0b9-417f-a857-1b8cc3d128b5, sendKeysToElement {id=202a7d55-5406-4274-bee6-da855f5fe8de, value=[Ljava.lang.CharSequence;@5323b690}]
Capabilities {acceptInsecureCerts: true, browserName: firefox, browserVersion: 95.0, javascriptEnabled: true, moz:accessibilityChecks: false, moz:buildID: 20211129150630, moz:debuggerAddress: localhost:51671, moz:geckodriverVersion: 0.30.0, moz:headless: false, moz:processID: 22688, moz:profile: C:\Users\aditya_dhaygude\Ap..., moz:shutdownTimeout: 60000, moz:useNonSpecCompliantPointerOrigin: false, moz:webdriverClick: true, pageLoadStrategy: normal, platform: WINDOWS, platformName: WINDOWS, platformVersion: 10.0, proxy: Proxy(), se:cdp: ws://localhost:51671/devtoo..., se:cdpVersion: 85, setWindowRect: true, strictFileInteractability: false, timeouts: {implicit: 0, pageLoad: 300000, script: 30000}, unhandledPromptBehavior: dismiss and notify}
Element: [[FirefoxDriver: firefox on WINDOWS (713c7f1b-a0b9-417f-a857-1b8cc3d128b5)] -&gt; id: customer_zones]
Session ID: 713c7f1b-a0b9-417f-a857-1b8cc3d128b5
	at sun.reflect.NativeConstructorAccessorImpl.newInstance0(Native Method)
	at sun.reflect.NativeConstructorAccessorImpl.newInstance(NativeConstructorAccessorImpl.java:62)
	at sun.reflect.DelegatingConstructorAccessorImpl.newInstance(DelegatingConstructorAccessorImpl.java:45)
	at java.lang.reflect.Constructor.newInstance(Constructor.java:423)
	at org.openqa.selenium.remote.codec.w3c.W3CHttpResponseCodec.createException(W3CHttpResponseCodec.java:200)
	at org.openqa.selenium.remote.codec.w3c.W3CHttpResponseCodec.decode(W3CHttpResponseCodec.java:133)
	at org.openqa.selenium.remote.codec.w3c.W3CHttpResponseCodec.decode(W3CHttpResponseCodec.java:53)
	at org.openqa.selenium.remote.HttpCommandExecutor.execute(HttpCommandExecutor.java:184)
	at org.openqa.selenium.remote.service.DriverCommandExecutor.invokeExecute(DriverCommandExecutor.java:164)
	at org.openqa.selenium.remote.service.DriverCommandExecutor.execute(DriverCommandExecutor.java:139)
	at org.openqa.selenium.remote.RemoteWebDriver.execute(RemoteWebDriver.java:559)
	at org.openqa.selenium.remote.RemoteWebElement.execute(RemoteWebElement.java:251)
	at org.openqa.selenium.remote.RemoteWebElement.sendKeys(RemoteWebElement.java:107)
	at pages.DashboardPage.sendDataToField(DashboardPage.java:78)
	at testcases.DashboardTest.verifyChangeAddressButton(DashboardTest.java:206)
	at sun.reflect.NativeMethodAccessorImpl.invoke0(Native Method)
	at sun.reflect.NativeMethodAccessorImpl.invoke(NativeMethodAccessorImpl.java:62)
	at sun.reflect.DelegatingMethodAccessorImpl.invoke(DelegatingMethodAccessorImpl.java:43)
	at java.lang.reflect.Method.invoke(Method.java:498)
	at org.testng.internal.MethodInvocationHelper.invokeMethod(MethodInvocationHelper.java:108)
	at org.testng.internal.Invoker.invokeMethod(Invoker.java:661)
	at org.testng.internal.Invoker.invokeTestMethod(Invoker.java:869)
	at org.testng.internal.Invoker.invokeTestMethods(Invoker.java:1193)
	at org.testng.internal.TestMethodWorker.invokeTestMethods(TestMethodWorker.java:126)
	at org.testng.internal.TestMethodWorker.run(TestMethodWorker.java:109)
	at org.testng.TestRunner.privateRun(TestRunner.java:744)
	at org.testng.TestRunner.run(TestRunner.java:602)
	at org.testng.SuiteRunner.runTest(SuiteRunner.java:380)
	at org.testng.SuiteRunner.runSequentially(SuiteRunner.java:375)
	at org.testng.SuiteRunner.privateRun(SuiteRunner.java:340)
	at org.testng.SuiteRunner.run(SuiteRunner.java:289)
	at org.testng.SuiteRunnerWorker.runSuite(SuiteRunnerWorker.java:52)
	at org.testng.SuiteRunnerWorker.run(SuiteRunnerWorker.java:86)
	at org.testng.TestNG.runSuitesSequentially(TestNG.java:1301)
	at org.testng.TestNG.runSuitesLocally(TestNG.java:1226)
	at org.testng.TestNG.runSuites(TestNG.java:1144)
	at org.testng.TestNG.run(TestNG.java:1115)
	at org.testng.remote.AbstractRemoteTestNG.run(AbstractRemoteTestNG.java:132)
	at org.testng.remote.RemoteTestNG.initAndRun(RemoteTestNG.java:230)
	at org.testng.remote.RemoteTestNG.main(RemoteTestNG.java:76)
</pre></div></td>
<td>2</td>
<td>testcases.DashboardTest@62fdb4a6</td></tr>
<tr>
<td title='testcases.DashboardTest.verifyChangeAddressButton()'><b>verifyChangeAddressButton</b><br>Test class: testcases.DashboardTest<br>Parameters: Captain, America, ABCXYZ, Street 1 abc, Sydney, Australia, New South Wales1, 2004, 1232123, abc1@gmail.com, 12345678</td>
<td><div><pre>org.openqa.selenium.ElementNotInteractableException: Element &lt;select id=&quot;customer_zones&quot; class=&quot;billing-zone-list form-control form-control-lg&quot; name=&quot;zone&quot;&gt; is not reachable by keyboard
Build info: version: &apos;4.1.0&apos;, revision: &apos;87802e897b&apos;
System info: host: &apos;HJNZL001997&apos;, ip: &apos;192.168.83.131&apos;, os.name: &apos;Windows 10&apos;, os.arch: &apos;amd64&apos;, os.version: &apos;10.0&apos;, java.version: &apos;1.8.0_92&apos;
Driver info: org.openqa.selenium.firefox.FirefoxDriver
Command: [713c7f1b-a0b9-417f-a857-1b8cc3d128b5, sendKeysToElement {id=716a2ca7-82f9-403e-9b5f-83b30f6a8c12, value=[Ljava.lang.CharSequence;@75a955bf}]
Capabilities {acceptInsecureCerts: true, browserName: firefox, browserVersion: 95.0, javascriptEnabled: true, moz:accessibilityChecks: false, moz:buildID: 20211129150630, moz:debuggerAddress: localhost:51671, moz:geckodriverVersion: 0.30.0, moz:headless: false, moz:processID: 22688, moz:profile: C:\Users\aditya_dhaygude\Ap..., moz:shutdownTimeout: 60000, moz:useNonSpecCompliantPointerOrigin: false, moz:webdriverClick: true, pageLoadStrategy: normal, platform: WINDOWS, platformName: WINDOWS, platformVersion: 10.0, proxy: Proxy(), se:cdp: ws://localhost:51671/devtoo..., se:cdpVersion: 85, setWindowRect: true, strictFileInteractability: false, timeouts: {implicit: 0, pageLoad: 300000, script: 30000}, unhandledPromptBehavior: dismiss and notify}
Element: [[FirefoxDriver: firefox on WINDOWS (713c7f1b-a0b9-417f-a857-1b8cc3d128b5)] -&gt; id: customer_zones]
Session ID: 713c7f1b-a0b9-417f-a857-1b8cc3d128b5
	at org.openqa.selenium.remote.codec.w3c.W3CHttpResponseCodec.createException(W3CHttpResponseCodec.java:200)
	at org.openqa.selenium.remote.codec.w3c.W3CHttpResponseCodec.decode(W3CHttpResponseCodec.java:133)
	at org.openqa.selenium.remote.codec.w3c.W3CHttpResponseCodec.decode(W3CHttpResponseCodec.java:53)
	at org.openqa.selenium.remote.HttpCommandExecutor.execute(HttpCommandExecutor.java:184)
	at org.openqa.selenium.remote.service.DriverCommandExecutor.invokeExecute(DriverCommandExecutor.java:164)
	at org.openqa.selenium.remote.service.DriverCommandExecutor.execute(DriverCommandExecutor.java:139)
	at org.openqa.selenium.remote.RemoteWebDriver.execute(RemoteWebDriver.java:559)
	at org.openqa.selenium.remote.RemoteWebElement.execute(RemoteWebElement.java:251)
	at org.openqa.selenium.remote.RemoteWebElement.sendKeys(RemoteWebElement.java:107)
	at pages.DashboardPage.sendDataToField(DashboardPage.java:78)
	at testcases.DashboardTest.verifyChangeAddressButton(DashboardTest.java:206)
... Removed 29 stack frames</pre></div><a href='#' onClick='toggleBox("stack-trace88473569", this, "Click to show all stack frames", "Click to hide stack frames")'>Click to show all stack frames</a>
<div class='stack-trace' id='stack-trace88473569'><pre>org.openqa.selenium.ElementNotInteractableException: Element &lt;select id=&quot;customer_zones&quot; class=&quot;billing-zone-list form-control form-control-lg&quot; name=&quot;zone&quot;&gt; is not reachable by keyboard
Build info: version: &apos;4.1.0&apos;, revision: &apos;87802e897b&apos;
System info: host: &apos;HJNZL001997&apos;, ip: &apos;192.168.83.131&apos;, os.name: &apos;Windows 10&apos;, os.arch: &apos;amd64&apos;, os.version: &apos;10.0&apos;, java.version: &apos;1.8.0_92&apos;
Driver info: org.openqa.selenium.firefox.FirefoxDriver
Command: [713c7f1b-a0b9-417f-a857-1b8cc3d128b5, sendKeysToElement {id=716a2ca7-82f9-403e-9b5f-83b30f6a8c12, value=[Ljava.lang.CharSequence;@75a955bf}]
Capabilities {acceptInsecureCerts: true, browserName: firefox, browserVersion: 95.0, javascriptEnabled: true, moz:accessibilityChecks: false, moz:buildID: 20211129150630, moz:debuggerAddress: localhost:51671, moz:geckodriverVersion: 0.30.0, moz:headless: false, moz:processID: 22688, moz:profile: C:\Users\aditya_dhaygude\Ap..., moz:shutdownTimeout: 60000, moz:useNonSpecCompliantPointerOrigin: false, moz:webdriverClick: true, pageLoadStrategy: normal, platform: WINDOWS, platformName: WINDOWS, platformVersion: 10.0, proxy: Proxy(), se:cdp: ws://localhost:51671/devtoo..., se:cdpVersion: 85, setWindowRect: true, strictFileInteractability: false, timeouts: {implicit: 0, pageLoad: 300000, script: 30000}, unhandledPromptBehavior: dismiss and notify}
Element: [[FirefoxDriver: firefox on WINDOWS (713c7f1b-a0b9-417f-a857-1b8cc3d128b5)] -&gt; id: customer_zones]
Session ID: 713c7f1b-a0b9-417f-a857-1b8cc3d128b5
	at sun.reflect.NativeConstructorAccessorImpl.newInstance0(Native Method)
	at sun.reflect.NativeConstructorAccessorImpl.newInstance(NativeConstructorAccessorImpl.java:62)
	at sun.reflect.DelegatingConstructorAccessorImpl.newInstance(DelegatingConstructorAccessorImpl.java:45)
	at java.lang.reflect.Constructor.newInstance(Constructor.java:423)
	at org.openqa.selenium.remote.codec.w3c.W3CHttpResponseCodec.createException(W3CHttpResponseCodec.java:200)
	at org.openqa.selenium.remote.codec.w3c.W3CHttpResponseCodec.decode(W3CHttpResponseCodec.java:133)
	at org.openqa.selenium.remote.codec.w3c.W3CHttpResponseCodec.decode(W3CHttpResponseCodec.java:53)
	at org.openqa.selenium.remote.HttpCommandExecutor.execute(HttpCommandExecutor.java:184)
	at org.openqa.selenium.remote.service.DriverCommandExecutor.invokeExecute(DriverCommandExecutor.java:164)
	at org.openqa.selenium.remote.service.DriverCommandExecutor.execute(DriverCommandExecutor.java:139)
	at org.openqa.selenium.remote.RemoteWebDriver.execute(RemoteWebDriver.java:559)
	at org.openqa.selenium.remote.RemoteWebElement.execute(RemoteWebElement.java:251)
	at org.openqa.selenium.remote.RemoteWebElement.sendKeys(RemoteWebElement.java:107)
	at pages.DashboardPage.sendDataToField(DashboardPage.java:78)
	at testcases.DashboardTest.verifyChangeAddressButton(DashboardTest.java:206)
	at sun.reflect.NativeMethodAccessorImpl.invoke0(Native Method)
	at sun.reflect.NativeMethodAccessorImpl.invoke(NativeMethodAccessorImpl.java:62)
	at sun.reflect.DelegatingMethodAccessorImpl.invoke(DelegatingMethodAccessorImpl.java:43)
	at java.lang.reflect.Method.invoke(Method.java:498)
	at org.testng.internal.MethodInvocationHelper.invokeMethod(MethodInvocationHelper.java:108)
	at org.testng.internal.Invoker.invokeMethod(Invoker.java:661)
	at org.testng.internal.Invoker.invokeTestMethod(Invoker.java:869)
	at org.testng.internal.Invoker.invokeTestMethods(Invoker.java:1193)
	at org.testng.internal.TestMethodWorker.invokeTestMethods(TestMethodWorker.java:126)
	at org.testng.internal.TestMethodWorker.run(TestMethodWorker.java:109)
	at org.testng.TestRunner.privateRun(TestRunner.java:744)
	at org.testng.TestRunner.run(TestRunner.java:602)
	at org.testng.SuiteRunner.runTest(SuiteRunner.java:380)
	at org.testng.SuiteRunner.runSequentially(SuiteRunner.java:375)
	at org.testng.SuiteRunner.privateRun(SuiteRunner.java:340)
	at org.testng.SuiteRunner.run(SuiteRunner.java:289)
	at org.testng.SuiteRunnerWorker.runSuite(SuiteRunnerWorker.java:52)
	at org.testng.SuiteRunnerWorker.run(SuiteRunnerWorker.java:86)
	at org.testng.TestNG.runSuitesSequentially(TestNG.java:1301)
	at org.testng.TestNG.runSuitesLocally(TestNG.java:1226)
	at org.testng.TestNG.runSuites(TestNG.java:1144)
	at org.testng.TestNG.run(TestNG.java:1115)
	at org.testng.remote.AbstractRemoteTestNG.run(AbstractRemoteTestNG.java:132)
	at org.testng.remote.RemoteTestNG.initAndRun(RemoteTestNG.java:230)
	at org.testng.remote.RemoteTestNG.main(RemoteTestNG.java:76)
</pre></div></td>
<td>2</td>
<td>testcases.DashboardTest@62fdb4a6</td></tr>
<tr>
<td title='testcases.DashboardTest.verifyChangeAddressButton()'><b>verifyChangeAddressButton</b><br>Test class: testcases.DashboardTest<br>Parameters: , , , , , , , , , , </td>
<td><div><pre>org.openqa.selenium.interactions.MoveTargetOutOfBoundsException: (973, -215) is out of bounds of viewport width (1280) and height (595)
Build info: version: &apos;4.1.0&apos;, revision: &apos;87802e897b&apos;
System info: host: &apos;HJNZL001997&apos;, ip: &apos;192.168.83.131&apos;, os.name: &apos;Windows 10&apos;, os.arch: &apos;amd64&apos;, os.version: &apos;10.0&apos;, java.version: &apos;1.8.0_92&apos;
Driver info: org.openqa.selenium.firefox.FirefoxDriver
Command: [713c7f1b-a0b9-417f-a857-1b8cc3d128b5, actions {actions=[org.openqa.selenium.interactions.Sequence@5168f69d]}]
Capabilities {acceptInsecureCerts: true, browserName: firefox, browserVersion: 95.0, javascriptEnabled: true, moz:accessibilityChecks: false, moz:buildID: 20211129150630, moz:debuggerAddress: localhost:51671, moz:geckodriverVersion: 0.30.0, moz:headless: false, moz:processID: 22688, moz:profile: C:\Users\aditya_dhaygude\Ap..., moz:shutdownTimeout: 60000, moz:useNonSpecCompliantPointerOrigin: false, moz:webdriverClick: true, pageLoadStrategy: normal, platform: WINDOWS, platformName: WINDOWS, platformVersion: 10.0, proxy: Proxy(), se:cdp: ws://localhost:51671/devtoo..., se:cdpVersion: 85, setWindowRect: true, strictFileInteractability: false, timeouts: {implicit: 0, pageLoad: 300000, script: 30000}, unhandledPromptBehavior: dismiss and notify}
Session ID: 713c7f1b-a0b9-417f-a857-1b8cc3d128b5
	at org.openqa.selenium.remote.codec.w3c.W3CHttpResponseCodec.createException(W3CHttpResponseCodec.java:200)
	at org.openqa.selenium.remote.codec.w3c.W3CHttpResponseCodec.decode(W3CHttpResponseCodec.java:133)
	at org.openqa.selenium.remote.codec.w3c.W3CHttpResponseCodec.decode(W3CHttpResponseCodec.java:53)
	at org.openqa.selenium.remote.HttpCommandExecutor.execute(HttpCommandExecutor.java:184)
	at org.openqa.selenium.remote.service.DriverCommandExecutor.invokeExecute(DriverCommandExecutor.java:164)
	at org.openqa.selenium.remote.service.DriverCommandExecutor.execute(DriverCommandExecutor.java:139)
	at org.openqa.selenium.remote.RemoteWebDriver.execute(RemoteWebDriver.java:559)
	at org.openqa.selenium.remote.RemoteWebDriver.perform(RemoteWebDriver.java:627)
	at org.openqa.selenium.interactions.Actions$BuiltAction.perform(Actions.java:617)
	at org.openqa.selenium.interactions.Actions.perform(Actions.java:573)
	at pages.DashboardPage.mouseHoverOnElement(DashboardPage.java:61)
	at testcases.DashboardTest.verifyChangeAddressButton(DashboardTest.java:217)
... Removed 29 stack frames</pre></div><a href='#' onClick='toggleBox("stack-trace1490573824", this, "Click to show all stack frames", "Click to hide stack frames")'>Click to show all stack frames</a>
<div class='stack-trace' id='stack-trace1490573824'><pre>org.openqa.selenium.interactions.MoveTargetOutOfBoundsException: (973, -215) is out of bounds of viewport width (1280) and height (595)
Build info: version: &apos;4.1.0&apos;, revision: &apos;87802e897b&apos;
System info: host: &apos;HJNZL001997&apos;, ip: &apos;192.168.83.131&apos;, os.name: &apos;Windows 10&apos;, os.arch: &apos;amd64&apos;, os.version: &apos;10.0&apos;, java.version: &apos;1.8.0_92&apos;
Driver info: org.openqa.selenium.firefox.FirefoxDriver
Command: [713c7f1b-a0b9-417f-a857-1b8cc3d128b5, actions {actions=[org.openqa.selenium.interactions.Sequence@5168f69d]}]
Capabilities {acceptInsecureCerts: true, browserName: firefox, browserVersion: 95.0, javascriptEnabled: true, moz:accessibilityChecks: false, moz:buildID: 20211129150630, moz:debuggerAddress: localhost:51671, moz:geckodriverVersion: 0.30.0, moz:headless: false, moz:processID: 22688, moz:profile: C:\Users\aditya_dhaygude\Ap..., moz:shutdownTimeout: 60000, moz:useNonSpecCompliantPointerOrigin: false, moz:webdriverClick: true, pageLoadStrategy: normal, platform: WINDOWS, platformName: WINDOWS, platformVersion: 10.0, proxy: Proxy(), se:cdp: ws://localhost:51671/devtoo..., se:cdpVersion: 85, setWindowRect: true, strictFileInteractability: false, timeouts: {implicit: 0, pageLoad: 300000, script: 30000}, unhandledPromptBehavior: dismiss and notify}
Session ID: 713c7f1b-a0b9-417f-a857-1b8cc3d128b5
	at sun.reflect.NativeConstructorAccessorImpl.newInstance0(Native Method)
	at sun.reflect.NativeConstructorAccessorImpl.newInstance(NativeConstructorAccessorImpl.java:62)
	at sun.reflect.DelegatingConstructorAccessorImpl.newInstance(DelegatingConstructorAccessorImpl.java:45)
	at java.lang.reflect.Constructor.newInstance(Constructor.java:423)
	at org.openqa.selenium.remote.codec.w3c.W3CHttpResponseCodec.createException(W3CHttpResponseCodec.java:200)
	at org.openqa.selenium.remote.codec.w3c.W3CHttpResponseCodec.decode(W3CHttpResponseCodec.java:133)
	at org.openqa.selenium.remote.codec.w3c.W3CHttpResponseCodec.decode(W3CHttpResponseCodec.java:53)
	at org.openqa.selenium.remote.HttpCommandExecutor.execute(HttpCommandExecutor.java:184)
	at org.openqa.selenium.remote.service.DriverCommandExecutor.invokeExecute(DriverCommandExecutor.java:164)
	at org.openqa.selenium.remote.service.DriverCommandExecutor.execute(DriverCommandExecutor.java:139)
	at org.openqa.selenium.remote.RemoteWebDriver.execute(RemoteWebDriver.java:559)
	at org.openqa.selenium.remote.RemoteWebDriver.perform(RemoteWebDriver.java:627)
	at org.openqa.selenium.interactions.Actions$BuiltAction.perform(Actions.java:617)
	at org.openqa.selenium.interactions.Actions.perform(Actions.java:573)
	at pages.DashboardPage.mouseHoverOnElement(DashboardPage.java:61)
	at testcases.DashboardTest.verifyChangeAddressButton(DashboardTest.java:217)
	at sun.reflect.NativeMethodAccessorImpl.invoke0(Native Method)
	at sun.reflect.NativeMethodAccessorImpl.invoke(NativeMethodAccessorImpl.java:62)
	at sun.reflect.DelegatingMethodAccessorImpl.invoke(DelegatingMethodAccessorImpl.java:43)
	at java.lang.reflect.Method.invoke(Method.java:498)
	at org.testng.internal.MethodInvocationHelper.invokeMethod(MethodInvocationHelper.java:108)
	at org.testng.internal.Invoker.invokeMethod(Invoker.java:661)
	at org.testng.internal.Invoker.invokeTestMethod(Invoker.java:869)
	at org.testng.internal.Invoker.invokeTestMethods(Invoker.java:1193)
	at org.testng.internal.TestMethodWorker.invokeTestMethods(TestMethodWorker.java:126)
	at org.testng.internal.TestMethodWorker.run(TestMethodWorker.java:109)
	at org.testng.TestRunner.privateRun(TestRunner.java:744)
	at org.testng.TestRunner.run(TestRunner.java:602)
	at org.testng.SuiteRunner.runTest(SuiteRunner.java:380)
	at org.testng.SuiteRunner.runSequentially(SuiteRunner.java:375)
	at org.testng.SuiteRunner.privateRun(SuiteRunner.java:340)
	at org.testng.SuiteRunner.run(SuiteRunner.java:289)
	at org.testng.SuiteRunnerWorker.runSuite(SuiteRunnerWorker.java:52)
	at org.testng.SuiteRunnerWorker.run(SuiteRunnerWorker.java:86)
	at org.testng.TestNG.runSuitesSequentially(TestNG.java:1301)
	at org.testng.TestNG.runSuitesLocally(TestNG.java:1226)
	at org.testng.TestNG.runSuites(TestNG.java:1144)
	at org.testng.TestNG.run(TestNG.java:1115)
	at org.testng.remote.AbstractRemoteTestNG.run(AbstractRemoteTestNG.java:132)
	at org.testng.remote.RemoteTestNG.initAndRun(RemoteTestNG.java:230)
	at org.testng.remote.RemoteTestNG.main(RemoteTestNG.java:76)
</pre></div></td>
<td>3</td>
<td>testcases.DashboardTest@62fdb4a6</td></tr>
</table><p>
<table width='100%' border='1' class='invocation-passed'>
<tr><td colspan='4' align='center'><b>PASSED TESTS</b></td></tr>
<tr><td><b>Test method</b></td>
<td width="30%"><b>Exception</b></td>
<td width="10%"><b>Time (seconds)</b></td>
<td><b>Instance</b></td>
</tr>
<tr>
<td title='testcases.RegistrationTest.TC14_verifyPasswordsMismatchError()'><b>TC14_verifyPasswordsMismatchError</b><br>Test class: testcases.RegistrationTest</td>
<td></td>
<td>6</td>
<td>testcases.RegistrationTest@4df828d7</td></tr>
<tr>
<td title='testcases.CartTest.TC1_modifyQuantity()'><b>TC1_modifyQuantity</b><br>Test class: testcases.CartTest<br>Test method: Modify quantity present in the cart</td>
<td></td>
<td>5</td>
<td>testcases.CartTest@31206beb</td></tr>
<tr>
<td title='testcases.RegistrationTest.TC1_verifyAllFieldsPresent()'><b>TC1_verifyAllFieldsPresent</b><br>Test class: testcases.RegistrationTest</td>
<td></td>
<td>1</td>
<td>testcases.RegistrationTest@4df828d7</td></tr>
<tr>
<td title='testcases.SigninTest.TC1_verifyAllFieldsPresent()'><b>TC1_verifyAllFieldsPresent</b><br>Test class: testcases.SigninTest</td>
<td></td>
<td>3</td>
<td>testcases.SigninTest@b59d31</td></tr>
<tr>
<td title='testcases.CartTest.TC2_checkRecalculateButton()'><b>TC2_checkRecalculateButton</b><br>Test class: testcases.CartTest<br>Test method: Checking Recalculate Button Functionality</td>
<td></td>
<td>0</td>
<td>testcases.CartTest@31206beb</td></tr>
<tr>
<td title='testcases.SigninTest.TC2_verifyAllLabels()'><b>TC2_verifyAllLabels</b><br>Test class: testcases.SigninTest</td>
<td></td>
<td>1</td>
<td>testcases.SigninTest@b59d31</td></tr>
<tr>
<td title='testcases.CartTest.TC3_checkContinueShopping()'><b>TC3_checkContinueShopping</b><br>Test class: testcases.CartTest<br>Test method: Checking continue button functionality</td>
<td></td>
<td>0</td>
<td>testcases.CartTest@31206beb</td></tr>
<tr>
<td title='testcases.RegistrationTest.TC3_verifyAllLabels()'><b>TC3_verifyAllLabels</b><br>Test class: testcases.RegistrationTest</td>
<td></td>
<td>1</td>
<td>testcases.RegistrationTest@4df828d7</td></tr>
<tr>
<td title='testcases.SigninTest.TC3_verifySigninPageLoadsWithoutData()'><b>TC3_verifySigninPageLoadsWithoutData</b><br>Test class: testcases.SigninTest</td>
<td></td>
<td>1</td>
<td>testcases.SigninTest@b59d31</td></tr>
<tr>
<td title='testcases.CartTest.TC4_orderConfirmCheckout()'><b>TC4_orderConfirmCheckout</b><br>Test class: testcases.CartTest<br>Test method: Check that order can be confirmed and checked</td>
<td></td>
<td>1</td>
<td>testcases.CartTest@31206beb</td></tr>
<tr>
<td title='testcases.RegistrationTest.TC4_verifyPageLoadsWithoutData()'><b>TC4_verifyPageLoadsWithoutData</b><br>Test class: testcases.RegistrationTest</td>
<td></td>
<td>1</td>
<td>testcases.RegistrationTest@4df828d7</td></tr>
<tr>
<td title='testcases.SigninTest.TC4_verifyTabFunctionality()'><b>TC4_verifyTabFunctionality</b><br>Test class: testcases.SigninTest</td>
<td></td>
<td>0</td>
<td>testcases.SigninTest@b59d31</td></tr>
<tr>
<td title='testcases.CartTest.TC5_cancelItem()'><b>TC5_cancelItem</b><br>Test class: testcases.CartTest<br>Test method: Cancel Item present in cart</td>
<td></td>
<td>0</td>
<td>testcases.CartTest@31206beb</td></tr>
<tr>
<td title='testcases.SigninTest.TC5_verifySigninWithValidData()'><b>TC5_verifySigninWithValidData</b><br>Test class: testcases.SigninTest<br>Parameters: oechslin@sbcglobal.net, Abcd@126</td>
<td></td>
<td>1</td>
<td>testcases.SigninTest@b59d31</td></tr>
<tr>
<td title='testcases.SigninTest.TC5_verifySigninWithValidData()'><b>TC5_verifySigninWithValidData</b><br>Test class: testcases.SigninTest<br>Parameters: goresky@aol.com, Abcd@127</td>
<td></td>
<td>0</td>
<td>testcases.SigninTest@b59d31</td></tr>
<tr>
<td title='testcases.RegistrationTest.TC5_verifyTabFunctionality()'><b>TC5_verifyTabFunctionality</b><br>Test class: testcases.RegistrationTest</td>
<td></td>
<td>0</td>
<td>testcases.RegistrationTest@4df828d7</td></tr>
<tr>
<td title='testcases.RegistrationTest.TC6_registerWithoutData()'><b>TC6_registerWithoutData</b><br>Test class: testcases.RegistrationTest</td>
<td></td>
<td>0</td>
<td>testcases.RegistrationTest@4df828d7</td></tr>
<tr>
<td title='testcases.SigninTest.TC6_verifyEnterfunctionality()'><b>TC6_verifyEnterfunctionality</b><br>Test class: testcases.SigninTest<br>Parameters: oechslin@sbcglobal.net, Abcd@126</td>
<td></td>
<td>0</td>
<td>testcases.SigninTest@b59d31</td></tr>
<tr>
<td title='testcases.SigninTest.TC6_verifyEnterfunctionality()'><b>TC6_verifyEnterfunctionality</b><br>Test class: testcases.SigninTest<br>Parameters: goresky@aol.com, Abcd@127</td>
<td></td>
<td>0</td>
<td>testcases.SigninTest@b59d31</td></tr>
<tr>
<td title='testcases.SigninTest.TC7_verifyTheRegisterButton()'><b>TC7_verifyTheRegisterButton</b><br>Test class: testcases.SigninTest</td>
<td></td>
<td>1</td>
<td>testcases.SigninTest@b59d31</td></tr>
<tr>
<td title='testcases.CategoryTest.addToCart()'><b>addToCart</b><br>Test class: testcases.CategoryTest</td>
<td></td>
<td>3</td>
<td>testcases.CategoryTest@11e21d0e</td></tr>
<tr>
<td title='testcases.SigninTest.ddt()'><b>ddt</b><br>Test class: testcases.SigninTest<br>Parameters: oechslin@sbcglobal.net, Abcd@126</td>
<td></td>
<td>0</td>
<td>testcases.SigninTest@b59d31</td></tr>
<tr>
<td title='testcases.SigninTest.ddt()'><b>ddt</b><br>Test class: testcases.SigninTest<br>Parameters: goresky@aol.com, Abcd@127</td>
<td></td>
<td>0</td>
<td>testcases.SigninTest@b59d31</td></tr>
<tr>
<td title='testcases.CategoryTest.selectCategory()'><b>selectCategory</b><br>Test class: testcases.CategoryTest</td>
<td></td>
<td>1</td>
<td>testcases.CategoryTest@11e21d0e</td></tr>
<tr>
<td title='testcases.CategoryTest.selectCollection()'><b>selectCollection</b><br>Test class: testcases.CategoryTest</td>
<td></td>
<td>2</td>
<td>testcases.CategoryTest@11e21d0e</td></tr>
<tr>
<td title='testcases.HomeTest.verifyAddToCartButton()'><b>verifyAddToCartButton</b><br>Test class: testcases.HomeTest</td>
<td></td>
<td>6</td>
<td>testcases.HomeTest@5e25a92e</td></tr>
<tr>
<td title='testcases.DashboardTest.verifyBillingAndShippingInformationLink()'><b>verifyBillingAndShippingInformationLink</b><br>Test class: testcases.DashboardTest</td>
<td></td>
<td>4</td>
<td>testcases.DashboardTest@62fdb4a6</td></tr>
<tr>
<td title='testcases.IndividualTest.verifyCart()'><b>verifyCart</b><br>Test class: testcases.IndividualTest</td>
<td></td>
<td>3</td>
<td>testcases.IndividualTest@1dd02175</td></tr>
<tr>
<td title='testcases.DashboardTest.verifyChangePasswordButton()'><b>verifyChangePasswordButton</b><br>Test class: testcases.DashboardTest<br>Parameters: Captain, America, ABCXYZ, Street 1 abc, Sydney, Australia, New South Wales, 2004, 1232123, abc1@gmail.com, 12345678</td>
<td></td>
<td>2</td>
<td>testcases.DashboardTest@62fdb4a6</td></tr>
<tr>
<td title='testcases.DashboardTest.verifyChangePasswordButton()'><b>verifyChangePasswordButton</b><br>Test class: testcases.DashboardTest<br>Parameters: Captain, America, ABCXYZ, Street 1 abc, Sydney, Australia, New South Wales1, 2004, 1232123, abc1@gmail.com, 12345678</td>
<td></td>
<td>2</td>
<td>testcases.DashboardTest@62fdb4a6</td></tr>
<tr>
<td title='testcases.DashboardTest.verifyChangePasswordButton()'><b>verifyChangePasswordButton</b><br>Test class: testcases.DashboardTest<br>Parameters: , , , , , , , , , , </td>
<td></td>
<td>2</td>
<td>testcases.DashboardTest@62fdb4a6</td></tr>
<tr>
<td title='testcases.DashboardTest.verifyChangePasswordLink()'><b>verifyChangePasswordLink</b><br>Test class: testcases.DashboardTest</td>
<td></td>
<td>1</td>
<td>testcases.DashboardTest@62fdb4a6</td></tr>
<tr>
<td title='testcases.HomeTest.verifyCheckoutButton()'><b>verifyCheckoutButton</b><br>Test class: testcases.HomeTest</td>
<td></td>
<td>1</td>
<td>testcases.HomeTest@5e25a92e</td></tr>
<tr>
<td title='testcases.HomeTest.verifyDiscountedPriceAndColor()'><b>verifyDiscountedPriceAndColor</b><br>Test class: testcases.HomeTest</td>
<td></td>
<td>0</td>
<td>testcases.HomeTest@5e25a92e</td></tr>
<tr>
<td title='testcases.DashboardTest.verifyEditAddressLink()'><b>verifyEditAddressLink</b><br>Test class: testcases.DashboardTest</td>
<td></td>
<td>2</td>
<td>testcases.DashboardTest@62fdb4a6</td></tr>
<tr>
<td title='testcases.HomeTest.verifyEmailAndPhone()'><b>verifyEmailAndPhone</b><br>Test class: testcases.HomeTest</td>
<td></td>
<td>0</td>
<td>testcases.HomeTest@5e25a92e</td></tr>
<tr>
<td title='testcases.DashboardTest.verifyLogoutLink()'><b>verifyLogoutLink</b><br>Test class: testcases.DashboardTest</td>
<td></td>
<td>1</td>
<td>testcases.DashboardTest@62fdb4a6</td></tr>
<tr>
<td title='testcases.HomeTest.verifyMouseHoverEffect()'><b>verifyMouseHoverEffect</b><br>Test class: testcases.HomeTest</td>
<td></td>
<td>1</td>
<td>testcases.HomeTest@5e25a92e</td></tr>
<tr>
<td title='testcases.DashboardTest.verifyMyAccountLink()'><b>verifyMyAccountLink</b><br>Test class: testcases.DashboardTest</td>
<td></td>
<td>1</td>
<td>testcases.DashboardTest@62fdb4a6</td></tr>
<tr>
<td title='testcases.HomeTest.verifyMyAccountLinks()'><b>verifyMyAccountLinks</b><br>Test class: testcases.HomeTest</td>
<td></td>
<td>2</td>
<td>testcases.HomeTest@5e25a92e</td></tr>
<tr>
<td title='testcases.IndividualTest.verifyOpenProductPage()'><b>verifyOpenProductPage</b><br>Test class: testcases.IndividualTest</td>
<td></td>
<td>0</td>
<td>testcases.IndividualTest@1dd02175</td></tr>
<tr>
<td title='testcases.HomeTest.verifyPageLink()'><b>verifyPageLink</b><br>Test class: testcases.HomeTest</td>
<td></td>
<td>0</td>
<td>testcases.HomeTest@5e25a92e</td></tr>
<tr>
<td title='testcases.HomeTest.verifyProductsHyperLinks()'><b>verifyProductsHyperLinks</b><br>Test class: testcases.HomeTest</td>
<td></td>
<td>5</td>
<td>testcases.HomeTest@5e25a92e</td></tr>
<tr>
<td title='testcases.IndividualTest.verifyRating()'><b>verifyRating</b><br>Test class: testcases.IndividualTest</td>
<td></td>
<td>0</td>
<td>testcases.IndividualTest@1dd02175</td></tr>
<tr>
<td title='testcases.DashboardTest.verifyRecentOrdersLink()'><b>verifyRecentOrdersLink</b><br>Test class: testcases.DashboardTest</td>
<td></td>
<td>1</td>
<td>testcases.DashboardTest@62fdb4a6</td></tr>
<tr>
<td title='testcases.HomeTest.verifyRemoveFromCartButton()'><b>verifyRemoveFromCartButton</b><br>Test class: testcases.HomeTest</td>
<td></td>
<td>1</td>
<td>testcases.HomeTest@5e25a92e</td></tr>
<tr>
<td title='testcases.HomeTest.verifyTranslator()'><b>verifyTranslator</b><br>Test class: testcases.HomeTest</td>
<td></td>
<td>1</td>
<td>testcases.HomeTest@5e25a92e</td></tr>
<tr>
<td title='testcases.HomeTest.verifylogout()'><b>verifylogout</b><br>Test class: testcases.HomeTest</td>
<td></td>
<td>2</td>
<td>testcases.HomeTest@5e25a92e</td></tr>
</table><p>
</body>
</html>