<?xml version="1.0" encoding="UTF-8"?>
<!-- Generated by org.testng.reporters.JUnitXMLReporter -->
<testsuite hostname="HJNZL001997" ignored="0" name="Shopizer FirefoxTests" tests="62" failures="14" timestamp="17 Dec 2021 08:47:21 GMT" time="227.367" errors="0">
  <testcase name="verifyAddToCartButton" time="6.049" classname="testcases.HomeTest"/>
  <testcase name="verifyCheckoutButton" time="1.397" classname="testcases.HomeTest"/>
  <testcase name="verifyDiscountedPriceAndColor" time="0.385" classname="testcases.HomeTest"/>
  <testcase name="verifyEmailAndPhone" time="0.776" classname="testcases.HomeTest"/>
  <testcase name="verifyMouseHoverEffect" time="1.34" classname="testcases.HomeTest"/>
  <testcase name="verifyMyAccountLinks" time="2.13" classname="testcases.HomeTest"/>
  <testcase name="verifyPageLink" time="0.672" classname="testcases.HomeTest"/>
  <testcase name="verifyProductsHyperLinks" time="5.211" classname="testcases.HomeTest"/>
  <testcase name="verifyRemoveFromCartButton" time="1.2" classname="testcases.HomeTest"/>
  <testcase name="verifyTranslator" time="1.64" classname="testcases.HomeTest"/>
  <testcase name="verifylogout" time="2.019" classname="testcases.HomeTest"/>
  <testcase name="TC14_verifyPasswordsMismatchError" time="6.905" classname="testcases.RegistrationTest"/>
  <testcase name="TC1_verifyAllFieldsPresent" time="1.005" classname="testcases.RegistrationTest"/>
  <testcase name="TC3_verifyAllLabels" time="1.128" classname="testcases.RegistrationTest"/>
  <testcase name="TC4_verifyPageLoadsWithoutData" time="1.213" classname="testcases.RegistrationTest"/>
  <testcase name="TC5_verifyTabFunctionality" time="0.572" classname="testcases.RegistrationTest"/>
  <testcase name="TC6_registerWithoutData" time="0.671" classname="testcases.RegistrationTest"/>
  <testcase name="TC7_registrationWithValidData" time="1.445" classname="testcases.RegistrationTest">
    <failure type="java.lang.AssertionError" message="
Expected: is &amp;quot;Welcome Jeremiah&amp;quot;
     but: was &amp;quot;My Account&amp;quot;">
      <![CDATA[java.lang.AssertionError: 
Expected: is "Welcome Jeremiah"
     but: was "My Account"
	at org.hamcrest.MatcherAssert.assertThat(MatcherAssert.java:20)
	at org.junit.Assert.assertThat(Assert.java:956)
	at org.junit.Assert.assertThat(Assert.java:923)
	at pages.RegistrationPage.verifyAccountLogin(RegistrationPage.java:98)
	at testcases.RegistrationTest.TC7_registrationWithValidData(RegistrationTest.java:111)
... Removed 25 stack frames]]>
    </failure>
  </testcase> <!-- TC7_registrationWithValidData -->
  <testcase name="TC7_registrationWithValidData" time="1.437" classname="testcases.RegistrationTest">
    <failure type="java.lang.AssertionError" message="
Expected: is &amp;quot;Welcome Jaylon&amp;quot;
     but: was &amp;quot;My Account&amp;quot;">
      <![CDATA[java.lang.AssertionError: 
Expected: is "Welcome Jaylon"
     but: was "My Account"
	at org.hamcrest.MatcherAssert.assertThat(MatcherAssert.java:20)
	at org.junit.Assert.assertThat(Assert.java:956)
	at org.junit.Assert.assertThat(Assert.java:923)
	at pages.RegistrationPage.verifyAccountLogin(RegistrationPage.java:98)
	at testcases.RegistrationTest.TC7_registrationWithValidData(RegistrationTest.java:111)
... Removed 25 stack frames]]>
    </failure>
  </testcase> <!-- TC7_registrationWithValidData -->
  <testcase name="TC8_verifyEnterFunctionality" time="1.026" classname="testcases.RegistrationTest">
    <failure type="java.lang.AssertionError" message="
Expected: is &amp;quot;Welcome TestFN&amp;quot;
     but: was &amp;quot;My Account&amp;quot;">
      <![CDATA[java.lang.AssertionError: 
Expected: is "Welcome TestFN"
     but: was "My Account"
	at org.hamcrest.MatcherAssert.assertThat(MatcherAssert.java:20)
	at org.junit.Assert.assertThat(Assert.java:956)
	at org.junit.Assert.assertThat(Assert.java:923)
	at pages.RegistrationPage.verifyAccountLogin(RegistrationPage.java:98)
	at testcases.RegistrationTest.TC8_verifyEnterFunctionality(RegistrationTest.java:130)
... Removed 25 stack frames]]>
    </failure>
  </testcase> <!-- TC8_verifyEnterFunctionality -->
  <testcase name="TC1_verifyAllFieldsPresent" time="3.109" classname="testcases.SigninTest"/>
  <testcase name="TC2_verifyAllLabels" time="1.011" classname="testcases.SigninTest"/>
  <testcase name="TC3_verifySigninPageLoadsWithoutData" time="1.12" classname="testcases.SigninTest"/>
  <testcase name="TC4_verifyTabFunctionality" time="0.336" classname="testcases.SigninTest"/>
  <testcase name="TC5_verifySigninWithValidData" time="1.186" classname="testcases.SigninTest"/>
  <testcase name="TC5_verifySigninWithValidData" time="0.991" classname="testcases.SigninTest"/>
  <testcase name="TC6_verifyEnterfunctionality" time="0.326" classname="testcases.SigninTest"/>
  <testcase name="TC6_verifyEnterfunctionality" time="0.482" classname="testcases.SigninTest"/>
  <testcase name="TC7_verifyTheRegisterButton" time="1.256" classname="testcases.SigninTest"/>
  <testcase name="ddt" time="0.001" classname="testcases.SigninTest"/>
  <testcase name="ddt" time="0.0" classname="testcases.SigninTest"/>
  <testcase name="verifyBillingAndShippingInformationLink" time="4.637" classname="testcases.DashboardTest"/>
  <testcase name="verifyChangeAddressButton" time="2.608" classname="testcases.DashboardTest">
    <failure type="org.openqa.selenium.ElementNotInteractableException" message="Element &amp;lt;select id=&amp;quot;customer_zones&amp;quot; class=&amp;quot;billing-zone-list form-control form-control-lg&amp;quot; name=&amp;quot;zone&amp;quot;&amp;gt; is not reachable by keyboard
Build info: version: &amp;apos;4.1.0&amp;apos;, revision: &amp;apos;87802e897b&amp;apos;
System info: host: &amp;apos;HJNZL001997&amp;apos;, ip: &amp;apos;192.168.83.131&amp;apos;, os.name: &amp;apos;Windows 10&amp;apos;, os.arch: &amp;apos;amd64&amp;apos;, os.version: &amp;apos;10.0&amp;apos;, java.version: &amp;apos;1.8.0_92&amp;apos;
Driver info: org.openqa.selenium.firefox.FirefoxDriver
Command: [713c7f1b-a0b9-417f-a857-1b8cc3d128b5, sendKeysToElement {id=202a7d55-5406-4274-bee6-da855f5fe8de, value=[Ljava.lang.CharSequence;@5323b690}]
Capabilities {acceptInsecureCerts: true, browserName: firefox, browserVersion: 95.0, javascriptEnabled: true, moz:accessibilityChecks: false, moz:buildID: 20211129150630, moz:debuggerAddress: localhost:51671, moz:geckodriverVersion: 0.30.0, moz:headless: false, moz:processID: 22688, moz:profile: C:\Users\aditya_dhaygude\Ap..., moz:shutdownTimeout: 60000, moz:useNonSpecCompliantPointerOrigin: false, moz:webdriverClick: true, pageLoadStrategy: normal, platform: WINDOWS, platformName: WINDOWS, platformVersion: 10.0, proxy: Proxy(), se:cdp: ws://localhost:51671/devtoo..., se:cdpVersion: 85, setWindowRect: true, strictFileInteractability: false, timeouts: {implicit: 0, pageLoad: 300000, script: 30000}, unhandledPromptBehavior: dismiss and notify}
Element: [[FirefoxDriver: firefox on WINDOWS (713c7f1b-a0b9-417f-a857-1b8cc3d128b5)] -&amp;gt; id: customer_zones]
Session ID: 713c7f1b-a0b9-417f-a857-1b8cc3d128b5">
      <![CDATA[org.openqa.selenium.ElementNotInteractableException: Element <select id="customer_zones" class="billing-zone-list form-control form-control-lg" name="zone"> is not reachable by keyboard
Build info: version: '4.1.0', revision: '87802e897b'
System info: host: 'HJNZL001997', ip: '192.168.83.131', os.name: 'Windows 10', os.arch: 'amd64', os.version: '10.0', java.version: '1.8.0_92'
Driver info: org.openqa.selenium.firefox.FirefoxDriver
Command: [713c7f1b-a0b9-417f-a857-1b8cc3d128b5, sendKeysToElement {id=202a7d55-5406-4274-bee6-da855f5fe8de, value=[Ljava.lang.CharSequence;@5323b690}]
Capabilities {acceptInsecureCerts: true, browserName: firefox, browserVersion: 95.0, javascriptEnabled: true, moz:accessibilityChecks: false, moz:buildID: 20211129150630, moz:debuggerAddress: localhost:51671, moz:geckodriverVersion: 0.30.0, moz:headless: false, moz:processID: 22688, moz:profile: C:\Users\aditya_dhaygude\Ap..., moz:shutdownTimeout: 60000, moz:useNonSpecCompliantPointerOrigin: false, moz:webdriverClick: true, pageLoadStrategy: normal, platform: WINDOWS, platformName: WINDOWS, platformVersion: 10.0, proxy: Proxy(), se:cdp: ws://localhost:51671/devtoo..., se:cdpVersion: 85, setWindowRect: true, strictFileInteractability: false, timeouts: {implicit: 0, pageLoad: 300000, script: 30000}, unhandledPromptBehavior: dismiss and notify}
Element: [[FirefoxDriver: firefox on WINDOWS (713c7f1b-a0b9-417f-a857-1b8cc3d128b5)] -> id: customer_zones]
Session ID: 713c7f1b-a0b9-417f-a857-1b8cc3d128b5
	at org.openqa.selenium.remote.codec.w3c.W3CHttpResponseCodec.createException(W3CHttpResponseCodec.java:200)
	at org.openqa.selenium.remote.codec.w3c.W3CHttpResponseCodec.decode(W3CHttpResponseCodec.java:133)
	at org.openqa.selenium.remote.codec.w3c.W3CHttpResponseCodec.decode(W3CHttpResponseCodec.java:53)
	at org.openqa.selenium.remote.HttpCommandExecutor.execute(HttpCommandExecutor.java:184)
	at org.openqa.selenium.remote.service.DriverCommandExecutor.invokeExecute(DriverCommandExecutor.java:164)
	at org.openqa.selenium.remote.service.DriverCommandExecutor.execute(DriverCommandExecutor.java:139)
	at org.openqa.selenium.remote.RemoteWebDriver.execute(RemoteWebDriver.java:559)
	at org.openqa.selenium.remote.RemoteWebElement.execute(RemoteWebElement.java:251)
	at org.openqa.selenium.remote.RemoteWebElement.sendKeys(RemoteWebElement.java:107)
	at pages.DashboardPage.sendDataToField(DashboardPage.java:78)
	at testcases.DashboardTest.verifyChangeAddressButton(DashboardTest.java:206)
... Removed 29 stack frames]]>
    </failure>
  </testcase> <!-- verifyChangeAddressButton -->
  <testcase name="verifyChangeAddressButton" time="2.871" classname="testcases.DashboardTest">
    <failure type="org.openqa.selenium.ElementNotInteractableException" message="Element &amp;lt;select id=&amp;quot;customer_zones&amp;quot; class=&amp;quot;billing-zone-list form-control form-control-lg&amp;quot; name=&amp;quot;zone&amp;quot;&amp;gt; is not reachable by keyboard
Build info: version: &amp;apos;4.1.0&amp;apos;, revision: &amp;apos;87802e897b&amp;apos;
System info: host: &amp;apos;HJNZL001997&amp;apos;, ip: &amp;apos;192.168.83.131&amp;apos;, os.name: &amp;apos;Windows 10&amp;apos;, os.arch: &amp;apos;amd64&amp;apos;, os.version: &amp;apos;10.0&amp;apos;, java.version: &amp;apos;1.8.0_92&amp;apos;
Driver info: org.openqa.selenium.firefox.FirefoxDriver
Command: [713c7f1b-a0b9-417f-a857-1b8cc3d128b5, sendKeysToElement {id=716a2ca7-82f9-403e-9b5f-83b30f6a8c12, value=[Ljava.lang.CharSequence;@75a955bf}]
Capabilities {acceptInsecureCerts: true, browserName: firefox, browserVersion: 95.0, javascriptEnabled: true, moz:accessibilityChecks: false, moz:buildID: 20211129150630, moz:debuggerAddress: localhost:51671, moz:geckodriverVersion: 0.30.0, moz:headless: false, moz:processID: 22688, moz:profile: C:\Users\aditya_dhaygude\Ap..., moz:shutdownTimeout: 60000, moz:useNonSpecCompliantPointerOrigin: false, moz:webdriverClick: true, pageLoadStrategy: normal, platform: WINDOWS, platformName: WINDOWS, platformVersion: 10.0, proxy: Proxy(), se:cdp: ws://localhost:51671/devtoo..., se:cdpVersion: 85, setWindowRect: true, strictFileInteractability: false, timeouts: {implicit: 0, pageLoad: 300000, script: 30000}, unhandledPromptBehavior: dismiss and notify}
Element: [[FirefoxDriver: firefox on WINDOWS (713c7f1b-a0b9-417f-a857-1b8cc3d128b5)] -&amp;gt; id: customer_zones]
Session ID: 713c7f1b-a0b9-417f-a857-1b8cc3d128b5">
      <![CDATA[org.openqa.selenium.ElementNotInteractableException: Element <select id="customer_zones" class="billing-zone-list form-control form-control-lg" name="zone"> is not reachable by keyboard
Build info: version: '4.1.0', revision: '87802e897b'
System info: host: 'HJNZL001997', ip: '192.168.83.131', os.name: 'Windows 10', os.arch: 'amd64', os.version: '10.0', java.version: '1.8.0_92'
Driver info: org.openqa.selenium.firefox.FirefoxDriver
Command: [713c7f1b-a0b9-417f-a857-1b8cc3d128b5, sendKeysToElement {id=716a2ca7-82f9-403e-9b5f-83b30f6a8c12, value=[Ljava.lang.CharSequence;@75a955bf}]
Capabilities {acceptInsecureCerts: true, browserName: firefox, browserVersion: 95.0, javascriptEnabled: true, moz:accessibilityChecks: false, moz:buildID: 20211129150630, moz:debuggerAddress: localhost:51671, moz:geckodriverVersion: 0.30.0, moz:headless: false, moz:processID: 22688, moz:profile: C:\Users\aditya_dhaygude\Ap..., moz:shutdownTimeout: 60000, moz:useNonSpecCompliantPointerOrigin: false, moz:webdriverClick: true, pageLoadStrategy: normal, platform: WINDOWS, platformName: WINDOWS, platformVersion: 10.0, proxy: Proxy(), se:cdp: ws://localhost:51671/devtoo..., se:cdpVersion: 85, setWindowRect: true, strictFileInteractability: false, timeouts: {implicit: 0, pageLoad: 300000, script: 30000}, unhandledPromptBehavior: dismiss and notify}
Element: [[FirefoxDriver: firefox on WINDOWS (713c7f1b-a0b9-417f-a857-1b8cc3d128b5)] -> id: customer_zones]
Session ID: 713c7f1b-a0b9-417f-a857-1b8cc3d128b5
	at org.openqa.selenium.remote.codec.w3c.W3CHttpResponseCodec.createException(W3CHttpResponseCodec.java:200)
	at org.openqa.selenium.remote.codec.w3c.W3CHttpResponseCodec.decode(W3CHttpResponseCodec.java:133)
	at org.openqa.selenium.remote.codec.w3c.W3CHttpResponseCodec.decode(W3CHttpResponseCodec.java:53)
	at org.openqa.selenium.remote.HttpCommandExecutor.execute(HttpCommandExecutor.java:184)
	at org.openqa.selenium.remote.service.DriverCommandExecutor.invokeExecute(DriverCommandExecutor.java:164)
	at org.openqa.selenium.remote.service.DriverCommandExecutor.execute(DriverCommandExecutor.java:139)
	at org.openqa.selenium.remote.RemoteWebDriver.execute(RemoteWebDriver.java:559)
	at org.openqa.selenium.remote.RemoteWebElement.execute(RemoteWebElement.java:251)
	at org.openqa.selenium.remote.RemoteWebElement.sendKeys(RemoteWebElement.java:107)
	at pages.DashboardPage.sendDataToField(DashboardPage.java:78)
	at testcases.DashboardTest.verifyChangeAddressButton(DashboardTest.java:206)
... Removed 29 stack frames]]>
    </failure>
  </testcase> <!-- verifyChangeAddressButton -->
  <testcase name="verifyChangeAddressButton" time="3.091" classname="testcases.DashboardTest">
    <failure type="org.openqa.selenium.interactions.MoveTargetOutOfBoundsException" message="(973, -215) is out of bounds of viewport width (1280) and height (595)
Build info: version: &amp;apos;4.1.0&amp;apos;, revision: &amp;apos;87802e897b&amp;apos;
System info: host: &amp;apos;HJNZL001997&amp;apos;, ip: &amp;apos;192.168.83.131&amp;apos;, os.name: &amp;apos;Windows 10&amp;apos;, os.arch: &amp;apos;amd64&amp;apos;, os.version: &amp;apos;10.0&amp;apos;, java.version: &amp;apos;1.8.0_92&amp;apos;
Driver info: org.openqa.selenium.firefox.FirefoxDriver
Command: [713c7f1b-a0b9-417f-a857-1b8cc3d128b5, actions {actions=[org.openqa.selenium.interactions.Sequence@5168f69d]}]
Capabilities {acceptInsecureCerts: true, browserName: firefox, browserVersion: 95.0, javascriptEnabled: true, moz:accessibilityChecks: false, moz:buildID: 20211129150630, moz:debuggerAddress: localhost:51671, moz:geckodriverVersion: 0.30.0, moz:headless: false, moz:processID: 22688, moz:profile: C:\Users\aditya_dhaygude\Ap..., moz:shutdownTimeout: 60000, moz:useNonSpecCompliantPointerOrigin: false, moz:webdriverClick: true, pageLoadStrategy: normal, platform: WINDOWS, platformName: WINDOWS, platformVersion: 10.0, proxy: Proxy(), se:cdp: ws://localhost:51671/devtoo..., se:cdpVersion: 85, setWindowRect: true, strictFileInteractability: false, timeouts: {implicit: 0, pageLoad: 300000, script: 30000}, unhandledPromptBehavior: dismiss and notify}
Session ID: 713c7f1b-a0b9-417f-a857-1b8cc3d128b5">
      <![CDATA[org.openqa.selenium.interactions.MoveTargetOutOfBoundsException: (973, -215) is out of bounds of viewport width (1280) and height (595)
Build info: version: '4.1.0', revision: '87802e897b'
System info: host: 'HJNZL001997', ip: '192.168.83.131', os.name: 'Windows 10', os.arch: 'amd64', os.version: '10.0', java.version: '1.8.0_92'
Driver info: org.openqa.selenium.firefox.FirefoxDriver
Command: [713c7f1b-a0b9-417f-a857-1b8cc3d128b5, actions {actions=[org.openqa.selenium.interactions.Sequence@5168f69d]}]
Capabilities {acceptInsecureCerts: true, browserName: firefox, browserVersion: 95.0, javascriptEnabled: true, moz:accessibilityChecks: false, moz:buildID: 20211129150630, moz:debuggerAddress: localhost:51671, moz:geckodriverVersion: 0.30.0, moz:headless: false, moz:processID: 22688, moz:profile: C:\Users\aditya_dhaygude\Ap..., moz:shutdownTimeout: 60000, moz:useNonSpecCompliantPointerOrigin: false, moz:webdriverClick: true, pageLoadStrategy: normal, platform: WINDOWS, platformName: WINDOWS, platformVersion: 10.0, proxy: Proxy(), se:cdp: ws://localhost:51671/devtoo..., se:cdpVersion: 85, setWindowRect: true, strictFileInteractability: false, timeouts: {implicit: 0, pageLoad: 300000, script: 30000}, unhandledPromptBehavior: dismiss and notify}
Session ID: 713c7f1b-a0b9-417f-a857-1b8cc3d128b5
	at org.openqa.selenium.remote.codec.w3c.W3CHttpResponseCodec.createException(W3CHttpResponseCodec.java:200)
	at org.openqa.selenium.remote.codec.w3c.W3CHttpResponseCodec.decode(W3CHttpResponseCodec.java:133)
	at org.openqa.selenium.remote.codec.w3c.W3CHttpResponseCodec.decode(W3CHttpResponseCodec.java:53)
	at org.openqa.selenium.remote.HttpCommandExecutor.execute(HttpCommandExecutor.java:184)
	at org.openqa.selenium.remote.service.DriverCommandExecutor.invokeExecute(DriverCommandExecutor.java:164)
	at org.openqa.selenium.remote.service.DriverCommandExecutor.execute(DriverCommandExecutor.java:139)
	at org.openqa.selenium.remote.RemoteWebDriver.execute(RemoteWebDriver.java:559)
	at org.openqa.selenium.remote.RemoteWebDriver.perform(RemoteWebDriver.java:627)
	at org.openqa.selenium.interactions.Actions$BuiltAction.perform(Actions.java:617)
	at org.openqa.selenium.interactions.Actions.perform(Actions.java:573)
	at pages.DashboardPage.mouseHoverOnElement(DashboardPage.java:61)
	at testcases.DashboardTest.verifyChangeAddressButton(DashboardTest.java:217)
... Removed 29 stack frames]]>
    </failure>
  </testcase> <!-- verifyChangeAddressButton -->
  <testcase name="verifyChangePasswordButton" time="2.459" classname="testcases.DashboardTest"/>
  <testcase name="verifyChangePasswordButton" time="2.583" classname="testcases.DashboardTest"/>
  <testcase name="verifyChangePasswordButton" time="2.769" classname="testcases.DashboardTest"/>
  <testcase name="verifyChangePasswordLink" time="1.849" classname="testcases.DashboardTest"/>
  <testcase name="verifyEditAddressLink" time="2.689" classname="testcases.DashboardTest"/>
  <testcase name="verifyLogoutLink" time="1.477" classname="testcases.DashboardTest"/>
  <testcase name="verifyMyAccountLink" time="1.595" classname="testcases.DashboardTest"/>
  <testcase name="verifyRecentOrdersLink" time="1.971" classname="testcases.DashboardTest"/>
  <testcase name="addToCart" time="3.923" classname="testcases.CategoryTest"/>
  <testcase name="productLink" time="1.22" classname="testcases.CategoryTest">
    <failure type="java.lang.AssertionError" message="
Expected: is &amp;quot;Vintage courier bag&amp;quot;
     but: was &amp;quot;Vintage Bags - Handbags&amp;quot;">
      <![CDATA[java.lang.AssertionError: 
Expected: is "Vintage courier bag"
     but: was "Vintage Bags - Handbags"
	at org.hamcrest.MatcherAssert.assertThat(MatcherAssert.java:20)
	at org.junit.Assert.assertThat(Assert.java:956)
	at org.junit.Assert.assertThat(Assert.java:923)
	at pages.CategoryPage.assertTitle(CategoryPage.java:99)
	at testcases.CategoryTest.productLink(CategoryTest.java:49)
... Removed 25 stack frames]]>
    </failure>
  </testcase> <!-- productLink -->
  <testcase name="selectCategory" time="1.384" classname="testcases.CategoryTest"/>
  <testcase name="selectCollection" time="2.07" classname="testcases.CategoryTest"/>
  <testcase name="sortByName" time="0.853" classname="testcases.CategoryTest">
    <failure type="org.openqa.selenium.ElementClickInterceptedException" message="Element &amp;lt;select id=&amp;quot;filter&amp;quot; class=&amp;quot;cust-select&amp;quot;&amp;gt; is not clickable at point (235,408) because another element &amp;lt;div class=&amp;quot;loadingoverlay&amp;quot;&amp;gt; obscures it
Build info: version: &amp;apos;4.1.0&amp;apos;, revision: &amp;apos;87802e897b&amp;apos;
System info: host: &amp;apos;HJNZL001997&amp;apos;, ip: &amp;apos;192.168.83.131&amp;apos;, os.name: &amp;apos;Windows 10&amp;apos;, os.arch: &amp;apos;amd64&amp;apos;, os.version: &amp;apos;10.0&amp;apos;, java.version: &amp;apos;1.8.0_92&amp;apos;
Driver info: org.openqa.selenium.firefox.FirefoxDriver
Command: [a1e17a34-49e2-475d-a99b-702181f890ec, clickElement {id=9fd99309-484f-46c0-83ad-013ffebf9311}]
Capabilities {acceptInsecureCerts: true, browserName: firefox, browserVersion: 95.0, javascriptEnabled: true, moz:accessibilityChecks: false, moz:buildID: 20211129150630, moz:debuggerAddress: localhost:60877, moz:geckodriverVersion: 0.30.0, moz:headless: false, moz:processID: 24724, moz:profile: C:\Users\aditya_dhaygude\Ap..., moz:shutdownTimeout: 60000, moz:useNonSpecCompliantPointerOrigin: false, moz:webdriverClick: true, pageLoadStrategy: normal, platform: WINDOWS, platformName: WINDOWS, platformVersion: 10.0, proxy: Proxy(), se:cdp: ws://localhost:60877/devtoo..., se:cdpVersion: 85, setWindowRect: true, strictFileInteractability: false, timeouts: {implicit: 0, pageLoad: 300000, script: 30000}, unhandledPromptBehavior: dismiss and notify}
Element: [[FirefoxDriver: firefox on WINDOWS (a1e17a34-49e2-475d-a99b-702181f890ec)] -&amp;gt; xpath: //*[@id=&amp;quot;filter&amp;quot;]]
Session ID: a1e17a34-49e2-475d-a99b-702181f890ec">
      <![CDATA[org.openqa.selenium.ElementClickInterceptedException: Element <select id="filter" class="cust-select"> is not clickable at point (235,408) because another element <div class="loadingoverlay"> obscures it
Build info: version: '4.1.0', revision: '87802e897b'
System info: host: 'HJNZL001997', ip: '192.168.83.131', os.name: 'Windows 10', os.arch: 'amd64', os.version: '10.0', java.version: '1.8.0_92'
Driver info: org.openqa.selenium.firefox.FirefoxDriver
Command: [a1e17a34-49e2-475d-a99b-702181f890ec, clickElement {id=9fd99309-484f-46c0-83ad-013ffebf9311}]
Capabilities {acceptInsecureCerts: true, browserName: firefox, browserVersion: 95.0, javascriptEnabled: true, moz:accessibilityChecks: false, moz:buildID: 20211129150630, moz:debuggerAddress: localhost:60877, moz:geckodriverVersion: 0.30.0, moz:headless: false, moz:processID: 24724, moz:profile: C:\Users\aditya_dhaygude\Ap..., moz:shutdownTimeout: 60000, moz:useNonSpecCompliantPointerOrigin: false, moz:webdriverClick: true, pageLoadStrategy: normal, platform: WINDOWS, platformName: WINDOWS, platformVersion: 10.0, proxy: Proxy(), se:cdp: ws://localhost:60877/devtoo..., se:cdpVersion: 85, setWindowRect: true, strictFileInteractability: false, timeouts: {implicit: 0, pageLoad: 300000, script: 30000}, unhandledPromptBehavior: dismiss and notify}
Element: [[FirefoxDriver: firefox on WINDOWS (a1e17a34-49e2-475d-a99b-702181f890ec)] -> xpath: //*[@id="filter"]]
Session ID: a1e17a34-49e2-475d-a99b-702181f890ec
	at org.openqa.selenium.remote.codec.w3c.W3CHttpResponseCodec.createException(W3CHttpResponseCodec.java:200)
	at org.openqa.selenium.remote.codec.w3c.W3CHttpResponseCodec.decode(W3CHttpResponseCodec.java:133)
	at org.openqa.selenium.remote.codec.w3c.W3CHttpResponseCodec.decode(W3CHttpResponseCodec.java:53)
	at org.openqa.selenium.remote.HttpCommandExecutor.execute(HttpCommandExecutor.java:184)
	at org.openqa.selenium.remote.service.DriverCommandExecutor.invokeExecute(DriverCommandExecutor.java:164)
	at org.openqa.selenium.remote.service.DriverCommandExecutor.execute(DriverCommandExecutor.java:139)
	at org.openqa.selenium.remote.RemoteWebDriver.execute(RemoteWebDriver.java:559)
	at org.openqa.selenium.remote.RemoteWebElement.execute(RemoteWebElement.java:251)
	at org.openqa.selenium.remote.RemoteWebElement.click(RemoteWebElement.java:77)
	at pages.CategoryPage.clickBtn(CategoryPage.java:63)
	at pages.CategoryPage.selectSortByName(CategoryPage.java:123)
	at pages.CategoryPage.sortedElementsByName(CategoryPage.java:133)
	at testcases.CategoryTest.sortByName(CategoryTest.java:80)
... Removed 29 stack frames]]>
    </failure>
  </testcase> <!-- sortByName -->
  <testcase name="sortByPrice" time="0.939" classname="testcases.CategoryTest">
    <failure type="org.openqa.selenium.ElementClickInterceptedException" message="Element &amp;lt;select id=&amp;quot;filter&amp;quot; class=&amp;quot;cust-select&amp;quot;&amp;gt; is not clickable at point (235,408) because another element &amp;lt;div class=&amp;quot;loadingoverlay&amp;quot;&amp;gt; obscures it
Build info: version: &amp;apos;4.1.0&amp;apos;, revision: &amp;apos;87802e897b&amp;apos;
System info: host: &amp;apos;HJNZL001997&amp;apos;, ip: &amp;apos;192.168.83.131&amp;apos;, os.name: &amp;apos;Windows 10&amp;apos;, os.arch: &amp;apos;amd64&amp;apos;, os.version: &amp;apos;10.0&amp;apos;, java.version: &amp;apos;1.8.0_92&amp;apos;
Driver info: org.openqa.selenium.firefox.FirefoxDriver
Command: [a1e17a34-49e2-475d-a99b-702181f890ec, clickElement {id=5425a1d8-323a-4a61-9206-47979a837478}]
Capabilities {acceptInsecureCerts: true, browserName: firefox, browserVersion: 95.0, javascriptEnabled: true, moz:accessibilityChecks: false, moz:buildID: 20211129150630, moz:debuggerAddress: localhost:60877, moz:geckodriverVersion: 0.30.0, moz:headless: false, moz:processID: 24724, moz:profile: C:\Users\aditya_dhaygude\Ap..., moz:shutdownTimeout: 60000, moz:useNonSpecCompliantPointerOrigin: false, moz:webdriverClick: true, pageLoadStrategy: normal, platform: WINDOWS, platformName: WINDOWS, platformVersion: 10.0, proxy: Proxy(), se:cdp: ws://localhost:60877/devtoo..., se:cdpVersion: 85, setWindowRect: true, strictFileInteractability: false, timeouts: {implicit: 0, pageLoad: 300000, script: 30000}, unhandledPromptBehavior: dismiss and notify}
Element: [[[[FirefoxDriver: firefox on WINDOWS (a1e17a34-49e2-475d-a99b-702181f890ec)] -&amp;gt; id: filter]] -&amp;gt; xpath: //option[. = &amp;apos;Price&amp;apos;]]
Session ID: a1e17a34-49e2-475d-a99b-702181f890ec">
      <![CDATA[org.openqa.selenium.ElementClickInterceptedException: Element <select id="filter" class="cust-select"> is not clickable at point (235,408) because another element <div class="loadingoverlay"> obscures it
Build info: version: '4.1.0', revision: '87802e897b'
System info: host: 'HJNZL001997', ip: '192.168.83.131', os.name: 'Windows 10', os.arch: 'amd64', os.version: '10.0', java.version: '1.8.0_92'
Driver info: org.openqa.selenium.firefox.FirefoxDriver
Command: [a1e17a34-49e2-475d-a99b-702181f890ec, clickElement {id=5425a1d8-323a-4a61-9206-47979a837478}]
Capabilities {acceptInsecureCerts: true, browserName: firefox, browserVersion: 95.0, javascriptEnabled: true, moz:accessibilityChecks: false, moz:buildID: 20211129150630, moz:debuggerAddress: localhost:60877, moz:geckodriverVersion: 0.30.0, moz:headless: false, moz:processID: 24724, moz:profile: C:\Users\aditya_dhaygude\Ap..., moz:shutdownTimeout: 60000, moz:useNonSpecCompliantPointerOrigin: false, moz:webdriverClick: true, pageLoadStrategy: normal, platform: WINDOWS, platformName: WINDOWS, platformVersion: 10.0, proxy: Proxy(), se:cdp: ws://localhost:60877/devtoo..., se:cdpVersion: 85, setWindowRect: true, strictFileInteractability: false, timeouts: {implicit: 0, pageLoad: 300000, script: 30000}, unhandledPromptBehavior: dismiss and notify}
Element: [[[[FirefoxDriver: firefox on WINDOWS (a1e17a34-49e2-475d-a99b-702181f890ec)] -> id: filter]] -> xpath: //option[. = 'Price']]
Session ID: a1e17a34-49e2-475d-a99b-702181f890ec
	at org.openqa.selenium.remote.codec.w3c.W3CHttpResponseCodec.createException(W3CHttpResponseCodec.java:200)
	at org.openqa.selenium.remote.codec.w3c.W3CHttpResponseCodec.decode(W3CHttpResponseCodec.java:133)
	at org.openqa.selenium.remote.codec.w3c.W3CHttpResponseCodec.decode(W3CHttpResponseCodec.java:53)
	at org.openqa.selenium.remote.HttpCommandExecutor.execute(HttpCommandExecutor.java:184)
	at org.openqa.selenium.remote.service.DriverCommandExecutor.invokeExecute(DriverCommandExecutor.java:164)
	at org.openqa.selenium.remote.service.DriverCommandExecutor.execute(DriverCommandExecutor.java:139)
	at org.openqa.selenium.remote.RemoteWebDriver.execute(RemoteWebDriver.java:559)
	at org.openqa.selenium.remote.RemoteWebElement.execute(RemoteWebElement.java:251)
	at org.openqa.selenium.remote.RemoteWebElement.click(RemoteWebElement.java:77)
	at pages.CategoryPage.selectSortByPrice(CategoryPage.java:150)
	at pages.CategoryPage.sortedElementsByPrice(CategoryPage.java:158)
	at testcases.CategoryTest.sortByPrice(CategoryTest.java:92)
... Removed 29 stack frames]]>
    </failure>
  </testcase> <!-- sortByPrice -->
  <testcase name="verifyCart" time="3.574" classname="testcases.IndividualTest"/>
  <testcase name="verifyOpenProductPage" time="0.826" classname="testcases.IndividualTest"/>
  <testcase name="verifyRating" time="0.339" classname="testcases.IndividualTest"/>
  <testcase name="CountryDropDownTestCase" time="7.205" classname="testcases.CheckoutTest">
    <failure type="org.openqa.selenium.interactions.MoveTargetOutOfBoundsException" message="(1138, -465) is out of bounds of viewport width (1280) and height (595)
Build info: version: &amp;apos;4.1.0&amp;apos;, revision: &amp;apos;87802e897b&amp;apos;
System info: host: &amp;apos;HJNZL001997&amp;apos;, ip: &amp;apos;192.168.83.131&amp;apos;, os.name: &amp;apos;Windows 10&amp;apos;, os.arch: &amp;apos;amd64&amp;apos;, os.version: &amp;apos;10.0&amp;apos;, java.version: &amp;apos;1.8.0_92&amp;apos;
Driver info: org.openqa.selenium.firefox.FirefoxDriver
Command: [07ad0e9a-4949-42ce-b61f-a6bdf7af5de9, actions {actions=[org.openqa.selenium.interactions.Sequence@7e9ffdff]}]
Capabilities {acceptInsecureCerts: true, browserName: firefox, browserVersion: 95.0, javascriptEnabled: true, moz:accessibilityChecks: false, moz:buildID: 20211129150630, moz:debuggerAddress: localhost:50852, moz:geckodriverVersion: 0.30.0, moz:headless: false, moz:processID: 25840, moz:profile: C:\Users\aditya_dhaygude\Ap..., moz:shutdownTimeout: 60000, moz:useNonSpecCompliantPointerOrigin: false, moz:webdriverClick: true, pageLoadStrategy: normal, platform: WINDOWS, platformName: WINDOWS, platformVersion: 10.0, proxy: Proxy(), se:cdp: ws://localhost:50852/devtoo..., se:cdpVersion: 85, setWindowRect: true, strictFileInteractability: false, timeouts: {implicit: 0, pageLoad: 300000, script: 30000}, unhandledPromptBehavior: dismiss and notify}
Session ID: 07ad0e9a-4949-42ce-b61f-a6bdf7af5de9">
      <![CDATA[org.openqa.selenium.interactions.MoveTargetOutOfBoundsException: (1138, -465) is out of bounds of viewport width (1280) and height (595)
Build info: version: '4.1.0', revision: '87802e897b'
System info: host: 'HJNZL001997', ip: '192.168.83.131', os.name: 'Windows 10', os.arch: 'amd64', os.version: '10.0', java.version: '1.8.0_92'
Driver info: org.openqa.selenium.firefox.FirefoxDriver
Command: [07ad0e9a-4949-42ce-b61f-a6bdf7af5de9, actions {actions=[org.openqa.selenium.interactions.Sequence@7e9ffdff]}]
Capabilities {acceptInsecureCerts: true, browserName: firefox, browserVersion: 95.0, javascriptEnabled: true, moz:accessibilityChecks: false, moz:buildID: 20211129150630, moz:debuggerAddress: localhost:50852, moz:geckodriverVersion: 0.30.0, moz:headless: false, moz:processID: 25840, moz:profile: C:\Users\aditya_dhaygude\Ap..., moz:shutdownTimeout: 60000, moz:useNonSpecCompliantPointerOrigin: false, moz:webdriverClick: true, pageLoadStrategy: normal, platform: WINDOWS, platformName: WINDOWS, platformVersion: 10.0, proxy: Proxy(), se:cdp: ws://localhost:50852/devtoo..., se:cdpVersion: 85, setWindowRect: true, strictFileInteractability: false, timeouts: {implicit: 0, pageLoad: 300000, script: 30000}, unhandledPromptBehavior: dismiss and notify}
Session ID: 07ad0e9a-4949-42ce-b61f-a6bdf7af5de9
	at org.openqa.selenium.remote.codec.w3c.W3CHttpResponseCodec.createException(W3CHttpResponseCodec.java:200)
	at org.openqa.selenium.remote.codec.w3c.W3CHttpResponseCodec.decode(W3CHttpResponseCodec.java:133)
	at org.openqa.selenium.remote.codec.w3c.W3CHttpResponseCodec.decode(W3CHttpResponseCodec.java:53)
	at org.openqa.selenium.remote.HttpCommandExecutor.execute(HttpCommandExecutor.java:184)
	at org.openqa.selenium.remote.service.DriverCommandExecutor.invokeExecute(DriverCommandExecutor.java:164)
	at org.openqa.selenium.remote.service.DriverCommandExecutor.execute(DriverCommandExecutor.java:139)
	at org.openqa.selenium.remote.RemoteWebDriver.execute(RemoteWebDriver.java:559)
	at org.openqa.selenium.remote.RemoteWebDriver.perform(RemoteWebDriver.java:627)
	at org.openqa.selenium.interactions.Actions$BuiltAction.perform(Actions.java:617)
	at pages.CheckoutPage.setCountryName(CheckoutPage.java:157)
	at testcases.CheckoutTest.CountryDropDownTestCase(CheckoutTest.java:15)
... Removed 29 stack frames]]>
    </failure>
  </testcase> <!-- CountryDropDownTestCase -->
  <testcase name="lowerCaseTestCase" time="3.432" classname="testcases.CheckoutTest">
    <failure type="org.openqa.selenium.interactions.MoveTargetOutOfBoundsException" message="(1138, -465) is out of bounds of viewport width (1280) and height (595)
Build info: version: &amp;apos;4.1.0&amp;apos;, revision: &amp;apos;87802e897b&amp;apos;
System info: host: &amp;apos;HJNZL001997&amp;apos;, ip: &amp;apos;192.168.83.131&amp;apos;, os.name: &amp;apos;Windows 10&amp;apos;, os.arch: &amp;apos;amd64&amp;apos;, os.version: &amp;apos;10.0&amp;apos;, java.version: &amp;apos;1.8.0_92&amp;apos;
Driver info: org.openqa.selenium.firefox.FirefoxDriver
Command: [07ad0e9a-4949-42ce-b61f-a6bdf7af5de9, actions {actions=[org.openqa.selenium.interactions.Sequence@713d2fe8]}]
Capabilities {acceptInsecureCerts: true, browserName: firefox, browserVersion: 95.0, javascriptEnabled: true, moz:accessibilityChecks: false, moz:buildID: 20211129150630, moz:debuggerAddress: localhost:50852, moz:geckodriverVersion: 0.30.0, moz:headless: false, moz:processID: 25840, moz:profile: C:\Users\aditya_dhaygude\Ap..., moz:shutdownTimeout: 60000, moz:useNonSpecCompliantPointerOrigin: false, moz:webdriverClick: true, pageLoadStrategy: normal, platform: WINDOWS, platformName: WINDOWS, platformVersion: 10.0, proxy: Proxy(), se:cdp: ws://localhost:50852/devtoo..., se:cdpVersion: 85, setWindowRect: true, strictFileInteractability: false, timeouts: {implicit: 0, pageLoad: 300000, script: 30000}, unhandledPromptBehavior: dismiss and notify}
Session ID: 07ad0e9a-4949-42ce-b61f-a6bdf7af5de9">
      <![CDATA[org.openqa.selenium.interactions.MoveTargetOutOfBoundsException: (1138, -465) is out of bounds of viewport width (1280) and height (595)
Build info: version: '4.1.0', revision: '87802e897b'
System info: host: 'HJNZL001997', ip: '192.168.83.131', os.name: 'Windows 10', os.arch: 'amd64', os.version: '10.0', java.version: '1.8.0_92'
Driver info: org.openqa.selenium.firefox.FirefoxDriver
Command: [07ad0e9a-4949-42ce-b61f-a6bdf7af5de9, actions {actions=[org.openqa.selenium.interactions.Sequence@713d2fe8]}]
Capabilities {acceptInsecureCerts: true, browserName: firefox, browserVersion: 95.0, javascriptEnabled: true, moz:accessibilityChecks: false, moz:buildID: 20211129150630, moz:debuggerAddress: localhost:50852, moz:geckodriverVersion: 0.30.0, moz:headless: false, moz:processID: 25840, moz:profile: C:\Users\aditya_dhaygude\Ap..., moz:shutdownTimeout: 60000, moz:useNonSpecCompliantPointerOrigin: false, moz:webdriverClick: true, pageLoadStrategy: normal, platform: WINDOWS, platformName: WINDOWS, platformVersion: 10.0, proxy: Proxy(), se:cdp: ws://localhost:50852/devtoo..., se:cdpVersion: 85, setWindowRect: true, strictFileInteractability: false, timeouts: {implicit: 0, pageLoad: 300000, script: 30000}, unhandledPromptBehavior: dismiss and notify}
Session ID: 07ad0e9a-4949-42ce-b61f-a6bdf7af5de9
	at org.openqa.selenium.remote.codec.w3c.W3CHttpResponseCodec.createException(W3CHttpResponseCodec.java:200)
	at org.openqa.selenium.remote.codec.w3c.W3CHttpResponseCodec.decode(W3CHttpResponseCodec.java:133)
	at org.openqa.selenium.remote.codec.w3c.W3CHttpResponseCodec.decode(W3CHttpResponseCodec.java:53)
	at org.openqa.selenium.remote.HttpCommandExecutor.execute(HttpCommandExecutor.java:184)
	at org.openqa.selenium.remote.service.DriverCommandExecutor.invokeExecute(DriverCommandExecutor.java:164)
	at org.openqa.selenium.remote.service.DriverCommandExecutor.execute(DriverCommandExecutor.java:139)
	at org.openqa.selenium.remote.RemoteWebDriver.execute(RemoteWebDriver.java:559)
	at org.openqa.selenium.remote.RemoteWebDriver.perform(RemoteWebDriver.java:627)
	at org.openqa.selenium.interactions.Actions$BuiltAction.perform(Actions.java:617)
	at pages.CheckoutPage.textInLowerCase(CheckoutPage.java:78)
	at testcases.CheckoutTest.lowerCaseTestCase(CheckoutTest.java:47)
... Removed 29 stack frames]]>
    </failure>
  </testcase> <!-- lowerCaseTestCase -->
  <testcase name="shipToDifferentAddTC" time="2.484" classname="testcases.CheckoutTest">
    <failure type="org.openqa.selenium.interactions.MoveTargetOutOfBoundsException" message="(1138, -465) is out of bounds of viewport width (1280) and height (595)
Build info: version: &amp;apos;4.1.0&amp;apos;, revision: &amp;apos;87802e897b&amp;apos;
System info: host: &amp;apos;HJNZL001997&amp;apos;, ip: &amp;apos;192.168.83.131&amp;apos;, os.name: &amp;apos;Windows 10&amp;apos;, os.arch: &amp;apos;amd64&amp;apos;, os.version: &amp;apos;10.0&amp;apos;, java.version: &amp;apos;1.8.0_92&amp;apos;
Driver info: org.openqa.selenium.firefox.FirefoxDriver
Command: [07ad0e9a-4949-42ce-b61f-a6bdf7af5de9, actions {actions=[org.openqa.selenium.interactions.Sequence@61f94cac]}]
Capabilities {acceptInsecureCerts: true, browserName: firefox, browserVersion: 95.0, javascriptEnabled: true, moz:accessibilityChecks: false, moz:buildID: 20211129150630, moz:debuggerAddress: localhost:50852, moz:geckodriverVersion: 0.30.0, moz:headless: false, moz:processID: 25840, moz:profile: C:\Users\aditya_dhaygude\Ap..., moz:shutdownTimeout: 60000, moz:useNonSpecCompliantPointerOrigin: false, moz:webdriverClick: true, pageLoadStrategy: normal, platform: WINDOWS, platformName: WINDOWS, platformVersion: 10.0, proxy: Proxy(), se:cdp: ws://localhost:50852/devtoo..., se:cdpVersion: 85, setWindowRect: true, strictFileInteractability: false, timeouts: {implicit: 0, pageLoad: 300000, script: 30000}, unhandledPromptBehavior: dismiss and notify}
Session ID: 07ad0e9a-4949-42ce-b61f-a6bdf7af5de9">
      <![CDATA[org.openqa.selenium.interactions.MoveTargetOutOfBoundsException: (1138, -465) is out of bounds of viewport width (1280) and height (595)
Build info: version: '4.1.0', revision: '87802e897b'
System info: host: 'HJNZL001997', ip: '192.168.83.131', os.name: 'Windows 10', os.arch: 'amd64', os.version: '10.0', java.version: '1.8.0_92'
Driver info: org.openqa.selenium.firefox.FirefoxDriver
Command: [07ad0e9a-4949-42ce-b61f-a6bdf7af5de9, actions {actions=[org.openqa.selenium.interactions.Sequence@61f94cac]}]
Capabilities {acceptInsecureCerts: true, browserName: firefox, browserVersion: 95.0, javascriptEnabled: true, moz:accessibilityChecks: false, moz:buildID: 20211129150630, moz:debuggerAddress: localhost:50852, moz:geckodriverVersion: 0.30.0, moz:headless: false, moz:processID: 25840, moz:profile: C:\Users\aditya_dhaygude\Ap..., moz:shutdownTimeout: 60000, moz:useNonSpecCompliantPointerOrigin: false, moz:webdriverClick: true, pageLoadStrategy: normal, platform: WINDOWS, platformName: WINDOWS, platformVersion: 10.0, proxy: Proxy(), se:cdp: ws://localhost:50852/devtoo..., se:cdpVersion: 85, setWindowRect: true, strictFileInteractability: false, timeouts: {implicit: 0, pageLoad: 300000, script: 30000}, unhandledPromptBehavior: dismiss and notify}
Session ID: 07ad0e9a-4949-42ce-b61f-a6bdf7af5de9
	at org.openqa.selenium.remote.codec.w3c.W3CHttpResponseCodec.createException(W3CHttpResponseCodec.java:200)
	at org.openqa.selenium.remote.codec.w3c.W3CHttpResponseCodec.decode(W3CHttpResponseCodec.java:133)
	at org.openqa.selenium.remote.codec.w3c.W3CHttpResponseCodec.decode(W3CHttpResponseCodec.java:53)
	at org.openqa.selenium.remote.HttpCommandExecutor.execute(HttpCommandExecutor.java:184)
	at org.openqa.selenium.remote.service.DriverCommandExecutor.invokeExecute(DriverCommandExecutor.java:164)
	at org.openqa.selenium.remote.service.DriverCommandExecutor.execute(DriverCommandExecutor.java:139)
	at org.openqa.selenium.remote.RemoteWebDriver.execute(RemoteWebDriver.java:559)
	at org.openqa.selenium.remote.RemoteWebDriver.perform(RemoteWebDriver.java:627)
	at org.openqa.selenium.interactions.Actions$BuiltAction.perform(Actions.java:617)
	at pages.CheckoutPage.shipToDiffAdd(CheckoutPage.java:40)
	at testcases.CheckoutTest.shipToDifferentAddTC(CheckoutTest.java:59)
... Removed 29 stack frames]]>
    </failure>
  </testcase> <!-- shipToDifferentAddTC -->
  <testcase name="stateDropDownTestCase" time="2.427" classname="testcases.CheckoutTest">
    <failure type="org.openqa.selenium.interactions.MoveTargetOutOfBoundsException" message="(1138, -465) is out of bounds of viewport width (1280) and height (595)
Build info: version: &amp;apos;4.1.0&amp;apos;, revision: &amp;apos;87802e897b&amp;apos;
System info: host: &amp;apos;HJNZL001997&amp;apos;, ip: &amp;apos;192.168.83.131&amp;apos;, os.name: &amp;apos;Windows 10&amp;apos;, os.arch: &amp;apos;amd64&amp;apos;, os.version: &amp;apos;10.0&amp;apos;, java.version: &amp;apos;1.8.0_92&amp;apos;
Driver info: org.openqa.selenium.firefox.FirefoxDriver
Command: [07ad0e9a-4949-42ce-b61f-a6bdf7af5de9, actions {actions=[org.openqa.selenium.interactions.Sequence@60ce75d0]}]
Capabilities {acceptInsecureCerts: true, browserName: firefox, browserVersion: 95.0, javascriptEnabled: true, moz:accessibilityChecks: false, moz:buildID: 20211129150630, moz:debuggerAddress: localhost:50852, moz:geckodriverVersion: 0.30.0, moz:headless: false, moz:processID: 25840, moz:profile: C:\Users\aditya_dhaygude\Ap..., moz:shutdownTimeout: 60000, moz:useNonSpecCompliantPointerOrigin: false, moz:webdriverClick: true, pageLoadStrategy: normal, platform: WINDOWS, platformName: WINDOWS, platformVersion: 10.0, proxy: Proxy(), se:cdp: ws://localhost:50852/devtoo..., se:cdpVersion: 85, setWindowRect: true, strictFileInteractability: false, timeouts: {implicit: 0, pageLoad: 300000, script: 30000}, unhandledPromptBehavior: dismiss and notify}
Session ID: 07ad0e9a-4949-42ce-b61f-a6bdf7af5de9">
      <![CDATA[org.openqa.selenium.interactions.MoveTargetOutOfBoundsException: (1138, -465) is out of bounds of viewport width (1280) and height (595)
Build info: version: '4.1.0', revision: '87802e897b'
System info: host: 'HJNZL001997', ip: '192.168.83.131', os.name: 'Windows 10', os.arch: 'amd64', os.version: '10.0', java.version: '1.8.0_92'
Driver info: org.openqa.selenium.firefox.FirefoxDriver
Command: [07ad0e9a-4949-42ce-b61f-a6bdf7af5de9, actions {actions=[org.openqa.selenium.interactions.Sequence@60ce75d0]}]
Capabilities {acceptInsecureCerts: true, browserName: firefox, browserVersion: 95.0, javascriptEnabled: true, moz:accessibilityChecks: false, moz:buildID: 20211129150630, moz:debuggerAddress: localhost:50852, moz:geckodriverVersion: 0.30.0, moz:headless: false, moz:processID: 25840, moz:profile: C:\Users\aditya_dhaygude\Ap..., moz:shutdownTimeout: 60000, moz:useNonSpecCompliantPointerOrigin: false, moz:webdriverClick: true, pageLoadStrategy: normal, platform: WINDOWS, platformName: WINDOWS, platformVersion: 10.0, proxy: Proxy(), se:cdp: ws://localhost:50852/devtoo..., se:cdpVersion: 85, setWindowRect: true, strictFileInteractability: false, timeouts: {implicit: 0, pageLoad: 300000, script: 30000}, unhandledPromptBehavior: dismiss and notify}
Session ID: 07ad0e9a-4949-42ce-b61f-a6bdf7af5de9
	at org.openqa.selenium.remote.codec.w3c.W3CHttpResponseCodec.createException(W3CHttpResponseCodec.java:200)
	at org.openqa.selenium.remote.codec.w3c.W3CHttpResponseCodec.decode(W3CHttpResponseCodec.java:133)
	at org.openqa.selenium.remote.codec.w3c.W3CHttpResponseCodec.decode(W3CHttpResponseCodec.java:53)
	at org.openqa.selenium.remote.HttpCommandExecutor.execute(HttpCommandExecutor.java:184)
	at org.openqa.selenium.remote.service.DriverCommandExecutor.invokeExecute(DriverCommandExecutor.java:164)
	at org.openqa.selenium.remote.service.DriverCommandExecutor.execute(DriverCommandExecutor.java:139)
	at org.openqa.selenium.remote.RemoteWebDriver.execute(RemoteWebDriver.java:559)
	at org.openqa.selenium.remote.RemoteWebDriver.perform(RemoteWebDriver.java:627)
	at org.openqa.selenium.interactions.Actions$BuiltAction.perform(Actions.java:617)
	at pages.CheckoutPage.setStateName(CheckoutPage.java:129)
	at testcases.CheckoutTest.stateDropDownTestCase(CheckoutTest.java:25)
... Removed 29 stack frames]]>
    </failure>
  </testcase> <!-- stateDropDownTestCase -->
  <testcase name="upperCaseTestCase" time="2.395" classname="testcases.CheckoutTest">
    <failure type="org.openqa.selenium.interactions.MoveTargetOutOfBoundsException" message="(1138, -465) is out of bounds of viewport width (1280) and height (595)
Build info: version: &amp;apos;4.1.0&amp;apos;, revision: &amp;apos;87802e897b&amp;apos;
System info: host: &amp;apos;HJNZL001997&amp;apos;, ip: &amp;apos;192.168.83.131&amp;apos;, os.name: &amp;apos;Windows 10&amp;apos;, os.arch: &amp;apos;amd64&amp;apos;, os.version: &amp;apos;10.0&amp;apos;, java.version: &amp;apos;1.8.0_92&amp;apos;
Driver info: org.openqa.selenium.firefox.FirefoxDriver
Command: [07ad0e9a-4949-42ce-b61f-a6bdf7af5de9, actions {actions=[org.openqa.selenium.interactions.Sequence@1dfdddfa]}]
Capabilities {acceptInsecureCerts: true, browserName: firefox, browserVersion: 95.0, javascriptEnabled: true, moz:accessibilityChecks: false, moz:buildID: 20211129150630, moz:debuggerAddress: localhost:50852, moz:geckodriverVersion: 0.30.0, moz:headless: false, moz:processID: 25840, moz:profile: C:\Users\aditya_dhaygude\Ap..., moz:shutdownTimeout: 60000, moz:useNonSpecCompliantPointerOrigin: false, moz:webdriverClick: true, pageLoadStrategy: normal, platform: WINDOWS, platformName: WINDOWS, platformVersion: 10.0, proxy: Proxy(), se:cdp: ws://localhost:50852/devtoo..., se:cdpVersion: 85, setWindowRect: true, strictFileInteractability: false, timeouts: {implicit: 0, pageLoad: 300000, script: 30000}, unhandledPromptBehavior: dismiss and notify}
Session ID: 07ad0e9a-4949-42ce-b61f-a6bdf7af5de9">
      <![CDATA[org.openqa.selenium.interactions.MoveTargetOutOfBoundsException: (1138, -465) is out of bounds of viewport width (1280) and height (595)
Build info: version: '4.1.0', revision: '87802e897b'
System info: host: 'HJNZL001997', ip: '192.168.83.131', os.name: 'Windows 10', os.arch: 'amd64', os.version: '10.0', java.version: '1.8.0_92'
Driver info: org.openqa.selenium.firefox.FirefoxDriver
Command: [07ad0e9a-4949-42ce-b61f-a6bdf7af5de9, actions {actions=[org.openqa.selenium.interactions.Sequence@1dfdddfa]}]
Capabilities {acceptInsecureCerts: true, browserName: firefox, browserVersion: 95.0, javascriptEnabled: true, moz:accessibilityChecks: false, moz:buildID: 20211129150630, moz:debuggerAddress: localhost:50852, moz:geckodriverVersion: 0.30.0, moz:headless: false, moz:processID: 25840, moz:profile: C:\Users\aditya_dhaygude\Ap..., moz:shutdownTimeout: 60000, moz:useNonSpecCompliantPointerOrigin: false, moz:webdriverClick: true, pageLoadStrategy: normal, platform: WINDOWS, platformName: WINDOWS, platformVersion: 10.0, proxy: Proxy(), se:cdp: ws://localhost:50852/devtoo..., se:cdpVersion: 85, setWindowRect: true, strictFileInteractability: false, timeouts: {implicit: 0, pageLoad: 300000, script: 30000}, unhandledPromptBehavior: dismiss and notify}
Session ID: 07ad0e9a-4949-42ce-b61f-a6bdf7af5de9
	at org.openqa.selenium.remote.codec.w3c.W3CHttpResponseCodec.createException(W3CHttpResponseCodec.java:200)
	at org.openqa.selenium.remote.codec.w3c.W3CHttpResponseCodec.decode(W3CHttpResponseCodec.java:133)
	at org.openqa.selenium.remote.codec.w3c.W3CHttpResponseCodec.decode(W3CHttpResponseCodec.java:53)
	at org.openqa.selenium.remote.HttpCommandExecutor.execute(HttpCommandExecutor.java:184)
	at org.openqa.selenium.remote.service.DriverCommandExecutor.invokeExecute(DriverCommandExecutor.java:164)
	at org.openqa.selenium.remote.service.DriverCommandExecutor.execute(DriverCommandExecutor.java:139)
	at org.openqa.selenium.remote.RemoteWebDriver.execute(RemoteWebDriver.java:559)
	at org.openqa.selenium.remote.RemoteWebDriver.perform(RemoteWebDriver.java:627)
	at org.openqa.selenium.interactions.Actions$BuiltAction.perform(Actions.java:617)
	at pages.CheckoutPage.textInUpperCase(CheckoutPage.java:100)
	at testcases.CheckoutTest.upperCaseTestCase(CheckoutTest.java:35)
... Removed 29 stack frames]]>
    </failure>
  </testcase> <!-- upperCaseTestCase -->
  <testcase name="TC1_modifyQuantity" time="5.096" classname="testcases.CartTest"/>
  <testcase name="TC2_checkRecalculateButton" time="0.953" classname="testcases.CartTest"/>
  <testcase name="TC3_checkContinueShopping" time="0.781" classname="testcases.CartTest"/>
  <testcase name="TC4_orderConfirmCheckout" time="1.095" classname="testcases.CartTest"/>
  <testcase name="TC5_cancelItem" time="0.779" classname="testcases.CartTest"/>
</testsuite> <!-- Shopizer FirefoxTests -->
