<?xml version="1.0" encoding="UTF-8"?>
<!-- Generated by org.testng.reporters.JUnitReportReporter -->
<testsuite skipped="0" hostname="HJNZL001997" name="testcases.DashboardTest" tests="24" failures="0" timestamp="17 Dec 2021 08:47:22 GMT" time="59.160" errors="3">
  <testcase name="verifyEditAddressLink" time="1.455" classname="testcases.DashboardTest"/>
  <testcase name="verifyBillingAndShippingInformationLink" time="11.046" classname="testcases.DashboardTest"/>
  <testcase name="verifyChangePasswordButton" time="2.769" classname="testcases.DashboardTest"/>
  <testcase name="verifyChangeAddressButton" time="2.773" classname="testcases.DashboardTest"/>
  <testcase name="verifyChangeAddressButton" time="2.871" classname="testcases.DashboardTest">
    <error type="org.openqa.selenium.ElementNotInteractableException" message="Element &lt;select id=&quot;customer_zones&quot; class=&quot;billing-zone-list form-control form-control-lg&quot; name=&quot;zone&quot;&gt; is not reachable by keyboard
Build info: version: &#039;4.1.0&#039;, revision: &#039;87802e897b&#039;
System info: host: &#039;HJNZL001997&#039;, ip: &#039;192.168.83.131&#039;, os.name: &#039;Windows 10&#039;, os.arch: &#039;amd64&#039;, os.version: &#039;10.0&#039;, java.version: &#039;1.8.0_92&#039;
Driver info: org.openqa.selenium.firefox.FirefoxDriver
Command: [713c7f1b-a0b9-417f-a857-1b8cc3d128b5, sendKeysToElement {id=716a2ca7-82f9-403e-9b5f-83b30f6a8c12, value=[Ljava.lang.CharSequence;@75a955bf}]
Capabilities {acceptInsecureCerts: true, browserName: firefox, browserVersion: 95.0, javascriptEnabled: true, moz:accessibilityChecks: false, moz:buildID: 20211129150630, moz:debuggerAddress: localhost:51671, moz:geckodriverVersion: 0.30.0, moz:headless: false, moz:processID: 22688, moz:profile: C:\Users\aditya_dhaygude\Ap..., moz:shutdownTimeout: 60000, moz:useNonSpecCompliantPointerOrigin: false, moz:webdriverClick: true, pageLoadStrategy: normal, platform: WINDOWS, platformName: WINDOWS, platformVersion: 10.0, proxy: Proxy(), se:cdp: ws://localhost:51671/devtoo..., se:cdpVersion: 85, setWindowRect: true, strictFileInteractability: false, timeouts: {implicit: 0, pageLoad: 300000, script: 30000}, unhandledPromptBehavior: dismiss and notify}
Element: [[FirefoxDriver: firefox on WINDOWS (713c7f1b-a0b9-417f-a857-1b8cc3d128b5)] -&gt; id: customer_zones]
Session ID: 713c7f1b-a0b9-417f-a857-1b8cc3d128b5">
      <![CDATA[org.openqa.selenium.ElementNotInteractableException: Element <select id="customer_zones" class="billing-zone-list form-control form-control-lg" name="zone"> is not reachable by keyboard
Build info: version: '4.1.0', revision: '87802e897b'
System info: host: 'HJNZL001997', ip: '192.168.83.131', os.name: 'Windows 10', os.arch: 'amd64', os.version: '10.0', java.version: '1.8.0_92'
Driver info: org.openqa.selenium.firefox.FirefoxDriver
Command: [713c7f1b-a0b9-417f-a857-1b8cc3d128b5, sendKeysToElement {id=716a2ca7-82f9-403e-9b5f-83b30f6a8c12, value=[Ljava.lang.CharSequence;@75a955bf}]
Capabilities {acceptInsecureCerts: true, browserName: firefox, browserVersion: 95.0, javascriptEnabled: true, moz:accessibilityChecks: false, moz:buildID: 20211129150630, moz:debuggerAddress: localhost:51671, moz:geckodriverVersion: 0.30.0, moz:headless: false, moz:processID: 22688, moz:profile: C:\Users\aditya_dhaygude\Ap..., moz:shutdownTimeout: 60000, moz:useNonSpecCompliantPointerOrigin: false, moz:webdriverClick: true, pageLoadStrategy: normal, platform: WINDOWS, platformName: WINDOWS, platformVersion: 10.0, proxy: Proxy(), se:cdp: ws://localhost:51671/devtoo..., se:cdpVersion: 85, setWindowRect: true, strictFileInteractability: false, timeouts: {implicit: 0, pageLoad: 300000, script: 30000}, unhandledPromptBehavior: dismiss and notify}
Element: [[FirefoxDriver: firefox on WINDOWS (713c7f1b-a0b9-417f-a857-1b8cc3d128b5)] -> id: customer_zones]
Session ID: 713c7f1b-a0b9-417f-a857-1b8cc3d128b5
	at sun.reflect.NativeConstructorAccessorImpl.newInstance0(Native Method)
	at sun.reflect.NativeConstructorAccessorImpl.newInstance(NativeConstructorAccessorImpl.java:62)
	at sun.reflect.DelegatingConstructorAccessorImpl.newInstance(DelegatingConstructorAccessorImpl.java:45)
	at java.lang.reflect.Constructor.newInstance(Constructor.java:423)
	at org.openqa.selenium.remote.codec.w3c.W3CHttpResponseCodec.createException(W3CHttpResponseCodec.java:200)
	at org.openqa.selenium.remote.codec.w3c.W3CHttpResponseCodec.decode(W3CHttpResponseCodec.java:133)
	at org.openqa.selenium.remote.codec.w3c.W3CHttpResponseCodec.decode(W3CHttpResponseCodec.java:53)
	at org.openqa.selenium.remote.HttpCommandExecutor.execute(HttpCommandExecutor.java:184)
	at org.openqa.selenium.remote.service.DriverCommandExecutor.invokeExecute(DriverCommandExecutor.java:164)
	at org.openqa.selenium.remote.service.DriverCommandExecutor.execute(DriverCommandExecutor.java:139)
	at org.openqa.selenium.remote.RemoteWebDriver.execute(RemoteWebDriver.java:559)
	at org.openqa.selenium.remote.RemoteWebElement.execute(RemoteWebElement.java:251)
	at org.openqa.selenium.remote.RemoteWebElement.sendKeys(RemoteWebElement.java:107)
	at pages.DashboardPage.sendDataToField(DashboardPage.java:78)
	at testcases.DashboardTest.verifyChangeAddressButton(DashboardTest.java:206)
	at sun.reflect.NativeMethodAccessorImpl.invoke0(Native Method)
	at sun.reflect.NativeMethodAccessorImpl.invoke(NativeMethodAccessorImpl.java:62)
	at sun.reflect.DelegatingMethodAccessorImpl.invoke(DelegatingMethodAccessorImpl.java:43)
	at java.lang.reflect.Method.invoke(Method.java:498)
	at org.testng.internal.MethodInvocationHelper.invokeMethod(MethodInvocationHelper.java:108)
	at org.testng.internal.Invoker.invokeMethod(Invoker.java:661)
	at org.testng.internal.Invoker.invokeTestMethod(Invoker.java:869)
	at org.testng.internal.Invoker.invokeTestMethods(Invoker.java:1193)
	at org.testng.internal.TestMethodWorker.invokeTestMethods(TestMethodWorker.java:126)
	at org.testng.internal.TestMethodWorker.run(TestMethodWorker.java:109)
	at org.testng.TestRunner.privateRun(TestRunner.java:744)
	at org.testng.TestRunner.run(TestRunner.java:602)
	at org.testng.SuiteRunner.runTest(SuiteRunner.java:380)
	at org.testng.SuiteRunner.runSequentially(SuiteRunner.java:375)
	at org.testng.SuiteRunner.privateRun(SuiteRunner.java:340)
	at org.testng.SuiteRunner.run(SuiteRunner.java:289)
	at org.testng.SuiteRunnerWorker.runSuite(SuiteRunnerWorker.java:52)
	at org.testng.SuiteRunnerWorker.run(SuiteRunnerWorker.java:86)
	at org.testng.TestNG.runSuitesSequentially(TestNG.java:1301)
	at org.testng.TestNG.runSuitesLocally(TestNG.java:1226)
	at org.testng.TestNG.runSuites(TestNG.java:1144)
	at org.testng.TestNG.run(TestNG.java:1115)
	at org.testng.remote.AbstractRemoteTestNG.run(AbstractRemoteTestNG.java:132)
	at org.testng.remote.RemoteTestNG.initAndRun(RemoteTestNG.java:230)
	at org.testng.remote.RemoteTestNG.main(RemoteTestNG.java:76)
]]>
    </error>
  </testcase> <!-- verifyChangeAddressButton -->
  <testcase name="verifyLogoutLink" time="0.606" classname="testcases.DashboardTest"/>
  <testcase name="verifyChangeAddressButton" time="2.222" classname="testcases.DashboardTest"/>
  <testcase name="verifyMyAccountLink" time="1.595" classname="testcases.DashboardTest"/>
  <testcase name="verifyChangeAddressButton" time="2.218" classname="testcases.DashboardTest"/>
  <testcase name="verifyChangePasswordButton" time="1.653" classname="testcases.DashboardTest"/>
  <testcase name="verifyChangePasswordLink" time="1.849" classname="testcases.DashboardTest"/>
  <testcase name="verifyEditAddressLink" time="2.689" classname="testcases.DashboardTest"/>
  <testcase name="verifyChangePasswordButton" time="1.445" classname="testcases.DashboardTest"/>
  <testcase name="verifyBillingAndShippingInformationLink" time="4.637" classname="testcases.DashboardTest"/>
  <testcase name="verifyChangeAddressButton" time="3.091" classname="testcases.DashboardTest">
    <error type="org.openqa.selenium.interactions.MoveTargetOutOfBoundsException" message="(973, -215) is out of bounds of viewport width (1280) and height (595)
Build info: version: &#039;4.1.0&#039;, revision: &#039;87802e897b&#039;
System info: host: &#039;HJNZL001997&#039;, ip: &#039;192.168.83.131&#039;, os.name: &#039;Windows 10&#039;, os.arch: &#039;amd64&#039;, os.version: &#039;10.0&#039;, java.version: &#039;1.8.0_92&#039;
Driver info: org.openqa.selenium.firefox.FirefoxDriver
Command: [713c7f1b-a0b9-417f-a857-1b8cc3d128b5, actions {actions=[org.openqa.selenium.interactions.Sequence@5168f69d]}]
Capabilities {acceptInsecureCerts: true, browserName: firefox, browserVersion: 95.0, javascriptEnabled: true, moz:accessibilityChecks: false, moz:buildID: 20211129150630, moz:debuggerAddress: localhost:51671, moz:geckodriverVersion: 0.30.0, moz:headless: false, moz:processID: 22688, moz:profile: C:\Users\aditya_dhaygude\Ap..., moz:shutdownTimeout: 60000, moz:useNonSpecCompliantPointerOrigin: false, moz:webdriverClick: true, pageLoadStrategy: normal, platform: WINDOWS, platformName: WINDOWS, platformVersion: 10.0, proxy: Proxy(), se:cdp: ws://localhost:51671/devtoo..., se:cdpVersion: 85, setWindowRect: true, strictFileInteractability: false, timeouts: {implicit: 0, pageLoad: 300000, script: 30000}, unhandledPromptBehavior: dismiss and notify}
Session ID: 713c7f1b-a0b9-417f-a857-1b8cc3d128b5">
      <![CDATA[org.openqa.selenium.interactions.MoveTargetOutOfBoundsException: (973, -215) is out of bounds of viewport width (1280) and height (595)
Build info: version: '4.1.0', revision: '87802e897b'
System info: host: 'HJNZL001997', ip: '192.168.83.131', os.name: 'Windows 10', os.arch: 'amd64', os.version: '10.0', java.version: '1.8.0_92'
Driver info: org.openqa.selenium.firefox.FirefoxDriver
Command: [713c7f1b-a0b9-417f-a857-1b8cc3d128b5, actions {actions=[org.openqa.selenium.interactions.Sequence@5168f69d]}]
Capabilities {acceptInsecureCerts: true, browserName: firefox, browserVersion: 95.0, javascriptEnabled: true, moz:accessibilityChecks: false, moz:buildID: 20211129150630, moz:debuggerAddress: localhost:51671, moz:geckodriverVersion: 0.30.0, moz:headless: false, moz:processID: 22688, moz:profile: C:\Users\aditya_dhaygude\Ap..., moz:shutdownTimeout: 60000, moz:useNonSpecCompliantPointerOrigin: false, moz:webdriverClick: true, pageLoadStrategy: normal, platform: WINDOWS, platformName: WINDOWS, platformVersion: 10.0, proxy: Proxy(), se:cdp: ws://localhost:51671/devtoo..., se:cdpVersion: 85, setWindowRect: true, strictFileInteractability: false, timeouts: {implicit: 0, pageLoad: 300000, script: 30000}, unhandledPromptBehavior: dismiss and notify}
Session ID: 713c7f1b-a0b9-417f-a857-1b8cc3d128b5
	at sun.reflect.NativeConstructorAccessorImpl.newInstance0(Native Method)
	at sun.reflect.NativeConstructorAccessorImpl.newInstance(NativeConstructorAccessorImpl.java:62)
	at sun.reflect.DelegatingConstructorAccessorImpl.newInstance(DelegatingConstructorAccessorImpl.java:45)
	at java.lang.reflect.Constructor.newInstance(Constructor.java:423)
	at org.openqa.selenium.remote.codec.w3c.W3CHttpResponseCodec.createException(W3CHttpResponseCodec.java:200)
	at org.openqa.selenium.remote.codec.w3c.W3CHttpResponseCodec.decode(W3CHttpResponseCodec.java:133)
	at org.openqa.selenium.remote.codec.w3c.W3CHttpResponseCodec.decode(W3CHttpResponseCodec.java:53)
	at org.openqa.selenium.remote.HttpCommandExecutor.execute(HttpCommandExecutor.java:184)
	at org.openqa.selenium.remote.service.DriverCommandExecutor.invokeExecute(DriverCommandExecutor.java:164)
	at org.openqa.selenium.remote.service.DriverCommandExecutor.execute(DriverCommandExecutor.java:139)
	at org.openqa.selenium.remote.RemoteWebDriver.execute(RemoteWebDriver.java:559)
	at org.openqa.selenium.remote.RemoteWebDriver.perform(RemoteWebDriver.java:627)
	at org.openqa.selenium.interactions.Actions$BuiltAction.perform(Actions.java:617)
	at org.openqa.selenium.interactions.Actions.perform(Actions.java:573)
	at pages.DashboardPage.mouseHoverOnElement(DashboardPage.java:61)
	at testcases.DashboardTest.verifyChangeAddressButton(DashboardTest.java:217)
	at sun.reflect.NativeMethodAccessorImpl.invoke0(Native Method)
	at sun.reflect.NativeMethodAccessorImpl.invoke(NativeMethodAccessorImpl.java:62)
	at sun.reflect.DelegatingMethodAccessorImpl.invoke(DelegatingMethodAccessorImpl.java:43)
	at java.lang.reflect.Method.invoke(Method.java:498)
	at org.testng.internal.MethodInvocationHelper.invokeMethod(MethodInvocationHelper.java:108)
	at org.testng.internal.Invoker.invokeMethod(Invoker.java:661)
	at org.testng.internal.Invoker.invokeTestMethod(Invoker.java:869)
	at org.testng.internal.Invoker.invokeTestMethods(Invoker.java:1193)
	at org.testng.internal.TestMethodWorker.invokeTestMethods(TestMethodWorker.java:126)
	at org.testng.internal.TestMethodWorker.run(TestMethodWorker.java:109)
	at org.testng.TestRunner.privateRun(TestRunner.java:744)
	at org.testng.TestRunner.run(TestRunner.java:602)
	at org.testng.SuiteRunner.runTest(SuiteRunner.java:380)
	at org.testng.SuiteRunner.runSequentially(SuiteRunner.java:375)
	at org.testng.SuiteRunner.privateRun(SuiteRunner.java:340)
	at org.testng.SuiteRunner.run(SuiteRunner.java:289)
	at org.testng.SuiteRunnerWorker.runSuite(SuiteRunnerWorker.java:52)
	at org.testng.SuiteRunnerWorker.run(SuiteRunnerWorker.java:86)
	at org.testng.TestNG.runSuitesSequentially(TestNG.java:1301)
	at org.testng.TestNG.runSuitesLocally(TestNG.java:1226)
	at org.testng.TestNG.runSuites(TestNG.java:1144)
	at org.testng.TestNG.run(TestNG.java:1115)
	at org.testng.remote.AbstractRemoteTestNG.run(AbstractRemoteTestNG.java:132)
	at org.testng.remote.RemoteTestNG.initAndRun(RemoteTestNG.java:230)
	at org.testng.remote.RemoteTestNG.main(RemoteTestNG.java:76)
]]>
    </error>
  </testcase> <!-- verifyChangeAddressButton -->
  <testcase name="verifyChangePasswordButton" time="2.583" classname="testcases.DashboardTest"/>
  <testcase name="verifyRecentOrdersLink" time="1.971" classname="testcases.DashboardTest"/>
  <testcase name="verifyChangePasswordButton" time="1.978" classname="testcases.DashboardTest"/>
  <testcase name="verifyLogoutLink" time="1.477" classname="testcases.DashboardTest"/>
  <testcase name="verifyChangePasswordLink" time="1.225" classname="testcases.DashboardTest"/>
  <testcase name="verifyMyAccountLink" time="0.647" classname="testcases.DashboardTest"/>
  <testcase name="verifyChangePasswordButton" time="2.459" classname="testcases.DashboardTest"/>
  <testcase name="verifyRecentOrdersLink" time="1.293" classname="testcases.DashboardTest"/>
  <testcase name="verifyChangeAddressButton" time="2.608" classname="testcases.DashboardTest">
    <error type="org.openqa.selenium.ElementNotInteractableException" message="Element &lt;select id=&quot;customer_zones&quot; class=&quot;billing-zone-list form-control form-control-lg&quot; name=&quot;zone&quot;&gt; is not reachable by keyboard
Build info: version: &#039;4.1.0&#039;, revision: &#039;87802e897b&#039;
System info: host: &#039;HJNZL001997&#039;, ip: &#039;192.168.83.131&#039;, os.name: &#039;Windows 10&#039;, os.arch: &#039;amd64&#039;, os.version: &#039;10.0&#039;, java.version: &#039;1.8.0_92&#039;
Driver info: org.openqa.selenium.firefox.FirefoxDriver
Command: [713c7f1b-a0b9-417f-a857-1b8cc3d128b5, sendKeysToElement {id=202a7d55-5406-4274-bee6-da855f5fe8de, value=[Ljava.lang.CharSequence;@5323b690}]
Capabilities {acceptInsecureCerts: true, browserName: firefox, browserVersion: 95.0, javascriptEnabled: true, moz:accessibilityChecks: false, moz:buildID: 20211129150630, moz:debuggerAddress: localhost:51671, moz:geckodriverVersion: 0.30.0, moz:headless: false, moz:processID: 22688, moz:profile: C:\Users\aditya_dhaygude\Ap..., moz:shutdownTimeout: 60000, moz:useNonSpecCompliantPointerOrigin: false, moz:webdriverClick: true, pageLoadStrategy: normal, platform: WINDOWS, platformName: WINDOWS, platformVersion: 10.0, proxy: Proxy(), se:cdp: ws://localhost:51671/devtoo..., se:cdpVersion: 85, setWindowRect: true, strictFileInteractability: false, timeouts: {implicit: 0, pageLoad: 300000, script: 30000}, unhandledPromptBehavior: dismiss and notify}
Element: [[FirefoxDriver: firefox on WINDOWS (713c7f1b-a0b9-417f-a857-1b8cc3d128b5)] -&gt; id: customer_zones]
Session ID: 713c7f1b-a0b9-417f-a857-1b8cc3d128b5">
      <![CDATA[org.openqa.selenium.ElementNotInteractableException: Element <select id="customer_zones" class="billing-zone-list form-control form-control-lg" name="zone"> is not reachable by keyboard
Build info: version: '4.1.0', revision: '87802e897b'
System info: host: 'HJNZL001997', ip: '192.168.83.131', os.name: 'Windows 10', os.arch: 'amd64', os.version: '10.0', java.version: '1.8.0_92'
Driver info: org.openqa.selenium.firefox.FirefoxDriver
Command: [713c7f1b-a0b9-417f-a857-1b8cc3d128b5, sendKeysToElement {id=202a7d55-5406-4274-bee6-da855f5fe8de, value=[Ljava.lang.CharSequence;@5323b690}]
Capabilities {acceptInsecureCerts: true, browserName: firefox, browserVersion: 95.0, javascriptEnabled: true, moz:accessibilityChecks: false, moz:buildID: 20211129150630, moz:debuggerAddress: localhost:51671, moz:geckodriverVersion: 0.30.0, moz:headless: false, moz:processID: 22688, moz:profile: C:\Users\aditya_dhaygude\Ap..., moz:shutdownTimeout: 60000, moz:useNonSpecCompliantPointerOrigin: false, moz:webdriverClick: true, pageLoadStrategy: normal, platform: WINDOWS, platformName: WINDOWS, platformVersion: 10.0, proxy: Proxy(), se:cdp: ws://localhost:51671/devtoo..., se:cdpVersion: 85, setWindowRect: true, strictFileInteractability: false, timeouts: {implicit: 0, pageLoad: 300000, script: 30000}, unhandledPromptBehavior: dismiss and notify}
Element: [[FirefoxDriver: firefox on WINDOWS (713c7f1b-a0b9-417f-a857-1b8cc3d128b5)] -> id: customer_zones]
Session ID: 713c7f1b-a0b9-417f-a857-1b8cc3d128b5
	at sun.reflect.NativeConstructorAccessorImpl.newInstance0(Native Method)
	at sun.reflect.NativeConstructorAccessorImpl.newInstance(NativeConstructorAccessorImpl.java:62)
	at sun.reflect.DelegatingConstructorAccessorImpl.newInstance(DelegatingConstructorAccessorImpl.java:45)
	at java.lang.reflect.Constructor.newInstance(Constructor.java:423)
	at org.openqa.selenium.remote.codec.w3c.W3CHttpResponseCodec.createException(W3CHttpResponseCodec.java:200)
	at org.openqa.selenium.remote.codec.w3c.W3CHttpResponseCodec.decode(W3CHttpResponseCodec.java:133)
	at org.openqa.selenium.remote.codec.w3c.W3CHttpResponseCodec.decode(W3CHttpResponseCodec.java:53)
	at org.openqa.selenium.remote.HttpCommandExecutor.execute(HttpCommandExecutor.java:184)
	at org.openqa.selenium.remote.service.DriverCommandExecutor.invokeExecute(DriverCommandExecutor.java:164)
	at org.openqa.selenium.remote.service.DriverCommandExecutor.execute(DriverCommandExecutor.java:139)
	at org.openqa.selenium.remote.RemoteWebDriver.execute(RemoteWebDriver.java:559)
	at org.openqa.selenium.remote.RemoteWebElement.execute(RemoteWebElement.java:251)
	at org.openqa.selenium.remote.RemoteWebElement.sendKeys(RemoteWebElement.java:107)
	at pages.DashboardPage.sendDataToField(DashboardPage.java:78)
	at testcases.DashboardTest.verifyChangeAddressButton(DashboardTest.java:206)
	at sun.reflect.NativeMethodAccessorImpl.invoke0(Native Method)
	at sun.reflect.NativeMethodAccessorImpl.invoke(NativeMethodAccessorImpl.java:62)
	at sun.reflect.DelegatingMethodAccessorImpl.invoke(DelegatingMethodAccessorImpl.java:43)
	at java.lang.reflect.Method.invoke(Method.java:498)
	at org.testng.internal.MethodInvocationHelper.invokeMethod(MethodInvocationHelper.java:108)
	at org.testng.internal.Invoker.invokeMethod(Invoker.java:661)
	at org.testng.internal.Invoker.invokeTestMethod(Invoker.java:869)
	at org.testng.internal.Invoker.invokeTestMethods(Invoker.java:1193)
	at org.testng.internal.TestMethodWorker.invokeTestMethods(TestMethodWorker.java:126)
	at org.testng.internal.TestMethodWorker.run(TestMethodWorker.java:109)
	at org.testng.TestRunner.privateRun(TestRunner.java:744)
	at org.testng.TestRunner.run(TestRunner.java:602)
	at org.testng.SuiteRunner.runTest(SuiteRunner.java:380)
	at org.testng.SuiteRunner.runSequentially(SuiteRunner.java:375)
	at org.testng.SuiteRunner.privateRun(SuiteRunner.java:340)
	at org.testng.SuiteRunner.run(SuiteRunner.java:289)
	at org.testng.SuiteRunnerWorker.runSuite(SuiteRunnerWorker.java:52)
	at org.testng.SuiteRunnerWorker.run(SuiteRunnerWorker.java:86)
	at org.testng.TestNG.runSuitesSequentially(TestNG.java:1301)
	at org.testng.TestNG.runSuitesLocally(TestNG.java:1226)
	at org.testng.TestNG.runSuites(TestNG.java:1144)
	at org.testng.TestNG.run(TestNG.java:1115)
	at org.testng.remote.AbstractRemoteTestNG.run(AbstractRemoteTestNG.java:132)
	at org.testng.remote.RemoteTestNG.initAndRun(RemoteTestNG.java:230)
	at org.testng.remote.RemoteTestNG.main(RemoteTestNG.java:76)
]]>
    </error>
  </testcase> <!-- verifyChangeAddressButton -->
</testsuite> <!-- testcases.DashboardTest -->
